mode: set
github.com/shulganew/shear.git/internal/config/config.go:28.27,54.11 17 0
github.com/shulganew/shear.git/internal/config/config.go:54.11,57.3 2 0
github.com/shulganew/shear.git/internal/config/config.go:57.8,59.3 1 0
github.com/shulganew/shear.git/internal/config/config.go:62.2,64.11 2 0
github.com/shulganew/shear.git/internal/config/config.go:64.11,68.3 3 0
github.com/shulganew/shear.git/internal/config/config.go:68.8,68.24 1 0
github.com/shulganew/shear.git/internal/config/config.go:68.24,73.3 4 0
github.com/shulganew/shear.git/internal/config/config.go:76.2,77.11 2 0
github.com/shulganew/shear.git/internal/config/config.go:77.11,81.3 3 0
github.com/shulganew/shear.git/internal/config/config.go:81.8,81.25 1 0
github.com/shulganew/shear.git/internal/config/config.go:81.25,85.3 3 0
github.com/shulganew/shear.git/internal/config/config.go:85.8,88.3 2 0
github.com/shulganew/shear.git/internal/config/config.go:90.2,91.16 2 0
github.com/shulganew/shear.git/internal/config/ctxvalues.go:13.60,15.2 1 0
github.com/shulganew/shear.git/internal/config/ctxvalues.go:18.39,20.2 1 0
github.com/shulganew/shear.git/internal/config/ctxvalues.go:23.37,25.2 1 0
github.com/shulganew/shear.git/internal/entities/short.go:26.90,28.16 2 0
github.com/shulganew/shear.git/internal/entities/short.go:28.16,30.3 1 0
github.com/shulganew/shear.git/internal/entities/short.go:31.2,31.109 1 0
github.com/shulganew/shear.git/internal/app/init.go:28.176,32.28 3 0
github.com/shulganew/shear.git/internal/app/init.go:32.28,35.17 2 0
github.com/shulganew/shear.git/internal/app/init.go:35.17,40.4 3 0
github.com/shulganew/shear.git/internal/app/init.go:42.3,42.41 1 0
github.com/shulganew/shear.git/internal/app/init.go:43.8,47.3 2 0
github.com/shulganew/shear.git/internal/app/init.go:49.2,54.19 3 0
github.com/shulganew/shear.git/internal/app/init.go:54.19,60.17 4 0
github.com/shulganew/shear.git/internal/app/init.go:60.17,62.4 1 0
github.com/shulganew/shear.git/internal/app/init.go:65.3,65.27 1 0
github.com/shulganew/shear.git/internal/app/init.go:68.2,70.27 3 0
github.com/shulganew/shear.git/internal/app/init.go:76.69,80.12 4 0
github.com/shulganew/shear.git/internal/app/init.go:80.12,84.3 2 0
github.com/shulganew/shear.git/internal/app/init.go:85.2,85.8 1 0
github.com/shulganew/shear.git/internal/app/init.go:89.34,91.16 2 0
github.com/shulganew/shear.git/internal/app/init.go:91.16,93.13 1 0
github.com/shulganew/shear.git/internal/app/init.go:95.2,99.14 5 0
github.com/shulganew/shear.git/internal/app/init.go:103.70,105.16 2 0
github.com/shulganew/shear.git/internal/app/init.go:105.16,107.3 1 0
github.com/shulganew/shear.git/internal/app/init.go:108.2,108.8 1 0
github.com/shulganew/shear.git/internal/app/init.go:112.91,117.2 3 0
github.com/shulganew/shear.git/docs/docs.go:259.13,261.2 1 0
github.com/shulganew/shear.git/cmd/shortener/main.go:29.13,38.15 7 0
github.com/shulganew/shear.git/cmd/shortener/main.go:38.15,40.17 2 0
github.com/shulganew/shear.git/cmd/shortener/main.go:40.17,44.4 3 0
github.com/shulganew/shear.git/cmd/shortener/main.go:45.3,45.19 1 0
github.com/shulganew/shear.git/cmd/shortener/main.go:49.2,57.130 5 0
github.com/shulganew/shear.git/cmd/shortener/main.go:57.130,59.7 1 0
github.com/shulganew/shear.git/cmd/shortener/main.go:59.7,60.11 1 0
github.com/shulganew/shear.git/cmd/shortener/main.go:61.22,64.22 3 0
github.com/shulganew/shear.git/cmd/shortener/main.go:64.22,66.6 1 0
github.com/shulganew/shear.git/cmd/shortener/main.go:67.5,67.15 1 0
github.com/shulganew/shear.git/cmd/shortener/main.go:68.31,69.37 1 0
github.com/shulganew/shear.git/cmd/shortener/main.go:75.2,75.109 1 0
github.com/shulganew/shear.git/cmd/shortener/main.go:75.109,76.13 1 0
github.com/shulganew/shear.git/cmd/staticlint/docgen.go:10.46,28.30 4 0
github.com/shulganew/shear.git/cmd/staticlint/docgen.go:28.30,34.3 5 0
github.com/shulganew/shear.git/cmd/staticlint/docgen.go:37.2,41.16 3 0
github.com/shulganew/shear.git/cmd/staticlint/docgen.go:41.16,42.13 1 0
github.com/shulganew/shear.git/cmd/staticlint/docgen.go:44.2,44.15 1 0
github.com/shulganew/shear.git/cmd/staticlint/docgen.go:44.15,45.38 1 0
github.com/shulganew/shear.git/cmd/staticlint/docgen.go:45.38,46.14 1 0
github.com/shulganew/shear.git/cmd/staticlint/docgen.go:50.2,53.14 4 0
github.com/shulganew/shear.git/cmd/staticlint/main.go:66.13,78.42 6 0
github.com/shulganew/shear.git/cmd/staticlint/main.go:78.42,79.47 1 0
github.com/shulganew/shear.git/cmd/staticlint/main.go:79.47,81.4 1 0
github.com/shulganew/shear.git/cmd/staticlint/main.go:85.2,92.39 3 0
github.com/shulganew/shear.git/cmd/staticlint/main.go:92.39,93.29 1 0
github.com/shulganew/shear.git/cmd/staticlint/main.go:93.29,95.4 1 0
github.com/shulganew/shear.git/cmd/staticlint/main.go:99.2,118.12 11 0
github.com/shulganew/shear.git/cmd/staticlint/main.go:118.12,125.3 5 0
github.com/shulganew/shear.git/cmd/staticlint/main.go:125.8,129.3 2 0
github.com/shulganew/shear.git/cmd/staticlint/main.go:133.52,135.34 2 0
github.com/shulganew/shear.git/cmd/staticlint/main.go:135.34,138.42 3 0
github.com/shulganew/shear.git/cmd/staticlint/main.go:138.42,139.12 1 0
github.com/shulganew/shear.git/cmd/staticlint/main.go:142.3,142.46 1 0
github.com/shulganew/shear.git/cmd/staticlint/main.go:142.46,143.37 1 0
github.com/shulganew/shear.git/cmd/staticlint/main.go:143.37,144.30 1 0
github.com/shulganew/shear.git/cmd/staticlint/main.go:144.30,146.51 1 0
github.com/shulganew/shear.git/cmd/staticlint/main.go:146.51,147.47 1 0
github.com/shulganew/shear.git/cmd/staticlint/main.go:147.47,148.34 1 0
github.com/shulganew/shear.git/cmd/staticlint/main.go:148.34,150.55 1 0
github.com/shulganew/shear.git/cmd/staticlint/main.go:150.55,152.46 1 0
github.com/shulganew/shear.git/cmd/staticlint/main.go:152.46,154.11 1 0
github.com/shulganew/shear.git/cmd/staticlint/main.go:155.10,155.53 1 0
github.com/shulganew/shear.git/cmd/staticlint/main.go:155.53,156.47 1 0
github.com/shulganew/shear.git/cmd/staticlint/main.go:156.47,157.57 1 0
github.com/shulganew/shear.git/cmd/staticlint/main.go:157.57,159.13 1 0
github.com/shulganew/shear.git/cmd/staticlint/main.go:162.10,162.21 1 0
github.com/shulganew/shear.git/cmd/staticlint/main.go:164.9,164.21 1 0
github.com/shulganew/shear.git/cmd/staticlint/main.go:167.7,167.18 1 0
github.com/shulganew/shear.git/cmd/staticlint/main.go:169.6,169.18 1 0
github.com/shulganew/shear.git/cmd/staticlint/main.go:172.4,172.15 1 0
github.com/shulganew/shear.git/cmd/staticlint/main.go:175.2,175.17 1 0
github.com/shulganew/shear.git/docs/docs.go:259.13,261.2 1 0
github.com/shulganew/shear.git/internal/app/init.go:28.176,32.28 3 0
github.com/shulganew/shear.git/internal/app/init.go:32.28,35.17 2 0
github.com/shulganew/shear.git/internal/app/init.go:35.17,40.4 3 0
github.com/shulganew/shear.git/internal/app/init.go:42.3,42.41 1 0
github.com/shulganew/shear.git/internal/app/init.go:43.8,47.3 2 0
github.com/shulganew/shear.git/internal/app/init.go:49.2,54.19 3 0
github.com/shulganew/shear.git/internal/app/init.go:54.19,60.17 4 0
github.com/shulganew/shear.git/internal/app/init.go:60.17,62.4 1 0
github.com/shulganew/shear.git/internal/app/init.go:65.3,65.27 1 0
github.com/shulganew/shear.git/internal/app/init.go:68.2,70.27 3 0
github.com/shulganew/shear.git/internal/app/init.go:76.69,80.12 4 0
github.com/shulganew/shear.git/internal/app/init.go:80.12,84.3 2 0
github.com/shulganew/shear.git/internal/app/init.go:85.2,85.8 1 0
github.com/shulganew/shear.git/internal/app/init.go:89.34,91.16 2 0
github.com/shulganew/shear.git/internal/app/init.go:91.16,93.13 1 0
github.com/shulganew/shear.git/internal/app/init.go:95.2,99.14 5 0
github.com/shulganew/shear.git/internal/app/init.go:103.70,105.16 2 0
github.com/shulganew/shear.git/internal/app/init.go:105.16,107.3 1 0
github.com/shulganew/shear.git/internal/app/init.go:108.2,108.8 1 0
github.com/shulganew/shear.git/internal/app/init.go:112.91,117.2 3 0
github.com/shulganew/shear.git/internal/config/config.go:28.27,54.11 17 1
github.com/shulganew/shear.git/internal/config/config.go:54.11,57.3 2 0
github.com/shulganew/shear.git/internal/config/config.go:57.8,59.3 1 1
github.com/shulganew/shear.git/internal/config/config.go:62.2,64.11 2 1
github.com/shulganew/shear.git/internal/config/config.go:64.11,68.3 3 1
github.com/shulganew/shear.git/internal/config/config.go:68.8,68.24 1 0
github.com/shulganew/shear.git/internal/config/config.go:68.24,73.3 4 0
github.com/shulganew/shear.git/internal/config/config.go:76.2,77.11 2 1
github.com/shulganew/shear.git/internal/config/config.go:77.11,81.3 3 1
github.com/shulganew/shear.git/internal/config/config.go:81.8,81.25 1 0
github.com/shulganew/shear.git/internal/config/config.go:81.25,85.3 3 0
github.com/shulganew/shear.git/internal/config/config.go:85.8,88.3 2 0
github.com/shulganew/shear.git/internal/config/config.go:90.2,91.16 2 1
github.com/shulganew/shear.git/internal/config/ctxvalues.go:13.60,15.2 1 0
github.com/shulganew/shear.git/internal/config/ctxvalues.go:18.39,20.2 1 0
github.com/shulganew/shear.git/internal/config/ctxvalues.go:23.37,25.2 1 0
github.com/shulganew/shear.git/internal/entities/short.go:26.90,28.16 2 0
github.com/shulganew/shear.git/internal/entities/short.go:28.16,30.3 1 0
github.com/shulganew/shear.git/internal/entities/short.go:31.2,31.109 1 0
github.com/shulganew/shear.git/internal/service/delete.go:17.93,19.2 1 0
github.com/shulganew/shear.git/internal/service/delete.go:28.62,31.2 2 0
github.com/shulganew/shear.git/internal/service/delete.go:34.99,37.26 2 0
github.com/shulganew/shear.git/internal/service/delete.go:37.26,39.3 1 0
github.com/shulganew/shear.git/internal/service/delete.go:40.2,41.16 2 0
github.com/shulganew/shear.git/internal/service/delete.go:45.44,47.12 2 0
github.com/shulganew/shear.git/internal/service/delete.go:47.12,49.30 2 0
github.com/shulganew/shear.git/internal/service/delete.go:49.30,51.4 1 0
github.com/shulganew/shear.git/internal/service/delete.go:53.2,53.16 1 0
github.com/shulganew/shear.git/internal/service/shortener.go:41.46,43.2 1 1
github.com/shulganew/shear.git/internal/service/shortener.go:46.89,48.16 2 0
github.com/shulganew/shear.git/internal/service/shortener.go:48.16,50.3 1 0
github.com/shulganew/shear.git/internal/service/shortener.go:51.2,51.12 1 0
github.com/shulganew/shear.git/internal/service/shortener.go:55.83,57.16 2 0
github.com/shulganew/shear.git/internal/service/shortener.go:57.16,59.3 1 0
github.com/shulganew/shear.git/internal/service/shortener.go:60.2,60.12 1 0
github.com/shulganew/shear.git/internal/service/shortener.go:64.108,66.2 1 0
github.com/shulganew/shear.git/internal/service/shortener.go:69.107,71.2 1 0
github.com/shulganew/shear.git/internal/service/shortener.go:74.72,76.2 1 1
github.com/shulganew/shear.git/internal/service/shortener.go:79.91,81.2 1 0
github.com/shulganew/shear.git/internal/service/shortener.go:84.79,85.32 1 0
github.com/shulganew/shear.git/internal/service/shortener.go:85.32,87.3 1 0
github.com/shulganew/shear.git/internal/service/shortener.go:91.71,93.2 1 0
github.com/shulganew/shear.git/internal/service/shortener.go:96.107,102.16 3 1
github.com/shulganew/shear.git/internal/service/shortener.go:102.16,104.3 1 0
github.com/shulganew/shear.git/internal/service/shortener.go:105.2,106.16 2 1
github.com/shulganew/shear.git/internal/service/shortener.go:106.16,108.3 1 0
github.com/shulganew/shear.git/internal/service/shortener.go:109.2,109.8 1 1
github.com/shulganew/shear.git/internal/service/shortener.go:113.122,123.16 9 0
github.com/shulganew/shear.git/internal/service/shortener.go:123.16,125.3 1 0
github.com/shulganew/shear.git/internal/service/shortener.go:126.2,126.8 1 0
github.com/shulganew/shear.git/internal/service/shortener.go:130.37,133.35 3 0
github.com/shulganew/shear.git/internal/service/shortener.go:133.35,135.3 1 0
github.com/shulganew/shear.git/internal/service/shortener.go:136.2,136.18 1 0
github.com/shulganew/shear.git/internal/service/shortener.go:142.33,146.35 4 1
github.com/shulganew/shear.git/internal/service/shortener.go:146.35,148.3 1 1
github.com/shulganew/shear.git/internal/service/shortener.go:149.2,149.20 1 1
github.com/shulganew/shear.git/internal/service/shortener.go:153.78,156.16 2 1
github.com/shulganew/shear.git/internal/service/shortener.go:156.16,158.3 1 1
github.com/shulganew/shear.git/internal/service/shortener.go:160.2,161.16 2 0
github.com/shulganew/shear.git/internal/service/shortener.go:161.16,163.3 1 0
github.com/shulganew/shear.git/internal/service/shortener.go:166.2,167.16 2 0
github.com/shulganew/shear.git/internal/service/shortener.go:167.16,169.3 1 0
github.com/shulganew/shear.git/internal/service/shortener.go:170.2,170.21 1 0
github.com/shulganew/shear.git/internal/service/shortener.go:175.76,177.16 2 1
github.com/shulganew/shear.git/internal/service/shortener.go:177.16,180.3 2 0
github.com/shulganew/shear.git/internal/service/shortener.go:182.2,184.16 2 1
github.com/shulganew/shear.git/internal/service/shortener.go:184.16,186.3 1 0
github.com/shulganew/shear.git/internal/service/shortener.go:188.2,191.16 3 1
github.com/shulganew/shear.git/internal/service/shortener.go:191.16,194.3 2 1
github.com/shulganew/shear.git/internal/service/shortener.go:195.2,195.31 1 1
github.com/shulganew/shear.git/internal/service/shortener.go:199.76,202.16 3 1
github.com/shulganew/shear.git/internal/service/shortener.go:202.16,205.3 2 0
github.com/shulganew/shear.git/internal/service/shortener.go:207.2,208.54 2 1
github.com/shulganew/shear.git/internal/service/shortener.go:212.82,216.16 3 1
github.com/shulganew/shear.git/internal/service/shortener.go:216.16,219.3 2 0
github.com/shulganew/shear.git/internal/service/shortener.go:221.2,222.16 2 1
github.com/shulganew/shear.git/internal/service/shortener.go:222.16,225.3 2 0
github.com/shulganew/shear.git/internal/service/shortener.go:227.2,230.8 4 1
github.com/shulganew/shear.git/internal/storage/db.go:23.62,27.2 3 0
github.com/shulganew/shear.git/internal/storage/db.go:30.78,32.16 2 0
github.com/shulganew/shear.git/internal/storage/db.go:32.16,35.72 2 0
github.com/shulganew/shear.git/internal/storage/db.go:35.72,37.54 1 0
github.com/shulganew/shear.git/internal/storage/db.go:37.54,40.35 1 0
github.com/shulganew/shear.git/internal/storage/db.go:40.35,43.6 2 0
github.com/shulganew/shear.git/internal/storage/db.go:44.5,45.53 2 0
github.com/shulganew/shear.git/internal/storage/db.go:50.3,50.27 1 0
github.com/shulganew/shear.git/internal/storage/db.go:50.27,53.4 1 0
github.com/shulganew/shear.git/internal/storage/db.go:54.3,54.13 1 0
github.com/shulganew/shear.git/internal/storage/db.go:56.2,56.12 1 0
github.com/shulganew/shear.git/internal/storage/db.go:60.76,62.16 2 0
github.com/shulganew/shear.git/internal/storage/db.go:62.16,64.3 1 0
github.com/shulganew/shear.git/internal/storage/db.go:66.2,67.16 2 0
github.com/shulganew/shear.git/internal/storage/db.go:67.16,69.3 1 0
github.com/shulganew/shear.git/internal/storage/db.go:71.2,71.31 1 0
github.com/shulganew/shear.git/internal/storage/db.go:71.31,73.17 2 0
github.com/shulganew/shear.git/internal/storage/db.go:73.17,76.73 2 0
github.com/shulganew/shear.git/internal/storage/db.go:76.73,78.61 1 0
github.com/shulganew/shear.git/internal/storage/db.go:78.61,81.6 1 0
github.com/shulganew/shear.git/internal/storage/db.go:83.4,84.14 2 0
github.com/shulganew/shear.git/internal/storage/db.go:88.2,89.16 2 0
github.com/shulganew/shear.git/internal/storage/db.go:89.16,91.3 1 0
github.com/shulganew/shear.git/internal/storage/db.go:92.2,92.12 1 0
github.com/shulganew/shear.git/internal/storage/db.go:96.108,100.16 4 0
github.com/shulganew/shear.git/internal/storage/db.go:100.16,101.27 1 0
github.com/shulganew/shear.git/internal/storage/db.go:101.27,103.4 1 0
github.com/shulganew/shear.git/internal/storage/db.go:104.3,104.23 1 0
github.com/shulganew/shear.git/internal/storage/db.go:106.2,106.44 1 0
github.com/shulganew/shear.git/internal/storage/db.go:110.107,115.16 4 0
github.com/shulganew/shear.git/internal/storage/db.go:115.16,116.27 1 0
github.com/shulganew/shear.git/internal/storage/db.go:116.27,118.4 1 0
github.com/shulganew/shear.git/internal/storage/db.go:119.3,119.23 1 0
github.com/shulganew/shear.git/internal/storage/db.go:122.2,122.43 1 0
github.com/shulganew/shear.git/internal/storage/db.go:126.62,128.16 2 0
github.com/shulganew/shear.git/internal/storage/db.go:128.16,130.3 1 0
github.com/shulganew/shear.git/internal/storage/db.go:132.2,135.18 3 0
github.com/shulganew/shear.git/internal/storage/db.go:135.18,138.17 3 0
github.com/shulganew/shear.git/internal/storage/db.go:138.17,140.4 1 0
github.com/shulganew/shear.git/internal/storage/db.go:142.3,142.33 1 0
github.com/shulganew/shear.git/internal/storage/db.go:145.2,146.16 2 0
github.com/shulganew/shear.git/internal/storage/db.go:146.16,148.3 1 0
github.com/shulganew/shear.git/internal/storage/db.go:150.2,150.15 1 0
github.com/shulganew/shear.git/internal/storage/db.go:154.81,156.16 2 0
github.com/shulganew/shear.git/internal/storage/db.go:156.16,158.3 1 0
github.com/shulganew/shear.git/internal/storage/db.go:159.2,162.18 3 0
github.com/shulganew/shear.git/internal/storage/db.go:162.18,165.17 3 0
github.com/shulganew/shear.git/internal/storage/db.go:165.17,167.4 1 0
github.com/shulganew/shear.git/internal/storage/db.go:169.3,169.33 1 0
github.com/shulganew/shear.git/internal/storage/db.go:171.2,172.16 2 0
github.com/shulganew/shear.git/internal/storage/db.go:172.16,174.3 1 0
github.com/shulganew/shear.git/internal/storage/db.go:175.2,175.15 1 0
github.com/shulganew/shear.git/internal/storage/db.go:179.94,183.24 3 0
github.com/shulganew/shear.git/internal/storage/db.go:183.24,185.3 1 0
github.com/shulganew/shear.git/internal/storage/db.go:187.2,193.16 3 0
github.com/shulganew/shear.git/internal/storage/db.go:193.16,195.3 1 0
github.com/shulganew/shear.git/internal/storage/db.go:196.2,196.8 1 0
github.com/shulganew/shear.git/internal/storage/db.go:200.67,206.16 4 0
github.com/shulganew/shear.git/internal/storage/db.go:206.16,208.3 1 0
github.com/shulganew/shear.git/internal/storage/db.go:209.2,210.18 2 0
github.com/shulganew/shear.git/internal/storage/db.go:214.81,216.16 2 0
github.com/shulganew/shear.git/internal/storage/db.go:216.16,219.3 2 0
github.com/shulganew/shear.git/internal/storage/db.go:220.2,220.12 1 0
github.com/shulganew/shear.git/internal/storage/db.go:224.50,229.2 4 0
github.com/shulganew/shear.git/internal/storage/errors.go:18.84,20.2 1 0
github.com/shulganew/shear.git/internal/storage/errors.go:23.44,25.2 1 0
github.com/shulganew/shear.git/internal/storage/errors.go:28.44,30.2 1 0
github.com/shulganew/shear.git/internal/storage/errors.go:40.106,42.2 1 0
github.com/shulganew/shear.git/internal/storage/errors.go:45.46,47.2 1 0
github.com/shulganew/shear.git/internal/storage/errors.go:50.46,52.2 1 0
github.com/shulganew/shear.git/internal/storage/memory.go:16.26,18.2 1 0
github.com/shulganew/shear.git/internal/storage/memory.go:21.85,26.2 3 0
github.com/shulganew/shear.git/internal/storage/memory.go:29.77,32.2 2 0
github.com/shulganew/shear.git/internal/storage/memory.go:35.109,36.66 1 0
github.com/shulganew/shear.git/internal/storage/memory.go:36.66,36.93 1 0
github.com/shulganew/shear.git/internal/storage/memory.go:37.2,37.14 1 0
github.com/shulganew/shear.git/internal/storage/memory.go:37.14,41.3 3 0
github.com/shulganew/shear.git/internal/storage/memory.go:42.2,42.8 1 0
github.com/shulganew/shear.git/internal/storage/memory.go:46.108,47.66 1 0
github.com/shulganew/shear.git/internal/storage/memory.go:47.66,47.95 1 0
github.com/shulganew/shear.git/internal/storage/memory.go:48.2,48.14 1 0
github.com/shulganew/shear.git/internal/storage/memory.go:48.14,52.3 3 0
github.com/shulganew/shear.git/internal/storage/memory.go:53.2,53.8 1 0
github.com/shulganew/shear.git/internal/storage/memory.go:58.63,60.2 1 0
github.com/shulganew/shear.git/internal/storage/memory.go:63.82,65.36 2 0
github.com/shulganew/shear.git/internal/storage/memory.go:65.36,67.17 2 0
github.com/shulganew/shear.git/internal/storage/memory.go:67.17,68.20 1 0
github.com/shulganew/shear.git/internal/storage/memory.go:68.20,70.5 1 0
github.com/shulganew/shear.git/internal/storage/memory.go:73.2,73.15 1 0
github.com/shulganew/shear.git/internal/storage/memory.go:77.89,78.31 1 0
github.com/shulganew/shear.git/internal/storage/memory.go:78.31,79.67 1 0
github.com/shulganew/shear.git/internal/storage/memory.go:79.67,79.121 1 0
github.com/shulganew/shear.git/internal/storage/memory.go:80.3,80.15 1 0
github.com/shulganew/shear.git/internal/storage/memory.go:80.15,82.4 1 0
github.com/shulganew/shear.git/internal/storage/memory.go:84.2,84.12 1 0
github.com/shulganew/shear.git/internal/web/handlers/batch.go:25.81,28.2 1 0
github.com/shulganew/shear.git/internal/web/handlers/batch.go:41.77,44.16 2 0
github.com/shulganew/shear.git/internal/web/handlers/batch.go:44.16,46.3 1 0
github.com/shulganew/shear.git/internal/web/handlers/batch.go:48.2,49.67 2 0
github.com/shulganew/shear.git/internal/web/handlers/batch.go:49.67,53.3 3 0
github.com/shulganew/shear.git/internal/web/handlers/batch.go:55.2,57.29 3 0
github.com/shulganew/shear.git/internal/web/handlers/batch.go:57.29,60.17 3 0
github.com/shulganew/shear.git/internal/web/handlers/batch.go:60.17,62.4 1 0
github.com/shulganew/shear.git/internal/web/handlers/batch.go:64.3,66.17 3 0
github.com/shulganew/shear.git/internal/web/handlers/batch.go:66.17,69.4 2 0
github.com/shulganew/shear.git/internal/web/handlers/batch.go:71.3,75.41 4 0
github.com/shulganew/shear.git/internal/web/handlers/batch.go:79.2,83.16 3 0
github.com/shulganew/shear.git/internal/web/handlers/batch.go:83.16,84.30 1 0
github.com/shulganew/shear.git/internal/web/handlers/batch.go:84.30,93.18 7 0
github.com/shulganew/shear.git/internal/web/handlers/batch.go:93.18,96.5 2 0
github.com/shulganew/shear.git/internal/web/handlers/batch.go:99.4,102.10 4 0
github.com/shulganew/shear.git/internal/web/handlers/batch.go:106.2,107.16 2 0
github.com/shulganew/shear.git/internal/web/handlers/batch.go:107.16,109.3 1 0
github.com/shulganew/shear.git/internal/web/handlers/batch.go:111.2,116.22 4 0
github.com/shulganew/shear.git/internal/web/handlers/del.go:20.65,23.2 1 0
github.com/shulganew/shear.git/internal/web/handlers/del.go:35.77,38.27 2 0
github.com/shulganew/shear.git/internal/web/handlers/del.go:38.27,41.3 1 0
github.com/shulganew/shear.git/internal/web/handlers/del.go:43.2,46.16 3 0
github.com/shulganew/shear.git/internal/web/handlers/del.go:46.16,48.3 1 0
github.com/shulganew/shear.git/internal/web/handlers/del.go:50.2,52.16 3 0
github.com/shulganew/shear.git/internal/web/handlers/del.go:52.16,54.3 1 0
github.com/shulganew/shear.git/internal/web/handlers/del.go:57.2,64.28 4 0
github.com/shulganew/shear.git/internal/web/handlers/json.go:34.77,36.2 1 0
github.com/shulganew/shear.git/internal/web/handlers/json.go:47.75,49.67 2 0
github.com/shulganew/shear.git/internal/web/handlers/json.go:49.67,52.3 2 0
github.com/shulganew/shear.git/internal/web/handlers/json.go:54.2,55.16 2 0
github.com/shulganew/shear.git/internal/web/handlers/json.go:55.16,58.3 2 0
github.com/shulganew/shear.git/internal/web/handlers/json.go:59.2,61.16 3 0
github.com/shulganew/shear.git/internal/web/handlers/json.go:61.16,64.3 2 0
github.com/shulganew/shear.git/internal/web/handlers/json.go:67.2,68.16 2 0
github.com/shulganew/shear.git/internal/web/handlers/json.go:68.16,71.3 2 0
github.com/shulganew/shear.git/internal/web/handlers/json.go:74.2,79.16 3 0
github.com/shulganew/shear.git/internal/web/handlers/json.go:79.16,82.30 2 0
github.com/shulganew/shear.git/internal/web/handlers/json.go:82.30,86.18 3 0
github.com/shulganew/shear.git/internal/web/handlers/json.go:86.18,88.5 1 0
github.com/shulganew/shear.git/internal/web/handlers/json.go:91.4,94.18 4 0
github.com/shulganew/shear.git/internal/web/handlers/json.go:94.18,96.5 1 0
github.com/shulganew/shear.git/internal/web/handlers/json.go:97.4,102.10 4 0
github.com/shulganew/shear.git/internal/web/handlers/json.go:105.3,106.78 2 0
github.com/shulganew/shear.git/internal/web/handlers/json.go:109.2,112.16 3 0
github.com/shulganew/shear.git/internal/web/handlers/json.go:112.16,114.3 1 0
github.com/shulganew/shear.git/internal/web/handlers/json.go:115.2,119.20 3 0
github.com/shulganew/shear.git/internal/web/handlers/ping.go:18.30,21.2 1 0
github.com/shulganew/shear.git/internal/web/handlers/ping.go:30.65,32.56 2 0
github.com/shulganew/shear.git/internal/web/handlers/ping.go:32.56,35.3 2 0
github.com/shulganew/shear.git/internal/web/handlers/ping.go:35.8,38.3 2 0
github.com/shulganew/shear.git/internal/web/handlers/url.go:27.80,29.2 1 0
github.com/shulganew/shear.git/internal/web/handlers/url.go:40.73,50.11 5 0
github.com/shulganew/shear.git/internal/web/handlers/url.go:50.11,51.16 1 0
github.com/shulganew/shear.git/internal/web/handlers/url.go:51.16,55.4 2 0
github.com/shulganew/shear.git/internal/web/handlers/url.go:56.3,60.9 3 0
github.com/shulganew/shear.git/internal/web/handlers/url.go:63.2,63.38 1 0
github.com/shulganew/shear.git/internal/web/handlers/url.go:77.73,79.16 2 0
github.com/shulganew/shear.git/internal/web/handlers/url.go:79.16,81.3 1 0
github.com/shulganew/shear.git/internal/web/handlers/url.go:83.2,84.16 2 0
github.com/shulganew/shear.git/internal/web/handlers/url.go:84.16,86.3 1 0
github.com/shulganew/shear.git/internal/web/handlers/url.go:87.2,90.16 4 0
github.com/shulganew/shear.git/internal/web/handlers/url.go:90.16,93.3 2 0
github.com/shulganew/shear.git/internal/web/handlers/url.go:96.2,100.16 3 0
github.com/shulganew/shear.git/internal/web/handlers/url.go:100.16,102.3 1 0
github.com/shulganew/shear.git/internal/web/handlers/url.go:105.2,107.16 2 0
github.com/shulganew/shear.git/internal/web/handlers/url.go:107.16,109.30 2 0
github.com/shulganew/shear.git/internal/web/handlers/url.go:109.30,116.18 4 0
github.com/shulganew/shear.git/internal/web/handlers/url.go:116.18,118.5 1 0
github.com/shulganew/shear.git/internal/web/handlers/url.go:119.4,120.10 2 0
github.com/shulganew/shear.git/internal/web/handlers/url.go:123.3,124.78 2 0
github.com/shulganew/shear.git/internal/web/handlers/url.go:127.2,129.39 2 0
github.com/shulganew/shear.git/internal/web/handlers/usersurls.go:28.83,31.2 1 0
github.com/shulganew/shear.git/internal/web/handlers/usersurls.go:43.78,47.27 2 0
github.com/shulganew/shear.git/internal/web/handlers/usersurls.go:47.27,50.3 1 0
github.com/shulganew/shear.git/internal/web/handlers/usersurls.go:52.2,59.22 4 0
github.com/shulganew/shear.git/internal/web/handlers/usersurls.go:59.22,63.3 3 0
github.com/shulganew/shear.git/internal/web/handlers/usersurls.go:65.2,67.31 2 0
github.com/shulganew/shear.git/internal/web/handlers/usersurls.go:67.31,69.17 2 0
github.com/shulganew/shear.git/internal/web/handlers/usersurls.go:69.17,71.4 1 0
github.com/shulganew/shear.git/internal/web/handlers/usersurls.go:72.3,72.91 1 0
github.com/shulganew/shear.git/internal/web/handlers/usersurls.go:75.2,76.16 2 0
github.com/shulganew/shear.git/internal/web/handlers/usersurls.go:76.16,78.3 1 0
github.com/shulganew/shear.git/internal/web/handlers/usersurls.go:79.2,86.20 4 0
github.com/shulganew/shear.git/internal/web/middlewares/auth.go:16.40,17.75 1 0
github.com/shulganew/shear.git/internal/web/middlewares/auth.go:17.75,23.9 4 0
github.com/shulganew/shear.git/internal/web/middlewares/auth.go:23.9,29.35 3 0
github.com/shulganew/shear.git/internal/web/middlewares/auth.go:29.35,31.33 1 0
github.com/shulganew/shear.git/internal/web/middlewares/auth.go:31.33,33.6 1 0
github.com/shulganew/shear.git/internal/web/middlewares/auth.go:34.5,34.26 1 0
github.com/shulganew/shear.git/internal/web/middlewares/auth.go:36.9,40.18 2 0
github.com/shulganew/shear.git/internal/web/middlewares/auth.go:40.18,43.5 2 0
github.com/shulganew/shear.git/internal/web/middlewares/auth.go:46.4,47.18 2 0
github.com/shulganew/shear.git/internal/web/middlewares/auth.go:47.18,50.5 2 0
github.com/shulganew/shear.git/internal/web/middlewares/auth.go:52.4,62.20 7 0
github.com/shulganew/shear.git/internal/web/middlewares/auth.go:65.3,66.41 2 0
github.com/shulganew/shear.git/internal/web/middlewares/middlewgzip.go:21.50,23.2 1 0
github.com/shulganew/shear.git/internal/web/middlewares/middlewgzip.go:26.45,27.71 1 0
github.com/shulganew/shear.git/internal/web/middlewares/middlewgzip.go:27.71,35.65 4 0
github.com/shulganew/shear.git/internal/web/middlewares/middlewgzip.go:35.65,39.18 3 0
github.com/shulganew/shear.git/internal/web/middlewares/middlewgzip.go:39.18,43.5 3 0
github.com/shulganew/shear.git/internal/web/middlewares/middlewgzip.go:44.4,48.18 4 0
github.com/shulganew/shear.git/internal/web/middlewares/middlewgzip.go:48.18,52.5 3 0
github.com/shulganew/shear.git/internal/web/middlewares/middlewgzip.go:55.4,60.23 4 0
github.com/shulganew/shear.git/internal/web/middlewares/middlewgzip.go:64.3,64.65 1 0
github.com/shulganew/shear.git/internal/web/middlewares/middlewgzip.go:64.65,67.4 2 0
github.com/shulganew/shear.git/internal/web/middlewares/middlewgzip.go:70.3,71.17 2 0
github.com/shulganew/shear.git/internal/web/middlewares/middlewgzip.go:71.17,75.4 3 0
github.com/shulganew/shear.git/internal/web/middlewares/middlewgzip.go:76.3,87.4 5 0
github.com/shulganew/shear.git/internal/web/middlewares/middlewlog.go:25.62,30.2 4 0
github.com/shulganew/shear.git/internal/web/middlewares/middlewlog.go:33.61,36.48 3 0
github.com/shulganew/shear.git/internal/web/middlewares/middlewlog.go:36.48,38.3 1 0
github.com/shulganew/shear.git/internal/web/middlewares/middlewlog.go:42.45,43.71 1 0
github.com/shulganew/shear.git/internal/web/middlewares/middlewlog.go:43.71,73.58 9 0
github.com/shulganew/shear.git/internal/web/middlewares/middlewlog.go:73.58,75.4 1 0
github.com/shulganew/shear.git/internal/web/router/router.go:20.136,24.42 2 0
github.com/shulganew/shear.git/internal/web/router/router.go:24.42,25.72 1 0
github.com/shulganew/shear.git/internal/web/router/router.go:25.72,29.4 2 0
github.com/shulganew/shear.git/internal/web/router/router.go:32.2,32.34 1 0
github.com/shulganew/shear.git/internal/web/router/router.go:32.34,63.17 17 0
github.com/shulganew/shear.git/internal/web/router/router.go:63.17,70.4 5 0
github.com/shulganew/shear.git/internal/web/router/router.go:73.3,75.5 1 0
github.com/shulganew/shear.git/internal/web/router/router.go:77.2,77.8 1 0
github.com/shulganew/shear.git/internal/web/validators/validatorurl.go:13.58,17.16 2 1
github.com/shulganew/shear.git/internal/web/validators/validatorurl.go:17.16,20.3 2 0
github.com/shulganew/shear.git/internal/web/validators/validatorurl.go:23.2,23.27 1 1
github.com/shulganew/shear.git/internal/web/validators/validatorurl.go:23.27,26.3 1 1
github.com/shulganew/shear.git/internal/web/validators/validatorurl.go:28.2,29.16 2 1
github.com/shulganew/shear.git/internal/web/validators/validatorurl.go:29.16,32.3 2 0
github.com/shulganew/shear.git/internal/web/validators/validatorurl.go:35.2,36.16 2 1
github.com/shulganew/shear.git/internal/web/validators/validatorurl.go:36.16,39.3 2 0
github.com/shulganew/shear.git/internal/web/validators/validatorurl.go:40.2,40.19 1 1
github.com/shulganew/shear.git/cmd/shortener/main.go:29.13,38.15 7 0
github.com/shulganew/shear.git/cmd/shortener/main.go:38.15,40.17 2 0
github.com/shulganew/shear.git/cmd/shortener/main.go:40.17,44.4 3 0
github.com/shulganew/shear.git/cmd/shortener/main.go:45.3,45.19 1 0
github.com/shulganew/shear.git/cmd/shortener/main.go:49.2,57.130 5 0
github.com/shulganew/shear.git/cmd/shortener/main.go:57.130,59.7 1 0
github.com/shulganew/shear.git/cmd/shortener/main.go:59.7,60.11 1 0
github.com/shulganew/shear.git/cmd/shortener/main.go:61.22,64.22 3 0
github.com/shulganew/shear.git/cmd/shortener/main.go:64.22,66.6 1 0
github.com/shulganew/shear.git/cmd/shortener/main.go:67.5,67.15 1 0
github.com/shulganew/shear.git/cmd/shortener/main.go:68.31,69.37 1 0
github.com/shulganew/shear.git/cmd/shortener/main.go:75.2,75.109 1 0
github.com/shulganew/shear.git/cmd/shortener/main.go:75.109,76.13 1 0
github.com/shulganew/shear.git/cmd/staticlint/docgen.go:10.46,28.30 4 0
github.com/shulganew/shear.git/cmd/staticlint/docgen.go:28.30,34.3 5 0
github.com/shulganew/shear.git/cmd/staticlint/docgen.go:37.2,41.16 3 0
github.com/shulganew/shear.git/cmd/staticlint/docgen.go:41.16,42.13 1 0
github.com/shulganew/shear.git/cmd/staticlint/docgen.go:44.2,44.15 1 0
github.com/shulganew/shear.git/cmd/staticlint/docgen.go:44.15,45.38 1 0
github.com/shulganew/shear.git/cmd/staticlint/docgen.go:45.38,46.14 1 0
github.com/shulganew/shear.git/cmd/staticlint/docgen.go:50.2,53.14 4 0
github.com/shulganew/shear.git/cmd/staticlint/main.go:66.13,78.42 6 0
github.com/shulganew/shear.git/cmd/staticlint/main.go:78.42,79.47 1 0
github.com/shulganew/shear.git/cmd/staticlint/main.go:79.47,81.4 1 0
github.com/shulganew/shear.git/cmd/staticlint/main.go:85.2,92.39 3 0
github.com/shulganew/shear.git/cmd/staticlint/main.go:92.39,93.29 1 0
github.com/shulganew/shear.git/cmd/staticlint/main.go:93.29,95.4 1 0
github.com/shulganew/shear.git/cmd/staticlint/main.go:99.2,118.12 11 0
github.com/shulganew/shear.git/cmd/staticlint/main.go:118.12,125.3 5 0
github.com/shulganew/shear.git/cmd/staticlint/main.go:125.8,129.3 2 0
github.com/shulganew/shear.git/cmd/staticlint/main.go:133.52,135.34 2 0
github.com/shulganew/shear.git/cmd/staticlint/main.go:135.34,138.42 3 0
github.com/shulganew/shear.git/cmd/staticlint/main.go:138.42,139.12 1 0
github.com/shulganew/shear.git/cmd/staticlint/main.go:142.3,142.46 1 0
github.com/shulganew/shear.git/cmd/staticlint/main.go:142.46,143.37 1 0
github.com/shulganew/shear.git/cmd/staticlint/main.go:143.37,144.30 1 0
github.com/shulganew/shear.git/cmd/staticlint/main.go:144.30,146.51 1 0
github.com/shulganew/shear.git/cmd/staticlint/main.go:146.51,147.47 1 0
github.com/shulganew/shear.git/cmd/staticlint/main.go:147.47,148.34 1 0
github.com/shulganew/shear.git/cmd/staticlint/main.go:148.34,150.55 1 0
github.com/shulganew/shear.git/cmd/staticlint/main.go:150.55,152.46 1 0
github.com/shulganew/shear.git/cmd/staticlint/main.go:152.46,154.11 1 0
github.com/shulganew/shear.git/cmd/staticlint/main.go:155.10,155.53 1 0
github.com/shulganew/shear.git/cmd/staticlint/main.go:155.53,156.47 1 0
github.com/shulganew/shear.git/cmd/staticlint/main.go:156.47,157.57 1 0
github.com/shulganew/shear.git/cmd/staticlint/main.go:157.57,159.13 1 0
github.com/shulganew/shear.git/cmd/staticlint/main.go:162.10,162.21 1 0
github.com/shulganew/shear.git/cmd/staticlint/main.go:164.9,164.21 1 0
github.com/shulganew/shear.git/cmd/staticlint/main.go:167.7,167.18 1 0
github.com/shulganew/shear.git/cmd/staticlint/main.go:169.6,169.18 1 0
github.com/shulganew/shear.git/cmd/staticlint/main.go:172.4,172.15 1 0
github.com/shulganew/shear.git/cmd/staticlint/main.go:175.2,175.17 1 0
github.com/shulganew/shear.git/docs/docs.go:259.13,261.2 1 0
github.com/shulganew/shear.git/internal/app/init.go:28.176,32.28 3 0
github.com/shulganew/shear.git/internal/app/init.go:32.28,35.17 2 0
github.com/shulganew/shear.git/internal/app/init.go:35.17,40.4 3 0
github.com/shulganew/shear.git/internal/app/init.go:42.3,42.41 1 0
github.com/shulganew/shear.git/internal/app/init.go:43.8,47.3 2 0
github.com/shulganew/shear.git/internal/app/init.go:49.2,54.19 3 0
github.com/shulganew/shear.git/internal/app/init.go:54.19,60.17 4 0
github.com/shulganew/shear.git/internal/app/init.go:60.17,62.4 1 0
github.com/shulganew/shear.git/internal/app/init.go:65.3,65.27 1 0
github.com/shulganew/shear.git/internal/app/init.go:68.2,70.27 3 0
github.com/shulganew/shear.git/internal/app/init.go:76.69,80.12 4 0
github.com/shulganew/shear.git/internal/app/init.go:80.12,84.3 2 0
github.com/shulganew/shear.git/internal/app/init.go:85.2,85.8 1 0
github.com/shulganew/shear.git/internal/app/init.go:89.34,91.16 2 0
github.com/shulganew/shear.git/internal/app/init.go:91.16,93.13 1 0
github.com/shulganew/shear.git/internal/app/init.go:95.2,99.14 5 0
github.com/shulganew/shear.git/internal/app/init.go:103.70,105.16 2 0
github.com/shulganew/shear.git/internal/app/init.go:105.16,107.3 1 0
github.com/shulganew/shear.git/internal/app/init.go:108.2,108.8 1 0
github.com/shulganew/shear.git/internal/app/init.go:112.91,117.2 3 0
github.com/shulganew/shear.git/internal/config/config.go:28.27,54.11 17 0
github.com/shulganew/shear.git/internal/config/config.go:54.11,57.3 2 0
github.com/shulganew/shear.git/internal/config/config.go:57.8,59.3 1 0
github.com/shulganew/shear.git/internal/config/config.go:62.2,64.11 2 0
github.com/shulganew/shear.git/internal/config/config.go:64.11,68.3 3 0
github.com/shulganew/shear.git/internal/config/config.go:68.8,68.24 1 0
github.com/shulganew/shear.git/internal/config/config.go:68.24,73.3 4 0
github.com/shulganew/shear.git/internal/config/config.go:76.2,77.11 2 0
github.com/shulganew/shear.git/internal/config/config.go:77.11,81.3 3 0
github.com/shulganew/shear.git/internal/config/config.go:81.8,81.25 1 0
github.com/shulganew/shear.git/internal/config/config.go:81.25,85.3 3 0
github.com/shulganew/shear.git/internal/config/config.go:85.8,88.3 2 0
github.com/shulganew/shear.git/internal/config/config.go:90.2,91.16 2 0
github.com/shulganew/shear.git/internal/config/ctxvalues.go:13.60,15.2 1 0
github.com/shulganew/shear.git/internal/config/ctxvalues.go:18.39,20.2 1 0
github.com/shulganew/shear.git/internal/config/ctxvalues.go:23.37,25.2 1 0
github.com/shulganew/shear.git/internal/entities/short.go:26.90,28.16 2 1
github.com/shulganew/shear.git/internal/entities/short.go:28.16,30.3 1 0
github.com/shulganew/shear.git/internal/entities/short.go:31.2,31.109 1 1
github.com/shulganew/shear.git/internal/service/delete.go:17.93,19.2 1 0
github.com/shulganew/shear.git/internal/service/delete.go:28.62,31.2 2 0
github.com/shulganew/shear.git/internal/service/delete.go:34.99,37.26 2 0
github.com/shulganew/shear.git/internal/service/delete.go:37.26,39.3 1 0
github.com/shulganew/shear.git/internal/service/delete.go:40.2,41.16 2 0
github.com/shulganew/shear.git/internal/service/delete.go:45.44,47.12 2 0
github.com/shulganew/shear.git/internal/service/delete.go:47.12,49.30 2 0
github.com/shulganew/shear.git/internal/service/delete.go:49.30,51.4 1 0
github.com/shulganew/shear.git/internal/service/delete.go:53.2,53.16 1 0
github.com/shulganew/shear.git/internal/service/shortener.go:41.46,43.2 1 0
github.com/shulganew/shear.git/internal/service/shortener.go:46.89,48.16 2 0
github.com/shulganew/shear.git/internal/service/shortener.go:48.16,50.3 1 0
github.com/shulganew/shear.git/internal/service/shortener.go:51.2,51.12 1 0
github.com/shulganew/shear.git/internal/service/shortener.go:55.83,57.16 2 0
github.com/shulganew/shear.git/internal/service/shortener.go:57.16,59.3 1 0
github.com/shulganew/shear.git/internal/service/shortener.go:60.2,60.12 1 0
github.com/shulganew/shear.git/internal/service/shortener.go:64.108,66.2 1 0
github.com/shulganew/shear.git/internal/service/shortener.go:69.107,71.2 1 0
github.com/shulganew/shear.git/internal/service/shortener.go:74.72,76.2 1 0
github.com/shulganew/shear.git/internal/service/shortener.go:79.91,81.2 1 0
github.com/shulganew/shear.git/internal/service/shortener.go:84.79,85.32 1 0
github.com/shulganew/shear.git/internal/service/shortener.go:85.32,87.3 1 0
github.com/shulganew/shear.git/internal/service/shortener.go:91.71,93.2 1 0
github.com/shulganew/shear.git/internal/service/shortener.go:96.107,102.16 3 0
github.com/shulganew/shear.git/internal/service/shortener.go:102.16,104.3 1 0
github.com/shulganew/shear.git/internal/service/shortener.go:105.2,106.16 2 0
github.com/shulganew/shear.git/internal/service/shortener.go:106.16,108.3 1 0
github.com/shulganew/shear.git/internal/service/shortener.go:109.2,109.8 1 0
github.com/shulganew/shear.git/internal/service/shortener.go:113.122,123.16 9 0
github.com/shulganew/shear.git/internal/service/shortener.go:123.16,125.3 1 0
github.com/shulganew/shear.git/internal/service/shortener.go:126.2,126.8 1 0
github.com/shulganew/shear.git/internal/service/shortener.go:130.37,133.35 3 1
github.com/shulganew/shear.git/internal/service/shortener.go:133.35,135.3 1 1
github.com/shulganew/shear.git/internal/service/shortener.go:136.2,136.18 1 1
github.com/shulganew/shear.git/internal/service/shortener.go:142.33,146.35 4 0
github.com/shulganew/shear.git/internal/service/shortener.go:146.35,148.3 1 0
github.com/shulganew/shear.git/internal/service/shortener.go:149.2,149.20 1 0
github.com/shulganew/shear.git/internal/service/shortener.go:153.78,156.16 2 0
github.com/shulganew/shear.git/internal/service/shortener.go:156.16,158.3 1 0
github.com/shulganew/shear.git/internal/service/shortener.go:160.2,161.16 2 0
github.com/shulganew/shear.git/internal/service/shortener.go:161.16,163.3 1 0
github.com/shulganew/shear.git/internal/service/shortener.go:166.2,167.16 2 0
github.com/shulganew/shear.git/internal/service/shortener.go:167.16,169.3 1 0
github.com/shulganew/shear.git/internal/service/shortener.go:170.2,170.21 1 0
github.com/shulganew/shear.git/internal/service/shortener.go:175.76,177.16 2 0
github.com/shulganew/shear.git/internal/service/shortener.go:177.16,180.3 2 0
github.com/shulganew/shear.git/internal/service/shortener.go:182.2,184.16 2 0
github.com/shulganew/shear.git/internal/service/shortener.go:184.16,186.3 1 0
github.com/shulganew/shear.git/internal/service/shortener.go:188.2,191.16 3 0
github.com/shulganew/shear.git/internal/service/shortener.go:191.16,194.3 2 0
github.com/shulganew/shear.git/internal/service/shortener.go:195.2,195.31 1 0
github.com/shulganew/shear.git/internal/service/shortener.go:199.76,202.16 3 0
github.com/shulganew/shear.git/internal/service/shortener.go:202.16,205.3 2 0
github.com/shulganew/shear.git/internal/service/shortener.go:207.2,208.54 2 0
github.com/shulganew/shear.git/internal/service/shortener.go:212.82,216.16 3 0
github.com/shulganew/shear.git/internal/service/shortener.go:216.16,219.3 2 0
github.com/shulganew/shear.git/internal/service/shortener.go:221.2,222.16 2 0
github.com/shulganew/shear.git/internal/service/shortener.go:222.16,225.3 2 0
github.com/shulganew/shear.git/internal/service/shortener.go:227.2,230.8 4 0
github.com/shulganew/shear.git/internal/storage/db.go:23.62,27.2 3 1
github.com/shulganew/shear.git/internal/storage/db.go:30.78,32.16 2 1
github.com/shulganew/shear.git/internal/storage/db.go:32.16,35.72 2 1
github.com/shulganew/shear.git/internal/storage/db.go:35.72,37.54 1 0
github.com/shulganew/shear.git/internal/storage/db.go:37.54,40.35 1 0
github.com/shulganew/shear.git/internal/storage/db.go:40.35,43.6 2 0
github.com/shulganew/shear.git/internal/storage/db.go:44.5,45.53 2 0
github.com/shulganew/shear.git/internal/storage/db.go:50.3,50.27 1 1
github.com/shulganew/shear.git/internal/storage/db.go:50.27,53.4 1 1
github.com/shulganew/shear.git/internal/storage/db.go:54.3,54.13 1 1
github.com/shulganew/shear.git/internal/storage/db.go:56.2,56.12 1 0
github.com/shulganew/shear.git/internal/storage/db.go:60.76,62.16 2 0
github.com/shulganew/shear.git/internal/storage/db.go:62.16,64.3 1 0
github.com/shulganew/shear.git/internal/storage/db.go:66.2,67.16 2 0
github.com/shulganew/shear.git/internal/storage/db.go:67.16,69.3 1 0
github.com/shulganew/shear.git/internal/storage/db.go:71.2,71.31 1 0
github.com/shulganew/shear.git/internal/storage/db.go:71.31,73.17 2 0
github.com/shulganew/shear.git/internal/storage/db.go:73.17,76.73 2 0
github.com/shulganew/shear.git/internal/storage/db.go:76.73,78.61 1 0
github.com/shulganew/shear.git/internal/storage/db.go:78.61,81.6 1 0
github.com/shulganew/shear.git/internal/storage/db.go:83.4,84.14 2 0
github.com/shulganew/shear.git/internal/storage/db.go:88.2,89.16 2 0
github.com/shulganew/shear.git/internal/storage/db.go:89.16,91.3 1 0
github.com/shulganew/shear.git/internal/storage/db.go:92.2,92.12 1 0
github.com/shulganew/shear.git/internal/storage/db.go:96.108,100.16 4 1
github.com/shulganew/shear.git/internal/storage/db.go:100.16,101.27 1 1
github.com/shulganew/shear.git/internal/storage/db.go:101.27,103.4 1 1
github.com/shulganew/shear.git/internal/storage/db.go:104.3,104.23 1 0
github.com/shulganew/shear.git/internal/storage/db.go:106.2,106.44 1 1
github.com/shulganew/shear.git/internal/storage/db.go:110.107,115.16 4 1
github.com/shulganew/shear.git/internal/storage/db.go:115.16,116.27 1 1
github.com/shulganew/shear.git/internal/storage/db.go:116.27,118.4 1 1
github.com/shulganew/shear.git/internal/storage/db.go:119.3,119.23 1 0
github.com/shulganew/shear.git/internal/storage/db.go:122.2,122.43 1 1
github.com/shulganew/shear.git/internal/storage/db.go:126.62,128.16 2 1
github.com/shulganew/shear.git/internal/storage/db.go:128.16,130.3 1 0
github.com/shulganew/shear.git/internal/storage/db.go:132.2,135.18 3 1
github.com/shulganew/shear.git/internal/storage/db.go:135.18,138.17 3 1
github.com/shulganew/shear.git/internal/storage/db.go:138.17,140.4 1 0
github.com/shulganew/shear.git/internal/storage/db.go:142.3,142.33 1 1
github.com/shulganew/shear.git/internal/storage/db.go:145.2,146.16 2 1
github.com/shulganew/shear.git/internal/storage/db.go:146.16,148.3 1 0
github.com/shulganew/shear.git/internal/storage/db.go:150.2,150.15 1 1
github.com/shulganew/shear.git/internal/storage/db.go:154.81,156.16 2 1
github.com/shulganew/shear.git/internal/storage/db.go:156.16,158.3 1 0
github.com/shulganew/shear.git/internal/storage/db.go:159.2,162.18 3 1
github.com/shulganew/shear.git/internal/storage/db.go:162.18,165.17 3 1
github.com/shulganew/shear.git/internal/storage/db.go:165.17,167.4 1 0
github.com/shulganew/shear.git/internal/storage/db.go:169.3,169.33 1 1
github.com/shulganew/shear.git/internal/storage/db.go:171.2,172.16 2 1
github.com/shulganew/shear.git/internal/storage/db.go:172.16,174.3 1 0
github.com/shulganew/shear.git/internal/storage/db.go:175.2,175.15 1 1
github.com/shulganew/shear.git/internal/storage/db.go:179.94,183.24 3 0
github.com/shulganew/shear.git/internal/storage/db.go:183.24,185.3 1 0
github.com/shulganew/shear.git/internal/storage/db.go:187.2,193.16 3 0
github.com/shulganew/shear.git/internal/storage/db.go:193.16,195.3 1 0
github.com/shulganew/shear.git/internal/storage/db.go:196.2,196.8 1 0
github.com/shulganew/shear.git/internal/storage/db.go:200.67,206.16 4 1
github.com/shulganew/shear.git/internal/storage/db.go:206.16,208.3 1 0
github.com/shulganew/shear.git/internal/storage/db.go:209.2,210.18 2 1
github.com/shulganew/shear.git/internal/storage/db.go:214.81,216.16 2 1
github.com/shulganew/shear.git/internal/storage/db.go:216.16,219.3 2 1
github.com/shulganew/shear.git/internal/storage/db.go:220.2,220.12 1 1
github.com/shulganew/shear.git/internal/storage/db.go:224.50,229.2 4 1
github.com/shulganew/shear.git/internal/storage/errors.go:18.84,20.2 1 1
github.com/shulganew/shear.git/internal/storage/errors.go:23.44,25.2 1 1
github.com/shulganew/shear.git/internal/storage/errors.go:28.44,30.2 1 1
github.com/shulganew/shear.git/internal/storage/errors.go:40.106,42.2 1 1
github.com/shulganew/shear.git/internal/storage/errors.go:45.46,47.2 1 1
github.com/shulganew/shear.git/internal/storage/errors.go:50.46,52.2 1 1
github.com/shulganew/shear.git/internal/storage/memory.go:16.26,18.2 1 1
github.com/shulganew/shear.git/internal/storage/memory.go:21.85,26.2 3 1
github.com/shulganew/shear.git/internal/storage/memory.go:29.77,32.2 2 0
github.com/shulganew/shear.git/internal/storage/memory.go:35.109,36.66 1 0
github.com/shulganew/shear.git/internal/storage/memory.go:36.66,36.93 1 0
github.com/shulganew/shear.git/internal/storage/memory.go:37.2,37.14 1 0
github.com/shulganew/shear.git/internal/storage/memory.go:37.14,41.3 3 0
github.com/shulganew/shear.git/internal/storage/memory.go:42.2,42.8 1 0
github.com/shulganew/shear.git/internal/storage/memory.go:46.108,47.66 1 0
github.com/shulganew/shear.git/internal/storage/memory.go:47.66,47.95 1 0
github.com/shulganew/shear.git/internal/storage/memory.go:48.2,48.14 1 0
github.com/shulganew/shear.git/internal/storage/memory.go:48.14,52.3 3 0
github.com/shulganew/shear.git/internal/storage/memory.go:53.2,53.8 1 0
github.com/shulganew/shear.git/internal/storage/memory.go:58.63,60.2 1 1
github.com/shulganew/shear.git/internal/storage/memory.go:63.82,65.36 2 1
github.com/shulganew/shear.git/internal/storage/memory.go:65.36,67.17 2 1
github.com/shulganew/shear.git/internal/storage/memory.go:67.17,68.20 1 1
github.com/shulganew/shear.git/internal/storage/memory.go:68.20,70.5 1 1
github.com/shulganew/shear.git/internal/storage/memory.go:73.2,73.15 1 1
github.com/shulganew/shear.git/internal/storage/memory.go:77.89,78.31 1 1
github.com/shulganew/shear.git/internal/storage/memory.go:78.31,79.67 1 1
github.com/shulganew/shear.git/internal/storage/memory.go:79.67,79.121 1 1
github.com/shulganew/shear.git/internal/storage/memory.go:80.3,80.15 1 1
github.com/shulganew/shear.git/internal/storage/memory.go:80.15,82.4 1 1
github.com/shulganew/shear.git/internal/storage/memory.go:84.2,84.12 1 1
github.com/shulganew/shear.git/internal/web/handlers/batch.go:25.81,28.2 1 0
github.com/shulganew/shear.git/internal/web/handlers/batch.go:41.77,44.16 2 0
github.com/shulganew/shear.git/internal/web/handlers/batch.go:44.16,46.3 1 0
github.com/shulganew/shear.git/internal/web/handlers/batch.go:48.2,49.67 2 0
github.com/shulganew/shear.git/internal/web/handlers/batch.go:49.67,53.3 3 0
github.com/shulganew/shear.git/internal/web/handlers/batch.go:55.2,57.29 3 0
github.com/shulganew/shear.git/internal/web/handlers/batch.go:57.29,60.17 3 0
github.com/shulganew/shear.git/internal/web/handlers/batch.go:60.17,62.4 1 0
github.com/shulganew/shear.git/internal/web/handlers/batch.go:64.3,66.17 3 0
github.com/shulganew/shear.git/internal/web/handlers/batch.go:66.17,69.4 2 0
github.com/shulganew/shear.git/internal/web/handlers/batch.go:71.3,75.41 4 0
github.com/shulganew/shear.git/internal/web/handlers/batch.go:79.2,83.16 3 0
github.com/shulganew/shear.git/internal/web/handlers/batch.go:83.16,84.30 1 0
github.com/shulganew/shear.git/internal/web/handlers/batch.go:84.30,93.18 7 0
github.com/shulganew/shear.git/internal/web/handlers/batch.go:93.18,96.5 2 0
github.com/shulganew/shear.git/internal/web/handlers/batch.go:99.4,102.10 4 0
github.com/shulganew/shear.git/internal/web/handlers/batch.go:106.2,107.16 2 0
github.com/shulganew/shear.git/internal/web/handlers/batch.go:107.16,109.3 1 0
github.com/shulganew/shear.git/internal/web/handlers/batch.go:111.2,116.22 4 0
github.com/shulganew/shear.git/internal/web/handlers/del.go:20.65,23.2 1 0
github.com/shulganew/shear.git/internal/web/handlers/del.go:35.77,38.27 2 0
github.com/shulganew/shear.git/internal/web/handlers/del.go:38.27,41.3 1 0
github.com/shulganew/shear.git/internal/web/handlers/del.go:43.2,46.16 3 0
github.com/shulganew/shear.git/internal/web/handlers/del.go:46.16,48.3 1 0
github.com/shulganew/shear.git/internal/web/handlers/del.go:50.2,52.16 3 0
github.com/shulganew/shear.git/internal/web/handlers/del.go:52.16,54.3 1 0
github.com/shulganew/shear.git/internal/web/handlers/del.go:57.2,64.28 4 0
github.com/shulganew/shear.git/internal/web/handlers/json.go:34.77,36.2 1 0
github.com/shulganew/shear.git/internal/web/handlers/json.go:47.75,49.67 2 0
github.com/shulganew/shear.git/internal/web/handlers/json.go:49.67,52.3 2 0
github.com/shulganew/shear.git/internal/web/handlers/json.go:54.2,55.16 2 0
github.com/shulganew/shear.git/internal/web/handlers/json.go:55.16,58.3 2 0
github.com/shulganew/shear.git/internal/web/handlers/json.go:59.2,61.16 3 0
github.com/shulganew/shear.git/internal/web/handlers/json.go:61.16,64.3 2 0
github.com/shulganew/shear.git/internal/web/handlers/json.go:67.2,68.16 2 0
github.com/shulganew/shear.git/internal/web/handlers/json.go:68.16,71.3 2 0
github.com/shulganew/shear.git/internal/web/handlers/json.go:74.2,79.16 3 0
github.com/shulganew/shear.git/internal/web/handlers/json.go:79.16,82.30 2 0
github.com/shulganew/shear.git/internal/web/handlers/json.go:82.30,86.18 3 0
github.com/shulganew/shear.git/internal/web/handlers/json.go:86.18,88.5 1 0
github.com/shulganew/shear.git/internal/web/handlers/json.go:91.4,94.18 4 0
github.com/shulganew/shear.git/internal/web/handlers/json.go:94.18,96.5 1 0
github.com/shulganew/shear.git/internal/web/handlers/json.go:97.4,102.10 4 0
github.com/shulganew/shear.git/internal/web/handlers/json.go:105.3,106.78 2 0
github.com/shulganew/shear.git/internal/web/handlers/json.go:109.2,112.16 3 0
github.com/shulganew/shear.git/internal/web/handlers/json.go:112.16,114.3 1 0
github.com/shulganew/shear.git/internal/web/handlers/json.go:115.2,119.20 3 0
github.com/shulganew/shear.git/internal/web/handlers/ping.go:18.30,21.2 1 0
github.com/shulganew/shear.git/internal/web/handlers/ping.go:30.65,32.56 2 0
github.com/shulganew/shear.git/internal/web/handlers/ping.go:32.56,35.3 2 0
github.com/shulganew/shear.git/internal/web/handlers/ping.go:35.8,38.3 2 0
github.com/shulganew/shear.git/internal/web/handlers/url.go:27.80,29.2 1 0
github.com/shulganew/shear.git/internal/web/handlers/url.go:40.73,50.11 5 0
github.com/shulganew/shear.git/internal/web/handlers/url.go:50.11,51.16 1 0
github.com/shulganew/shear.git/internal/web/handlers/url.go:51.16,55.4 2 0
github.com/shulganew/shear.git/internal/web/handlers/url.go:56.3,60.9 3 0
github.com/shulganew/shear.git/internal/web/handlers/url.go:63.2,63.38 1 0
github.com/shulganew/shear.git/internal/web/handlers/url.go:77.73,79.16 2 0
github.com/shulganew/shear.git/internal/web/handlers/url.go:79.16,81.3 1 0
github.com/shulganew/shear.git/internal/web/handlers/url.go:83.2,84.16 2 0
github.com/shulganew/shear.git/internal/web/handlers/url.go:84.16,86.3 1 0
github.com/shulganew/shear.git/internal/web/handlers/url.go:87.2,90.16 4 0
github.com/shulganew/shear.git/internal/web/handlers/url.go:90.16,93.3 2 0
github.com/shulganew/shear.git/internal/web/handlers/url.go:96.2,100.16 3 0
github.com/shulganew/shear.git/internal/web/handlers/url.go:100.16,102.3 1 0
github.com/shulganew/shear.git/internal/web/handlers/url.go:105.2,107.16 2 0
github.com/shulganew/shear.git/internal/web/handlers/url.go:107.16,109.30 2 0
github.com/shulganew/shear.git/internal/web/handlers/url.go:109.30,116.18 4 0
github.com/shulganew/shear.git/internal/web/handlers/url.go:116.18,118.5 1 0
github.com/shulganew/shear.git/internal/web/handlers/url.go:119.4,120.10 2 0
github.com/shulganew/shear.git/internal/web/handlers/url.go:123.3,124.78 2 0
github.com/shulganew/shear.git/internal/web/handlers/url.go:127.2,129.39 2 0
github.com/shulganew/shear.git/internal/web/handlers/usersurls.go:28.83,31.2 1 0
github.com/shulganew/shear.git/internal/web/handlers/usersurls.go:43.78,47.27 2 0
github.com/shulganew/shear.git/internal/web/handlers/usersurls.go:47.27,50.3 1 0
github.com/shulganew/shear.git/internal/web/handlers/usersurls.go:52.2,59.22 4 0
github.com/shulganew/shear.git/internal/web/handlers/usersurls.go:59.22,63.3 3 0
github.com/shulganew/shear.git/internal/web/handlers/usersurls.go:65.2,67.31 2 0
github.com/shulganew/shear.git/internal/web/handlers/usersurls.go:67.31,69.17 2 0
github.com/shulganew/shear.git/internal/web/handlers/usersurls.go:69.17,71.4 1 0
github.com/shulganew/shear.git/internal/web/handlers/usersurls.go:72.3,72.91 1 0
github.com/shulganew/shear.git/internal/web/handlers/usersurls.go:75.2,76.16 2 0
github.com/shulganew/shear.git/internal/web/handlers/usersurls.go:76.16,78.3 1 0
github.com/shulganew/shear.git/internal/web/handlers/usersurls.go:79.2,86.20 4 0
github.com/shulganew/shear.git/internal/web/middlewares/auth.go:16.40,17.75 1 0
github.com/shulganew/shear.git/internal/web/middlewares/auth.go:17.75,23.9 4 0
github.com/shulganew/shear.git/internal/web/middlewares/auth.go:23.9,29.35 3 0
github.com/shulganew/shear.git/internal/web/middlewares/auth.go:29.35,31.33 1 0
github.com/shulganew/shear.git/internal/web/middlewares/auth.go:31.33,33.6 1 0
github.com/shulganew/shear.git/internal/web/middlewares/auth.go:34.5,34.26 1 0
github.com/shulganew/shear.git/internal/web/middlewares/auth.go:36.9,40.18 2 0
github.com/shulganew/shear.git/internal/web/middlewares/auth.go:40.18,43.5 2 0
github.com/shulganew/shear.git/internal/web/middlewares/auth.go:46.4,47.18 2 0
github.com/shulganew/shear.git/internal/web/middlewares/auth.go:47.18,50.5 2 0
github.com/shulganew/shear.git/internal/web/middlewares/auth.go:52.4,62.20 7 0
github.com/shulganew/shear.git/internal/web/middlewares/auth.go:65.3,66.41 2 0
github.com/shulganew/shear.git/internal/web/middlewares/middlewgzip.go:21.50,23.2 1 0
github.com/shulganew/shear.git/internal/web/middlewares/middlewgzip.go:26.45,27.71 1 0
github.com/shulganew/shear.git/internal/web/middlewares/middlewgzip.go:27.71,35.65 4 0
github.com/shulganew/shear.git/internal/web/middlewares/middlewgzip.go:35.65,39.18 3 0
github.com/shulganew/shear.git/internal/web/middlewares/middlewgzip.go:39.18,43.5 3 0
github.com/shulganew/shear.git/internal/web/middlewares/middlewgzip.go:44.4,48.18 4 0
github.com/shulganew/shear.git/internal/web/middlewares/middlewgzip.go:48.18,52.5 3 0
github.com/shulganew/shear.git/internal/web/middlewares/middlewgzip.go:55.4,60.23 4 0
github.com/shulganew/shear.git/internal/web/middlewares/middlewgzip.go:64.3,64.65 1 0
github.com/shulganew/shear.git/internal/web/middlewares/middlewgzip.go:64.65,67.4 2 0
github.com/shulganew/shear.git/internal/web/middlewares/middlewgzip.go:70.3,71.17 2 0
github.com/shulganew/shear.git/internal/web/middlewares/middlewgzip.go:71.17,75.4 3 0
github.com/shulganew/shear.git/internal/web/middlewares/middlewgzip.go:76.3,87.4 5 0
github.com/shulganew/shear.git/internal/web/middlewares/middlewlog.go:25.62,30.2 4 0
github.com/shulganew/shear.git/internal/web/middlewares/middlewlog.go:33.61,36.48 3 0
github.com/shulganew/shear.git/internal/web/middlewares/middlewlog.go:36.48,38.3 1 0
github.com/shulganew/shear.git/internal/web/middlewares/middlewlog.go:42.45,43.71 1 0
github.com/shulganew/shear.git/internal/web/middlewares/middlewlog.go:43.71,73.58 9 0
github.com/shulganew/shear.git/internal/web/middlewares/middlewlog.go:73.58,75.4 1 0
github.com/shulganew/shear.git/internal/web/router/router.go:20.136,24.42 2 0
github.com/shulganew/shear.git/internal/web/router/router.go:24.42,25.72 1 0
github.com/shulganew/shear.git/internal/web/router/router.go:25.72,29.4 2 0
github.com/shulganew/shear.git/internal/web/router/router.go:32.2,32.34 1 0
github.com/shulganew/shear.git/internal/web/router/router.go:32.34,63.17 17 0
github.com/shulganew/shear.git/internal/web/router/router.go:63.17,70.4 5 0
github.com/shulganew/shear.git/internal/web/router/router.go:73.3,75.5 1 0
github.com/shulganew/shear.git/internal/web/router/router.go:77.2,77.8 1 0
github.com/shulganew/shear.git/internal/web/validators/validatorurl.go:13.58,17.16 2 0
github.com/shulganew/shear.git/internal/web/validators/validatorurl.go:17.16,20.3 2 0
github.com/shulganew/shear.git/internal/web/validators/validatorurl.go:23.2,23.27 1 0
github.com/shulganew/shear.git/internal/web/validators/validatorurl.go:23.27,26.3 1 0
github.com/shulganew/shear.git/internal/web/validators/validatorurl.go:28.2,29.16 2 0
github.com/shulganew/shear.git/internal/web/validators/validatorurl.go:29.16,32.3 2 0
github.com/shulganew/shear.git/internal/web/validators/validatorurl.go:35.2,36.16 2 0
github.com/shulganew/shear.git/internal/web/validators/validatorurl.go:36.16,39.3 2 0
github.com/shulganew/shear.git/internal/web/validators/validatorurl.go:40.2,40.19 1 0
github.com/shulganew/shear.git/cmd/shortener/main.go:29.13,38.15 7 0
github.com/shulganew/shear.git/cmd/shortener/main.go:38.15,40.17 2 0
github.com/shulganew/shear.git/cmd/shortener/main.go:40.17,44.4 3 0
github.com/shulganew/shear.git/cmd/shortener/main.go:45.3,45.19 1 0
github.com/shulganew/shear.git/cmd/shortener/main.go:49.2,57.130 5 0
github.com/shulganew/shear.git/cmd/shortener/main.go:57.130,59.7 1 0
github.com/shulganew/shear.git/cmd/shortener/main.go:59.7,60.11 1 0
github.com/shulganew/shear.git/cmd/shortener/main.go:61.22,64.22 3 0
github.com/shulganew/shear.git/cmd/shortener/main.go:64.22,66.6 1 0
github.com/shulganew/shear.git/cmd/shortener/main.go:67.5,67.15 1 0
github.com/shulganew/shear.git/cmd/shortener/main.go:68.31,69.37 1 0
github.com/shulganew/shear.git/cmd/shortener/main.go:75.2,75.109 1 0
github.com/shulganew/shear.git/cmd/shortener/main.go:75.109,76.13 1 0
github.com/shulganew/shear.git/cmd/staticlint/docgen.go:10.46,28.30 4 0
github.com/shulganew/shear.git/cmd/staticlint/docgen.go:28.30,34.3 5 0
github.com/shulganew/shear.git/cmd/staticlint/docgen.go:37.2,41.16 3 0
github.com/shulganew/shear.git/cmd/staticlint/docgen.go:41.16,42.13 1 0
github.com/shulganew/shear.git/cmd/staticlint/docgen.go:44.2,44.15 1 0
github.com/shulganew/shear.git/cmd/staticlint/docgen.go:44.15,45.38 1 0
github.com/shulganew/shear.git/cmd/staticlint/docgen.go:45.38,46.14 1 0
github.com/shulganew/shear.git/cmd/staticlint/docgen.go:50.2,53.14 4 0
github.com/shulganew/shear.git/cmd/staticlint/main.go:66.13,78.42 6 0
github.com/shulganew/shear.git/cmd/staticlint/main.go:78.42,79.47 1 0
github.com/shulganew/shear.git/cmd/staticlint/main.go:79.47,81.4 1 0
github.com/shulganew/shear.git/cmd/staticlint/main.go:85.2,92.39 3 0
github.com/shulganew/shear.git/cmd/staticlint/main.go:92.39,93.29 1 0
github.com/shulganew/shear.git/cmd/staticlint/main.go:93.29,95.4 1 0
github.com/shulganew/shear.git/cmd/staticlint/main.go:99.2,118.12 11 0
github.com/shulganew/shear.git/cmd/staticlint/main.go:118.12,125.3 5 0
github.com/shulganew/shear.git/cmd/staticlint/main.go:125.8,129.3 2 0
github.com/shulganew/shear.git/cmd/staticlint/main.go:133.52,135.34 2 0
github.com/shulganew/shear.git/cmd/staticlint/main.go:135.34,138.42 3 0
github.com/shulganew/shear.git/cmd/staticlint/main.go:138.42,139.12 1 0
github.com/shulganew/shear.git/cmd/staticlint/main.go:142.3,142.46 1 0
github.com/shulganew/shear.git/cmd/staticlint/main.go:142.46,143.37 1 0
github.com/shulganew/shear.git/cmd/staticlint/main.go:143.37,144.30 1 0
github.com/shulganew/shear.git/cmd/staticlint/main.go:144.30,146.51 1 0
github.com/shulganew/shear.git/cmd/staticlint/main.go:146.51,147.47 1 0
github.com/shulganew/shear.git/cmd/staticlint/main.go:147.47,148.34 1 0
github.com/shulganew/shear.git/cmd/staticlint/main.go:148.34,150.55 1 0
github.com/shulganew/shear.git/cmd/staticlint/main.go:150.55,152.46 1 0
github.com/shulganew/shear.git/cmd/staticlint/main.go:152.46,154.11 1 0
github.com/shulganew/shear.git/cmd/staticlint/main.go:155.10,155.53 1 0
github.com/shulganew/shear.git/cmd/staticlint/main.go:155.53,156.47 1 0
github.com/shulganew/shear.git/cmd/staticlint/main.go:156.47,157.57 1 0
github.com/shulganew/shear.git/cmd/staticlint/main.go:157.57,159.13 1 0
github.com/shulganew/shear.git/cmd/staticlint/main.go:162.10,162.21 1 0
github.com/shulganew/shear.git/cmd/staticlint/main.go:164.9,164.21 1 0
github.com/shulganew/shear.git/cmd/staticlint/main.go:167.7,167.18 1 0
github.com/shulganew/shear.git/cmd/staticlint/main.go:169.6,169.18 1 0
github.com/shulganew/shear.git/cmd/staticlint/main.go:172.4,172.15 1 0
github.com/shulganew/shear.git/cmd/staticlint/main.go:175.2,175.17 1 0
github.com/shulganew/shear.git/docs/docs.go:259.13,261.2 1 1
github.com/shulganew/shear.git/internal/app/init.go:28.176,32.28 3 0
github.com/shulganew/shear.git/internal/app/init.go:32.28,35.17 2 0
github.com/shulganew/shear.git/internal/app/init.go:35.17,40.4 3 0
github.com/shulganew/shear.git/internal/app/init.go:42.3,42.41 1 0
github.com/shulganew/shear.git/internal/app/init.go:43.8,47.3 2 0
github.com/shulganew/shear.git/internal/app/init.go:49.2,54.19 3 0
github.com/shulganew/shear.git/internal/app/init.go:54.19,60.17 4 0
github.com/shulganew/shear.git/internal/app/init.go:60.17,62.4 1 0
github.com/shulganew/shear.git/internal/app/init.go:65.3,65.27 1 0
github.com/shulganew/shear.git/internal/app/init.go:68.2,70.27 3 0
github.com/shulganew/shear.git/internal/app/init.go:76.69,80.12 4 0
github.com/shulganew/shear.git/internal/app/init.go:80.12,84.3 2 0
github.com/shulganew/shear.git/internal/app/init.go:85.2,85.8 1 0
github.com/shulganew/shear.git/internal/app/init.go:89.34,91.16 2 0
github.com/shulganew/shear.git/internal/app/init.go:91.16,93.13 1 0
github.com/shulganew/shear.git/internal/app/init.go:95.2,99.14 5 0
github.com/shulganew/shear.git/internal/app/init.go:103.70,105.16 2 0
github.com/shulganew/shear.git/internal/app/init.go:105.16,107.3 1 0
github.com/shulganew/shear.git/internal/app/init.go:108.2,108.8 1 0
github.com/shulganew/shear.git/internal/app/init.go:112.91,117.2 3 0
github.com/shulganew/shear.git/internal/config/config.go:28.27,54.11 17 1
github.com/shulganew/shear.git/internal/config/config.go:54.11,57.3 2 0
github.com/shulganew/shear.git/internal/config/config.go:57.8,59.3 1 1
github.com/shulganew/shear.git/internal/config/config.go:62.2,64.11 2 1
github.com/shulganew/shear.git/internal/config/config.go:64.11,68.3 3 1
github.com/shulganew/shear.git/internal/config/config.go:68.8,68.24 1 0
github.com/shulganew/shear.git/internal/config/config.go:68.24,73.3 4 0
github.com/shulganew/shear.git/internal/config/config.go:76.2,77.11 2 1
github.com/shulganew/shear.git/internal/config/config.go:77.11,81.3 3 1
github.com/shulganew/shear.git/internal/config/config.go:81.8,81.25 1 0
github.com/shulganew/shear.git/internal/config/config.go:81.25,85.3 3 0
github.com/shulganew/shear.git/internal/config/config.go:85.8,88.3 2 0
github.com/shulganew/shear.git/internal/config/config.go:90.2,91.16 2 1
github.com/shulganew/shear.git/internal/config/ctxvalues.go:13.60,15.2 1 0
github.com/shulganew/shear.git/internal/config/ctxvalues.go:18.39,20.2 1 0
github.com/shulganew/shear.git/internal/config/ctxvalues.go:23.37,25.2 1 0
github.com/shulganew/shear.git/internal/entities/short.go:26.90,28.16 2 1
github.com/shulganew/shear.git/internal/entities/short.go:28.16,30.3 1 0
github.com/shulganew/shear.git/internal/entities/short.go:31.2,31.109 1 1
github.com/shulganew/shear.git/internal/service/delete.go:17.93,19.2 1 0
github.com/shulganew/shear.git/internal/service/delete.go:28.62,31.2 2 0
github.com/shulganew/shear.git/internal/service/delete.go:34.99,37.26 2 0
github.com/shulganew/shear.git/internal/service/delete.go:37.26,39.3 1 0
github.com/shulganew/shear.git/internal/service/delete.go:40.2,41.16 2 0
github.com/shulganew/shear.git/internal/service/delete.go:45.44,47.12 2 0
github.com/shulganew/shear.git/internal/service/delete.go:47.12,49.30 2 0
github.com/shulganew/shear.git/internal/service/delete.go:49.30,51.4 1 0
github.com/shulganew/shear.git/internal/service/delete.go:53.2,53.16 1 0
github.com/shulganew/shear.git/internal/service/shortener.go:41.46,43.2 1 1
github.com/shulganew/shear.git/internal/service/shortener.go:46.89,48.16 2 1
github.com/shulganew/shear.git/internal/service/shortener.go:48.16,50.3 1 0
github.com/shulganew/shear.git/internal/service/shortener.go:51.2,51.12 1 1
github.com/shulganew/shear.git/internal/service/shortener.go:55.83,57.16 2 0
github.com/shulganew/shear.git/internal/service/shortener.go:57.16,59.3 1 0
github.com/shulganew/shear.git/internal/service/shortener.go:60.2,60.12 1 0
github.com/shulganew/shear.git/internal/service/shortener.go:64.108,66.2 1 1
github.com/shulganew/shear.git/internal/service/shortener.go:69.107,71.2 1 1
github.com/shulganew/shear.git/internal/service/shortener.go:74.72,76.2 1 0
github.com/shulganew/shear.git/internal/service/shortener.go:79.91,81.2 1 0
github.com/shulganew/shear.git/internal/service/shortener.go:84.79,85.32 1 0
github.com/shulganew/shear.git/internal/service/shortener.go:85.32,87.3 1 0
github.com/shulganew/shear.git/internal/service/shortener.go:91.71,93.2 1 0
github.com/shulganew/shear.git/internal/service/shortener.go:96.107,102.16 3 0
github.com/shulganew/shear.git/internal/service/shortener.go:102.16,104.3 1 0
github.com/shulganew/shear.git/internal/service/shortener.go:105.2,106.16 2 0
github.com/shulganew/shear.git/internal/service/shortener.go:106.16,108.3 1 0
github.com/shulganew/shear.git/internal/service/shortener.go:109.2,109.8 1 0
github.com/shulganew/shear.git/internal/service/shortener.go:113.122,123.16 9 1
github.com/shulganew/shear.git/internal/service/shortener.go:123.16,125.3 1 0
github.com/shulganew/shear.git/internal/service/shortener.go:126.2,126.8 1 1
github.com/shulganew/shear.git/internal/service/shortener.go:130.37,133.35 3 1
github.com/shulganew/shear.git/internal/service/shortener.go:133.35,135.3 1 1
github.com/shulganew/shear.git/internal/service/shortener.go:136.2,136.18 1 1
github.com/shulganew/shear.git/internal/service/shortener.go:142.33,146.35 4 0
github.com/shulganew/shear.git/internal/service/shortener.go:146.35,148.3 1 0
github.com/shulganew/shear.git/internal/service/shortener.go:149.2,149.20 1 0
github.com/shulganew/shear.git/internal/service/shortener.go:153.78,156.16 2 0
github.com/shulganew/shear.git/internal/service/shortener.go:156.16,158.3 1 0
github.com/shulganew/shear.git/internal/service/shortener.go:160.2,161.16 2 0
github.com/shulganew/shear.git/internal/service/shortener.go:161.16,163.3 1 0
github.com/shulganew/shear.git/internal/service/shortener.go:166.2,167.16 2 0
github.com/shulganew/shear.git/internal/service/shortener.go:167.16,169.3 1 0
github.com/shulganew/shear.git/internal/service/shortener.go:170.2,170.21 1 0
github.com/shulganew/shear.git/internal/service/shortener.go:175.76,177.16 2 0
github.com/shulganew/shear.git/internal/service/shortener.go:177.16,180.3 2 0
github.com/shulganew/shear.git/internal/service/shortener.go:182.2,184.16 2 0
github.com/shulganew/shear.git/internal/service/shortener.go:184.16,186.3 1 0
github.com/shulganew/shear.git/internal/service/shortener.go:188.2,191.16 3 0
github.com/shulganew/shear.git/internal/service/shortener.go:191.16,194.3 2 0
github.com/shulganew/shear.git/internal/service/shortener.go:195.2,195.31 1 0
github.com/shulganew/shear.git/internal/service/shortener.go:199.76,202.16 3 0
github.com/shulganew/shear.git/internal/service/shortener.go:202.16,205.3 2 0
github.com/shulganew/shear.git/internal/service/shortener.go:207.2,208.54 2 0
github.com/shulganew/shear.git/internal/service/shortener.go:212.82,216.16 3 0
github.com/shulganew/shear.git/internal/service/shortener.go:216.16,219.3 2 0
github.com/shulganew/shear.git/internal/service/shortener.go:221.2,222.16 2 0
github.com/shulganew/shear.git/internal/service/shortener.go:222.16,225.3 2 0
github.com/shulganew/shear.git/internal/service/shortener.go:227.2,230.8 4 0
github.com/shulganew/shear.git/internal/storage/db.go:23.62,27.2 3 0
github.com/shulganew/shear.git/internal/storage/db.go:30.78,32.16 2 0
github.com/shulganew/shear.git/internal/storage/db.go:32.16,35.72 2 0
github.com/shulganew/shear.git/internal/storage/db.go:35.72,37.54 1 0
github.com/shulganew/shear.git/internal/storage/db.go:37.54,40.35 1 0
github.com/shulganew/shear.git/internal/storage/db.go:40.35,43.6 2 0
github.com/shulganew/shear.git/internal/storage/db.go:44.5,45.53 2 0
github.com/shulganew/shear.git/internal/storage/db.go:50.3,50.27 1 0
github.com/shulganew/shear.git/internal/storage/db.go:50.27,53.4 1 0
github.com/shulganew/shear.git/internal/storage/db.go:54.3,54.13 1 0
github.com/shulganew/shear.git/internal/storage/db.go:56.2,56.12 1 0
github.com/shulganew/shear.git/internal/storage/db.go:60.76,62.16 2 0
github.com/shulganew/shear.git/internal/storage/db.go:62.16,64.3 1 0
github.com/shulganew/shear.git/internal/storage/db.go:66.2,67.16 2 0
github.com/shulganew/shear.git/internal/storage/db.go:67.16,69.3 1 0
github.com/shulganew/shear.git/internal/storage/db.go:71.2,71.31 1 0
github.com/shulganew/shear.git/internal/storage/db.go:71.31,73.17 2 0
github.com/shulganew/shear.git/internal/storage/db.go:73.17,76.73 2 0
github.com/shulganew/shear.git/internal/storage/db.go:76.73,78.61 1 0
github.com/shulganew/shear.git/internal/storage/db.go:78.61,81.6 1 0
github.com/shulganew/shear.git/internal/storage/db.go:83.4,84.14 2 0
github.com/shulganew/shear.git/internal/storage/db.go:88.2,89.16 2 0
github.com/shulganew/shear.git/internal/storage/db.go:89.16,91.3 1 0
github.com/shulganew/shear.git/internal/storage/db.go:92.2,92.12 1 0
github.com/shulganew/shear.git/internal/storage/db.go:96.108,100.16 4 0
github.com/shulganew/shear.git/internal/storage/db.go:100.16,101.27 1 0
github.com/shulganew/shear.git/internal/storage/db.go:101.27,103.4 1 0
github.com/shulganew/shear.git/internal/storage/db.go:104.3,104.23 1 0
github.com/shulganew/shear.git/internal/storage/db.go:106.2,106.44 1 0
github.com/shulganew/shear.git/internal/storage/db.go:110.107,115.16 4 0
github.com/shulganew/shear.git/internal/storage/db.go:115.16,116.27 1 0
github.com/shulganew/shear.git/internal/storage/db.go:116.27,118.4 1 0
github.com/shulganew/shear.git/internal/storage/db.go:119.3,119.23 1 0
github.com/shulganew/shear.git/internal/storage/db.go:122.2,122.43 1 0
github.com/shulganew/shear.git/internal/storage/db.go:126.62,128.16 2 0
github.com/shulganew/shear.git/internal/storage/db.go:128.16,130.3 1 0
github.com/shulganew/shear.git/internal/storage/db.go:132.2,135.18 3 0
github.com/shulganew/shear.git/internal/storage/db.go:135.18,138.17 3 0
github.com/shulganew/shear.git/internal/storage/db.go:138.17,140.4 1 0
github.com/shulganew/shear.git/internal/storage/db.go:142.3,142.33 1 0
github.com/shulganew/shear.git/internal/storage/db.go:145.2,146.16 2 0
github.com/shulganew/shear.git/internal/storage/db.go:146.16,148.3 1 0
github.com/shulganew/shear.git/internal/storage/db.go:150.2,150.15 1 0
github.com/shulganew/shear.git/internal/storage/db.go:154.81,156.16 2 0
github.com/shulganew/shear.git/internal/storage/db.go:156.16,158.3 1 0
github.com/shulganew/shear.git/internal/storage/db.go:159.2,162.18 3 0
github.com/shulganew/shear.git/internal/storage/db.go:162.18,165.17 3 0
github.com/shulganew/shear.git/internal/storage/db.go:165.17,167.4 1 0
github.com/shulganew/shear.git/internal/storage/db.go:169.3,169.33 1 0
github.com/shulganew/shear.git/internal/storage/db.go:171.2,172.16 2 0
github.com/shulganew/shear.git/internal/storage/db.go:172.16,174.3 1 0
github.com/shulganew/shear.git/internal/storage/db.go:175.2,175.15 1 0
github.com/shulganew/shear.git/internal/storage/db.go:179.94,183.24 3 0
github.com/shulganew/shear.git/internal/storage/db.go:183.24,185.3 1 0
github.com/shulganew/shear.git/internal/storage/db.go:187.2,193.16 3 0
github.com/shulganew/shear.git/internal/storage/db.go:193.16,195.3 1 0
github.com/shulganew/shear.git/internal/storage/db.go:196.2,196.8 1 0
github.com/shulganew/shear.git/internal/storage/db.go:200.67,206.16 4 0
github.com/shulganew/shear.git/internal/storage/db.go:206.16,208.3 1 0
github.com/shulganew/shear.git/internal/storage/db.go:209.2,210.18 2 0
github.com/shulganew/shear.git/internal/storage/db.go:214.81,216.16 2 0
github.com/shulganew/shear.git/internal/storage/db.go:216.16,219.3 2 0
github.com/shulganew/shear.git/internal/storage/db.go:220.2,220.12 1 0
github.com/shulganew/shear.git/internal/storage/db.go:224.50,229.2 4 0
github.com/shulganew/shear.git/internal/storage/errors.go:18.84,20.2 1 0
github.com/shulganew/shear.git/internal/storage/errors.go:23.44,25.2 1 0
github.com/shulganew/shear.git/internal/storage/errors.go:28.44,30.2 1 0
github.com/shulganew/shear.git/internal/storage/errors.go:40.106,42.2 1 0
github.com/shulganew/shear.git/internal/storage/errors.go:45.46,47.2 1 0
github.com/shulganew/shear.git/internal/storage/errors.go:50.46,52.2 1 0
github.com/shulganew/shear.git/internal/storage/memory.go:16.26,18.2 1 1
github.com/shulganew/shear.git/internal/storage/memory.go:21.85,26.2 3 1
github.com/shulganew/shear.git/internal/storage/memory.go:29.77,32.2 2 0
github.com/shulganew/shear.git/internal/storage/memory.go:35.109,36.66 1 1
github.com/shulganew/shear.git/internal/storage/memory.go:36.66,36.93 1 1
github.com/shulganew/shear.git/internal/storage/memory.go:37.2,37.14 1 1
github.com/shulganew/shear.git/internal/storage/memory.go:37.14,41.3 3 1
github.com/shulganew/shear.git/internal/storage/memory.go:42.2,42.8 1 1
github.com/shulganew/shear.git/internal/storage/memory.go:46.108,47.66 1 1
github.com/shulganew/shear.git/internal/storage/memory.go:47.66,47.95 1 1
github.com/shulganew/shear.git/internal/storage/memory.go:48.2,48.14 1 1
github.com/shulganew/shear.git/internal/storage/memory.go:48.14,52.3 3 1
github.com/shulganew/shear.git/internal/storage/memory.go:53.2,53.8 1 1
github.com/shulganew/shear.git/internal/storage/memory.go:58.63,60.2 1 0
github.com/shulganew/shear.git/internal/storage/memory.go:63.82,65.36 2 0
github.com/shulganew/shear.git/internal/storage/memory.go:65.36,67.17 2 0
github.com/shulganew/shear.git/internal/storage/memory.go:67.17,68.20 1 0
github.com/shulganew/shear.git/internal/storage/memory.go:68.20,70.5 1 0
github.com/shulganew/shear.git/internal/storage/memory.go:73.2,73.15 1 0
github.com/shulganew/shear.git/internal/storage/memory.go:77.89,78.31 1 0
github.com/shulganew/shear.git/internal/storage/memory.go:78.31,79.67 1 0
github.com/shulganew/shear.git/internal/storage/memory.go:79.67,79.121 1 0
github.com/shulganew/shear.git/internal/storage/memory.go:80.3,80.15 1 0
github.com/shulganew/shear.git/internal/storage/memory.go:80.15,82.4 1 0
github.com/shulganew/shear.git/internal/storage/memory.go:84.2,84.12 1 0
github.com/shulganew/shear.git/internal/web/handlers/batch.go:25.81,28.2 1 0
github.com/shulganew/shear.git/internal/web/handlers/batch.go:41.77,44.16 2 0
github.com/shulganew/shear.git/internal/web/handlers/batch.go:44.16,46.3 1 0
github.com/shulganew/shear.git/internal/web/handlers/batch.go:48.2,49.67 2 0
github.com/shulganew/shear.git/internal/web/handlers/batch.go:49.67,53.3 3 0
github.com/shulganew/shear.git/internal/web/handlers/batch.go:55.2,57.29 3 0
github.com/shulganew/shear.git/internal/web/handlers/batch.go:57.29,60.17 3 0
github.com/shulganew/shear.git/internal/web/handlers/batch.go:60.17,62.4 1 0
github.com/shulganew/shear.git/internal/web/handlers/batch.go:64.3,66.17 3 0
github.com/shulganew/shear.git/internal/web/handlers/batch.go:66.17,69.4 2 0
github.com/shulganew/shear.git/internal/web/handlers/batch.go:71.3,75.41 4 0
github.com/shulganew/shear.git/internal/web/handlers/batch.go:79.2,83.16 3 0
github.com/shulganew/shear.git/internal/web/handlers/batch.go:83.16,84.30 1 0
github.com/shulganew/shear.git/internal/web/handlers/batch.go:84.30,93.18 7 0
github.com/shulganew/shear.git/internal/web/handlers/batch.go:93.18,96.5 2 0
github.com/shulganew/shear.git/internal/web/handlers/batch.go:99.4,102.10 4 0
github.com/shulganew/shear.git/internal/web/handlers/batch.go:106.2,107.16 2 0
github.com/shulganew/shear.git/internal/web/handlers/batch.go:107.16,109.3 1 0
github.com/shulganew/shear.git/internal/web/handlers/batch.go:111.2,116.22 4 0
github.com/shulganew/shear.git/internal/web/handlers/del.go:20.65,23.2 1 0
github.com/shulganew/shear.git/internal/web/handlers/del.go:35.77,38.27 2 0
github.com/shulganew/shear.git/internal/web/handlers/del.go:38.27,41.3 1 0
github.com/shulganew/shear.git/internal/web/handlers/del.go:43.2,46.16 3 0
github.com/shulganew/shear.git/internal/web/handlers/del.go:46.16,48.3 1 0
github.com/shulganew/shear.git/internal/web/handlers/del.go:50.2,52.16 3 0
github.com/shulganew/shear.git/internal/web/handlers/del.go:52.16,54.3 1 0
github.com/shulganew/shear.git/internal/web/handlers/del.go:57.2,64.28 4 0
github.com/shulganew/shear.git/internal/web/handlers/json.go:34.77,36.2 1 0
github.com/shulganew/shear.git/internal/web/handlers/json.go:47.75,49.67 2 0
github.com/shulganew/shear.git/internal/web/handlers/json.go:49.67,52.3 2 0
github.com/shulganew/shear.git/internal/web/handlers/json.go:54.2,55.16 2 0
github.com/shulganew/shear.git/internal/web/handlers/json.go:55.16,58.3 2 0
github.com/shulganew/shear.git/internal/web/handlers/json.go:59.2,61.16 3 0
github.com/shulganew/shear.git/internal/web/handlers/json.go:61.16,64.3 2 0
github.com/shulganew/shear.git/internal/web/handlers/json.go:67.2,68.16 2 0
github.com/shulganew/shear.git/internal/web/handlers/json.go:68.16,71.3 2 0
github.com/shulganew/shear.git/internal/web/handlers/json.go:74.2,79.16 3 0
[...]
github.com/shulganew/shear.git/internal/service/shortener.go:102.16,104.3 1 0
github.com/shulganew/shear.git/internal/service/shortener.go:105.2,106.16 2 0
github.com/shulganew/shear.git/internal/service/shortener.go:106.16,108.3 1 0
github.com/shulganew/shear.git/internal/service/shortener.go:109.2,109.8 1 0
github.com/shulganew/shear.git/internal/service/shortener.go:113.122,123.16 9 0
github.com/shulganew/shear.git/internal/service/shortener.go:123.16,125.3 1 0
github.com/shulganew/shear.git/internal/service/shortener.go:126.2,126.8 1 0
github.com/shulganew/shear.git/internal/service/shortener.go:130.37,133.35 3 0
github.com/shulganew/shear.git/internal/service/shortener.go:133.35,135.3 1 0
github.com/shulganew/shear.git/internal/service/shortener.go:136.2,136.18 1 0
github.com/shulganew/shear.git/internal/service/shortener.go:142.33,146.35 4 0
github.com/shulganew/shear.git/internal/service/shortener.go:146.35,148.3 1 0
github.com/shulganew/shear.git/internal/service/shortener.go:149.2,149.20 1 0
github.com/shulganew/shear.git/internal/service/shortener.go:153.78,156.16 2 0
github.com/shulganew/shear.git/internal/service/shortener.go:156.16,158.3 1 0
github.com/shulganew/shear.git/internal/service/shortener.go:160.2,161.16 2 0
github.com/shulganew/shear.git/internal/service/shortener.go:161.16,163.3 1 0
github.com/shulganew/shear.git/internal/service/shortener.go:166.2,167.16 2 0
github.com/shulganew/shear.git/internal/service/shortener.go:167.16,169.3 1 0
github.com/shulganew/shear.git/internal/service/shortener.go:170.2,170.21 1 0
github.com/shulganew/shear.git/internal/service/shortener.go:175.76,177.16 2 0
github.com/shulganew/shear.git/internal/service/shortener.go:177.16,180.3 2 0
github.com/shulganew/shear.git/internal/service/shortener.go:182.2,184.16 2 0
github.com/shulganew/shear.git/internal/service/shortener.go:184.16,186.3 1 0
github.com/shulganew/shear.git/internal/service/shortener.go:188.2,191.16 3 0
github.com/shulganew/shear.git/internal/service/shortener.go:191.16,194.3 2 0
github.com/shulganew/shear.git/internal/service/shortener.go:195.2,195.31 1 0
github.com/shulganew/shear.git/internal/service/shortener.go:199.76,202.16 3 0
github.com/shulganew/shear.git/internal/service/shortener.go:202.16,205.3 2 0
github.com/shulganew/shear.git/internal/service/shortener.go:207.2,208.54 2 0
github.com/shulganew/shear.git/internal/service/shortener.go:212.82,216.16 3 0
github.com/shulganew/shear.git/internal/service/shortener.go:216.16,219.3 2 0
github.com/shulganew/shear.git/internal/service/shortener.go:221.2,222.16 2 0
github.com/shulganew/shear.git/internal/service/shortener.go:222.16,225.3 2 0
github.com/shulganew/shear.git/internal/service/shortener.go:227.2,230.8 4 0
github.com/shulganew/shear.git/internal/storage/db.go:23.62,27.2 3 0
github.com/shulganew/shear.git/internal/storage/db.go:30.78,32.16 2 0
github.com/shulganew/shear.git/internal/storage/db.go:32.16,35.72 2 0
github.com/shulganew/shear.git/internal/storage/db.go:35.72,37.54 1 0
github.com/shulganew/shear.git/internal/storage/db.go:37.54,40.35 1 0
github.com/shulganew/shear.git/internal/storage/db.go:40.35,43.6 2 0
github.com/shulganew/shear.git/internal/storage/db.go:44.5,45.53 2 0
github.com/shulganew/shear.git/internal/storage/db.go:50.3,50.27 1 0
github.com/shulganew/shear.git/internal/storage/db.go:50.27,53.4 1 0
github.com/shulganew/shear.git/internal/storage/db.go:54.3,54.13 1 0
github.com/shulganew/shear.git/internal/storage/db.go:56.2,56.12 1 0
github.com/shulganew/shear.git/internal/storage/db.go:60.76,62.16 2 0
github.com/shulganew/shear.git/internal/storage/db.go:62.16,64.3 1 0
github.com/shulganew/shear.git/internal/storage/db.go:66.2,67.16 2 0
github.com/shulganew/shear.git/internal/storage/db.go:67.16,69.3 1 0
github.com/shulganew/shear.git/internal/storage/db.go:71.2,71.31 1 0
github.com/shulganew/shear.git/internal/storage/db.go:71.31,73.17 2 0
github.com/shulganew/shear.git/internal/storage/db.go:73.17,76.73 2 0
github.com/shulganew/shear.git/internal/storage/db.go:76.73,78.61 1 0
github.com/shulganew/shear.git/internal/storage/db.go:78.61,81.6 1 0
github.com/shulganew/shear.git/internal/storage/db.go:83.4,84.14 2 0
github.com/shulganew/shear.git/internal/storage/db.go:88.2,89.16 2 0
github.com/shulganew/shear.git/internal/storage/db.go:89.16,91.3 1 0
github.com/shulganew/shear.git/internal/storage/db.go:92.2,92.12 1 0
github.com/shulganew/shear.git/internal/storage/db.go:96.108,100.16 4 0
github.com/shulganew/shear.git/internal/storage/db.go:100.16,101.27 1 0
github.com/shulganew/shear.git/internal/storage/db.go:101.27,103.4 1 0
github.com/shulganew/shear.git/internal/storage/db.go:104.3,104.23 1 0
github.com/shulganew/shear.git/internal/storage/db.go:106.2,106.44 1 0
github.com/shulganew/shear.git/internal/storage/db.go:110.107,115.16 4 0
github.com/shulganew/shear.git/internal/storage/db.go:115.16,116.27 1 0
github.com/shulganew/shear.git/internal/storage/db.go:116.27,118.4 1 0
github.com/shulganew/shear.git/internal/storage/db.go:119.3,119.23 1 0
github.com/shulganew/shear.git/internal/storage/db.go:122.2,122.43 1 0
github.com/shulganew/shear.git/internal/storage/db.go:126.62,128.16 2 0
github.com/shulganew/shear.git/internal/storage/db.go:128.16,130.3 1 0
github.com/shulganew/shear.git/internal/storage/db.go:132.2,135.18 3 0
github.com/shulganew/shear.git/internal/storage/db.go:135.18,138.17 3 0
github.com/shulganew/shear.git/internal/storage/db.go:138.17,140.4 1 0
github.com/shulganew/shear.git/internal/storage/db.go:142.3,142.33 1 0
github.com/shulganew/shear.git/internal/storage/db.go:145.2,146.16 2 0
github.com/shulganew/shear.git/internal/storage/db.go:146.16,148.3 1 0
github.com/shulganew/shear.git/internal/storage/db.go:150.2,150.15 1 0
github.com/shulganew/shear.git/internal/storage/db.go:154.81,156.16 2 0
github.com/shulganew/shear.git/internal/storage/db.go:156.16,158.3 1 0
github.com/shulganew/shear.git/internal/storage/db.go:159.2,162.18 3 0
github.com/shulganew/shear.git/internal/storage/db.go:162.18,165.17 3 0
github.com/shulganew/shear.git/internal/storage/db.go:165.17,167.4 1 0
github.com/shulganew/shear.git/internal/storage/db.go:169.3,169.33 1 0
github.com/shulganew/shear.git/internal/storage/db.go:171.2,172.16 2 0
github.com/shulganew/shear.git/internal/storage/db.go:172.16,174.3 1 0
github.com/shulganew/shear.git/internal/storage/db.go:175.2,175.15 1 0
github.com/shulganew/shear.git/internal/storage/db.go:179.94,183.24 3 0
github.com/shulganew/shear.git/internal/storage/db.go:183.24,185.3 1 0
github.com/shulganew/shear.git/internal/storage/db.go:187.2,193.16 3 0
github.com/shulganew/shear.git/internal/storage/db.go:193.16,195.3 1 0
github.com/shulganew/shear.git/internal/storage/db.go:196.2,196.8 1 0
github.com/shulganew/shear.git/internal/storage/db.go:200.67,206.16 4 0
github.com/shulganew/shear.git/internal/storage/db.go:206.16,208.3 1 0
github.com/shulganew/shear.git/internal/storage/db.go:209.2,210.18 2 0
github.com/shulganew/shear.git/internal/storage/db.go:214.81,216.16 2 0
github.com/shulganew/shear.git/internal/storage/db.go:216.16,219.3 2 0
github.com/shulganew/shear.git/internal/storage/db.go:220.2,220.12 1 0
github.com/shulganew/shear.git/internal/storage/db.go:224.50,229.2 4 0
github.com/shulganew/shear.git/internal/storage/errors.go:18.84,20.2 1 0
github.com/shulganew/shear.git/internal/storage/errors.go:23.44,25.2 1 0
github.com/shulganew/shear.git/internal/storage/errors.go:28.44,30.2 1 0
github.com/shulganew/shear.git/internal/storage/errors.go:40.106,42.2 1 0
github.com/shulganew/shear.git/internal/storage/errors.go:45.46,47.2 1 0
github.com/shulganew/shear.git/internal/storage/errors.go:50.46,52.2 1 0
github.com/shulganew/shear.git/internal/storage/memory.go:16.26,18.2 1 0
github.com/shulganew/shear.git/internal/storage/memory.go:21.85,26.2 3 0
github.com/shulganew/shear.git/internal/storage/memory.go:29.77,32.2 2 0
github.com/shulganew/shear.git/internal/storage/memory.go:35.109,36.66 1 0
github.com/shulganew/shear.git/internal/storage/memory.go:36.66,36.93 1 0
github.com/shulganew/shear.git/internal/storage/memory.go:37.2,37.14 1 0
github.com/shulganew/shear.git/internal/storage/memory.go:37.14,41.3 3 0
github.com/shulganew/shear.git/internal/storage/memory.go:42.2,42.8 1 0
github.com/shulganew/shear.git/internal/storage/memory.go:46.108,47.66 1 0
github.com/shulganew/shear.git/internal/storage/memory.go:47.66,47.95 1 0
github.com/shulganew/shear.git/internal/storage/memory.go:48.2,48.14 1 0
github.com/shulganew/shear.git/internal/storage/memory.go:48.14,52.3 3 0
github.com/shulganew/shear.git/internal/storage/memory.go:53.2,53.8 1 0
github.com/shulganew/shear.git/internal/storage/memory.go:58.63,60.2 1 0
github.com/shulganew/shear.git/internal/storage/memory.go:63.82,65.36 2 0
github.com/shulganew/shear.git/internal/storage/memory.go:65.36,67.17 2 0
github.com/shulganew/shear.git/internal/storage/memory.go:67.17,68.20 1 0
github.com/shulganew/shear.git/internal/storage/memory.go:68.20,70.5 1 0
github.com/shulganew/shear.git/internal/storage/memory.go:73.2,73.15 1 0
github.com/shulganew/shear.git/internal/storage/memory.go:77.89,78.31 1 0
github.com/shulganew/shear.git/internal/storage/memory.go:78.31,79.67 1 0
github.com/shulganew/shear.git/internal/storage/memory.go:79.67,79.121 1 0
github.com/shulganew/shear.git/internal/storage/memory.go:80.3,80.15 1 0
github.com/shulganew/shear.git/internal/storage/memory.go:80.15,82.4 1 0
github.com/shulganew/shear.git/internal/storage/memory.go:84.2,84.12 1 0
github.com/shulganew/shear.git/internal/web/handlers/batch.go:25.81,28.2 1 0
github.com/shulganew/shear.git/internal/web/handlers/batch.go:41.77,44.16 2 0
github.com/shulganew/shear.git/internal/web/handlers/batch.go:44.16,46.3 1 0
github.com/shulganew/shear.git/internal/web/handlers/batch.go:48.2,49.67 2 0
github.com/shulganew/shear.git/internal/web/handlers/batch.go:49.67,53.3 3 0
github.com/shulganew/shear.git/internal/web/handlers/batch.go:55.2,57.29 3 0
github.com/shulganew/shear.git/internal/web/handlers/batch.go:57.29,60.17 3 0
github.com/shulganew/shear.git/internal/web/handlers/batch.go:60.17,62.4 1 0
github.com/shulganew/shear.git/internal/web/handlers/batch.go:64.3,66.17 3 0
github.com/shulganew/shear.git/internal/web/handlers/batch.go:66.17,69.4 2 0
github.com/shulganew/shear.git/internal/web/handlers/batch.go:71.3,75.41 4 0
github.com/shulganew/shear.git/internal/web/handlers/batch.go:79.2,83.16 3 0
github.com/shulganew/shear.git/internal/web/handlers/batch.go:83.16,84.30 1 0
github.com/shulganew/shear.git/internal/web/handlers/batch.go:84.30,93.18 7 0
github.com/shulganew/shear.git/internal/web/handlers/batch.go:93.18,96.5 2 0
github.com/shulganew/shear.git/internal/web/handlers/batch.go:99.4,102.10 4 0
github.com/shulganew/shear.git/internal/web/handlers/batch.go:106.2,107.16 2 0
github.com/shulganew/shear.git/internal/web/handlers/batch.go:107.16,109.3 1 0
github.com/shulganew/shear.git/internal/web/handlers/batch.go:111.2,116.22 4 0
github.com/shulganew/shear.git/internal/web/handlers/del.go:20.65,23.2 1 0
github.com/shulganew/shear.git/internal/web/handlers/del.go:35.77,38.27 2 0
github.com/shulganew/shear.git/internal/web/handlers/del.go:38.27,41.3 1 0
github.com/shulganew/shear.git/internal/web/handlers/del.go:43.2,46.16 3 0
github.com/shulganew/shear.git/internal/web/handlers/del.go:46.16,48.3 1 0
github.com/shulganew/shear.git/internal/web/handlers/del.go:50.2,52.16 3 0
github.com/shulganew/shear.git/internal/web/handlers/del.go:52.16,54.3 1 0
github.com/shulganew/shear.git/internal/web/handlers/del.go:57.2,64.28 4 0
github.com/shulganew/shear.git/internal/web/handlers/json.go:34.77,36.2 1 0
github.com/shulganew/shear.git/internal/web/handlers/json.go:47.75,49.67 2 0
github.com/shulganew/shear.git/internal/web/handlers/json.go:49.67,52.3 2 0
github.com/shulganew/shear.git/internal/web/handlers/json.go:54.2,55.16 2 0
github.com/shulganew/shear.git/internal/web/handlers/json.go:55.16,58.3 2 0
github.com/shulganew/shear.git/internal/web/handlers/json.go:59.2,61.16 3 0
github.com/shulganew/shear.git/internal/web/handlers/json.go:61.16,64.3 2 0
github.com/shulganew/shear.git/internal/web/handlers/json.go:67.2,68.16 2 0
github.com/shulganew/shear.git/internal/web/handlers/json.go:68.16,71.3 2 0
github.com/shulganew/shear.git/internal/web/handlers/json.go:74.2,79.16 3 0
github.com/shulganew/shear.git/internal/web/handlers/json.go:79.16,82.30 2 0
github.com/shulganew/shear.git/internal/web/handlers/json.go:82.30,86.18 3 0
github.com/shulganew/shear.git/internal/web/handlers/json.go:86.18,88.5 1 0
github.com/shulganew/shear.git/internal/web/handlers/json.go:91.4,94.18 4 0
github.com/shulganew/shear.git/internal/web/handlers/json.go:94.18,96.5 1 0
github.com/shulganew/shear.git/internal/web/handlers/json.go:97.4,102.10 4 0
github.com/shulganew/shear.git/internal/web/handlers/json.go:105.3,106.78 2 0
github.com/shulganew/shear.git/internal/web/handlers/json.go:109.2,112.16 3 0
github.com/shulganew/shear.git/internal/web/handlers/json.go:112.16,114.3 1 0
github.com/shulganew/shear.git/internal/web/handlers/json.go:115.2,119.20 3 0
github.com/shulganew/shear.git/internal/web/handlers/ping.go:18.30,21.2 1 0
github.com/shulganew/shear.git/internal/web/handlers/ping.go:30.65,32.56 2 0
github.com/shulganew/shear.git/internal/web/handlers/ping.go:32.56,35.3 2 0
github.com/shulganew/shear.git/internal/web/handlers/ping.go:35.8,38.3 2 0
github.com/shulganew/shear.git/internal/web/handlers/url.go:27.80,29.2 1 0
github.com/shulganew/shear.git/internal/web/handlers/url.go:40.73,50.11 5 0
github.com/shulganew/shear.git/internal/web/handlers/url.go:50.11,51.16 1 0
github.com/shulganew/shear.git/internal/web/handlers/url.go:51.16,55.4 2 0
github.com/shulganew/shear.git/internal/web/handlers/url.go:56.3,60.9 3 0
github.com/shulganew/shear.git/internal/web/handlers/url.go:63.2,63.38 1 0
github.com/shulganew/shear.git/internal/web/handlers/url.go:77.73,79.16 2 0
github.com/shulganew/shear.git/internal/web/handlers/url.go:79.16,81.3 1 0
github.com/shulganew/shear.git/internal/web/handlers/url.go:83.2,84.16 2 0
github.com/shulganew/shear.git/internal/web/handlers/url.go:84.16,86.3 1 0
github.com/shulganew/shear.git/internal/web/handlers/url.go:87.2,90.16 4 0
github.com/shulganew/shear.git/internal/web/handlers/url.go:90.16,93.3 2 0
github.com/shulganew/shear.git/internal/web/handlers/url.go:96.2,100.16 3 0
github.com/shulganew/shear.git/internal/web/handlers/url.go:100.16,102.3 1 0
github.com/shulganew/shear.git/internal/web/handlers/url.go:105.2,107.16 2 0
github.com/shulganew/shear.git/internal/web/handlers/url.go:107.16,109.30 2 0
github.com/shulganew/shear.git/internal/web/handlers/url.go:109.30,116.18 4 0
github.com/shulganew/shear.git/internal/web/handlers/url.go:116.18,118.5 1 0
github.com/shulganew/shear.git/internal/web/handlers/url.go:119.4,120.10 2 0
github.com/shulganew/shear.git/internal/web/handlers/url.go:123.3,124.78 2 0
github.com/shulganew/shear.git/internal/web/handlers/url.go:127.2,129.39 2 0
github.com/shulganew/shear.git/internal/web/handlers/usersurls.go:28.83,31.2 1 0
github.com/shulganew/shear.git/internal/web/handlers/usersurls.go:43.78,47.27 2 0
github.com/shulganew/shear.git/internal/web/handlers/usersurls.go:47.27,50.3 1 0
github.com/shulganew/shear.git/internal/web/handlers/usersurls.go:52.2,59.22 4 0
github.com/shulganew/shear.git/internal/web/handlers/usersurls.go:59.22,63.3 3 0
github.com/shulganew/shear.git/internal/web/handlers/usersurls.go:65.2,67.31 2 0
github.com/shulganew/shear.git/internal/web/handlers/usersurls.go:67.31,69.17 2 0
github.com/shulganew/shear.git/internal/web/handlers/usersurls.go:69.17,71.4 1 0
github.com/shulganew/shear.git/internal/web/handlers/usersurls.go:72.3,72.91 1 0
github.com/shulganew/shear.git/internal/web/handlers/usersurls.go:75.2,76.16 2 0
github.com/shulganew/shear.git/internal/web/handlers/usersurls.go:76.16,78.3 1 0
github.com/shulganew/shear.git/internal/web/handlers/usersurls.go:79.2,86.20 4 0
github.com/shulganew/shear.git/internal/web/middlewares/auth.go:16.40,17.75 1 0
github.com/shulganew/shear.git/internal/web/middlewares/auth.go:17.75,23.9 4 0
github.com/shulganew/shear.git/internal/web/middlewares/auth.go:23.9,29.35 3 0
github.com/shulganew/shear.git/internal/web/middlewares/auth.go:29.35,31.33 1 0
github.com/shulganew/shear.git/internal/web/middlewares/auth.go:31.33,33.6 1 0
github.com/shulganew/shear.git/internal/web/middlewares/auth.go:34.5,34.26 1 0
github.com/shulganew/shear.git/internal/web/middlewares/auth.go:36.9,40.18 2 0
github.com/shulganew/shear.git/internal/web/middlewares/auth.go:40.18,43.5 2 0
github.com/shulganew/shear.git/internal/web/middlewares/auth.go:46.4,47.18 2 0
github.com/shulganew/shear.git/internal/web/middlewares/auth.go:47.18,50.5 2 0
github.com/shulganew/shear.git/internal/web/middlewares/auth.go:52.4,62.20 7 0
github.com/shulganew/shear.git/internal/web/middlewares/auth.go:65.3,66.41 2 0
github.com/shulganew/shear.git/internal/web/middlewares/middlewgzip.go:21.50,23.2 1 0
github.com/shulganew/shear.git/internal/web/middlewares/middlewgzip.go:26.45,27.71 1 0
github.com/shulganew/shear.git/internal/web/middlewares/middlewgzip.go:27.71,35.65 4 0
github.com/shulganew/shear.git/internal/web/middlewares/middlewgzip.go:35.65,39.18 3 0
github.com/shulganew/shear.git/internal/web/middlewares/middlewgzip.go:39.18,43.5 3 0
github.com/shulganew/shear.git/internal/web/middlewares/middlewgzip.go:44.4,48.18 4 0
github.com/shulganew/shear.git/internal/web/middlewares/middlewgzip.go:48.18,52.5 3 0
github.com/shulganew/shear.git/internal/web/middlewares/middlewgzip.go:55.4,60.23 4 0
github.com/shulganew/shear.git/internal/web/middlewares/middlewgzip.go:64.3,64.65 1 0
github.com/shulganew/shear.git/internal/web/middlewares/middlewgzip.go:64.65,67.4 2 0
github.com/shulganew/shear.git/internal/web/middlewares/middlewgzip.go:70.3,71.17 2 0
github.com/shulganew/shear.git/internal/web/middlewares/middlewgzip.go:71.17,75.4 3 0
github.com/shulganew/shear.git/internal/web/middlewares/middlewgzip.go:76.3,87.4 5 0
github.com/shulganew/shear.git/internal/web/middlewares/middlewlog.go:25.62,30.2 4 0
github.com/shulganew/shear.git/internal/web/middlewares/middlewlog.go:33.61,36.48 3 0
github.com/shulganew/shear.git/internal/web/middlewares/middlewlog.go:36.48,38.3 1 0
github.com/shulganew/shear.git/internal/web/middlewares/middlewlog.go:42.45,43.71 1 0
github.com/shulganew/shear.git/internal/web/middlewares/middlewlog.go:43.71,73.58 9 0
github.com/shulganew/shear.git/internal/web/middlewares/middlewlog.go:73.58,75.4 1 0
github.com/shulganew/shear.git/internal/web/router/router.go:20.136,24.42 2 0
github.com/shulganew/shear.git/internal/web/router/router.go:24.42,25.72 1 0
github.com/shulganew/shear.git/internal/web/router/router.go:25.72,29.4 2 0
github.com/shulganew/shear.git/internal/web/router/router.go:32.2,32.34 1 0
github.com/shulganew/shear.git/internal/web/router/router.go:32.34,63.17 17 0
github.com/shulganew/shear.git/internal/web/router/router.go:63.17,70.4 5 0
github.com/shulganew/shear.git/internal/web/router/router.go:73.3,75.5 1 0
github.com/shulganew/shear.git/internal/web/router/router.go:77.2,77.8 1 0
github.com/shulganew/shear.git/internal/web/validators/validatorurl.go:13.58,17.16 2 0
github.com/shulganew/shear.git/internal/web/validators/validatorurl.go:17.16,20.3 2 0
github.com/shulganew/shear.git/internal/web/validators/validatorurl.go:23.2,23.27 1 0
github.com/shulganew/shear.git/internal/web/validators/validatorurl.go:23.27,26.3 1 0
github.com/shulganew/shear.git/internal/web/validators/validatorurl.go:28.2,29.16 2 0
github.com/shulganew/shear.git/internal/web/validators/validatorurl.go:29.16,32.3 2 0
github.com/shulganew/shear.git/internal/web/validators/validatorurl.go:35.2,36.16 2 0
github.com/shulganew/shear.git/internal/web/validators/validatorurl.go:36.16,39.3 2 0
github.com/shulganew/shear.git/internal/web/validators/validatorurl.go:40.2,40.19 1 0
