mode: set
github.com/shulganew/shear.git/internal/app/init.go:17.179,23.28 3 0
github.com/shulganew/shear.git/internal/app/init.go:23.28,26.17 2 0
github.com/shulganew/shear.git/internal/app/init.go:26.17,31.4 3 0
github.com/shulganew/shear.git/internal/app/init.go:33.3,33.41 1 0
github.com/shulganew/shear.git/internal/app/init.go:34.8,38.3 2 0
github.com/shulganew/shear.git/internal/app/init.go:40.2,43.19 2 0
github.com/shulganew/shear.git/internal/app/init.go:43.19,49.17 4 0
github.com/shulganew/shear.git/internal/app/init.go:49.17,51.4 1 0
github.com/shulganew/shear.git/internal/app/init.go:54.3,54.27 1 0
github.com/shulganew/shear.git/internal/app/init.go:58.2,62.26 3 0
github.com/shulganew/shear.git/internal/app/init.go:67.69,71.12 4 0
github.com/shulganew/shear.git/internal/app/init.go:71.12,75.3 2 0
github.com/shulganew/shear.git/internal/app/init.go:76.2,76.8 1 0
github.com/shulganew/shear.git/internal/app/init.go:79.34,81.16 2 0
github.com/shulganew/shear.git/internal/app/init.go:81.16,83.13 1 0
github.com/shulganew/shear.git/internal/app/init.go:85.2,91.14 5 0
github.com/shulganew/shear.git/internal/service/mocks/shortener_mock.gen.go:27.65,31.2 3 0
github.com/shulganew/shear.git/internal/service/mocks/shortener_mock.gen.go:34.63,36.2 1 0
github.com/shulganew/shear.git/internal/service/mocks/shortener_mock.gen.go:39.92,42.2 2 0
github.com/shulganew/shear.git/internal/service/mocks/shortener_mock.gen.go:45.98,48.2 2 0
github.com/shulganew/shear.git/internal/service/mocks/shortener_mock.gen.go:51.71,56.2 4 0
github.com/shulganew/shear.git/internal/service/mocks/shortener_mock.gen.go:59.76,62.2 2 0
github.com/shulganew/shear.git/internal/service/mocks/shortener_mock.gen.go:65.92,72.2 6 0
github.com/shulganew/shear.git/internal/service/mocks/shortener_mock.gen.go:75.86,78.2 2 0
github.com/shulganew/shear.git/internal/service/mocks/shortener_mock.gen.go:81.92,88.2 6 0
github.com/shulganew/shear.git/internal/service/mocks/shortener_mock.gen.go:91.86,94.2 2 0
github.com/shulganew/shear.git/internal/service/mocks/shortener_mock.gen.go:97.90,102.2 4 0
github.com/shulganew/shear.git/internal/service/mocks/shortener_mock.gen.go:105.88,108.2 2 0
github.com/shulganew/shear.git/internal/service/mocks/shortener_mock.gen.go:111.87,116.2 4 0
github.com/shulganew/shear.git/internal/service/mocks/shortener_mock.gen.go:119.96,122.2 2 0
github.com/shulganew/shear.git/internal/service/mocks/shortener_mock.gen.go:125.84,130.2 4 0
github.com/shulganew/shear.git/internal/service/mocks/shortener_mock.gen.go:133.83,136.2 2 0
github.com/shulganew/shear.git/cmd/shortener/main.go:23.13,34.15 7 0
github.com/shulganew/shear.git/cmd/shortener/main.go:34.15,36.17 2 0
github.com/shulganew/shear.git/cmd/shortener/main.go:36.17,40.4 3 0
github.com/shulganew/shear.git/cmd/shortener/main.go:41.3,41.19 1 0
github.com/shulganew/shear.git/cmd/shortener/main.go:46.2,54.107 5 0
github.com/shulganew/shear.git/cmd/shortener/main.go:54.107,56.7 2 0
github.com/shulganew/shear.git/cmd/shortener/main.go:56.7,57.11 1 0
github.com/shulganew/shear.git/cmd/shortener/main.go:58.22,61.22 3 0
github.com/shulganew/shear.git/cmd/shortener/main.go:61.22,63.6 1 0
github.com/shulganew/shear.git/cmd/shortener/main.go:64.5,64.15 1 0
github.com/shulganew/shear.git/cmd/shortener/main.go:65.31,66.43 1 0
github.com/shulganew/shear.git/cmd/shortener/main.go:72.2,72.117 1 0
github.com/shulganew/shear.git/cmd/shortener/main.go:72.117,73.13 1 0
github.com/shulganew/shear.git/internal/app/init.go:17.179,23.28 3 0
github.com/shulganew/shear.git/internal/app/init.go:23.28,26.17 2 0
github.com/shulganew/shear.git/internal/app/init.go:26.17,31.4 3 0
github.com/shulganew/shear.git/internal/app/init.go:33.3,33.41 1 0
github.com/shulganew/shear.git/internal/app/init.go:34.8,38.3 2 0
github.com/shulganew/shear.git/internal/app/init.go:40.2,43.19 2 0
github.com/shulganew/shear.git/internal/app/init.go:43.19,49.17 4 0
github.com/shulganew/shear.git/internal/app/init.go:49.17,51.4 1 0
github.com/shulganew/shear.git/internal/app/init.go:54.3,54.27 1 0
github.com/shulganew/shear.git/internal/app/init.go:58.2,62.26 3 0
github.com/shulganew/shear.git/internal/app/init.go:67.69,71.12 4 0
github.com/shulganew/shear.git/internal/app/init.go:71.12,75.3 2 0
github.com/shulganew/shear.git/internal/app/init.go:76.2,76.8 1 0
github.com/shulganew/shear.git/internal/app/init.go:79.34,81.16 2 0
github.com/shulganew/shear.git/internal/app/init.go:81.16,83.13 1 0
github.com/shulganew/shear.git/internal/app/init.go:85.2,91.14 5 0
github.com/shulganew/shear.git/internal/config/config.go:41.27,73.11 17 1
github.com/shulganew/shear.git/internal/config/config.go:73.11,77.3 2 0
github.com/shulganew/shear.git/internal/config/config.go:77.8,80.3 1 1
github.com/shulganew/shear.git/internal/config/config.go:83.2,85.11 2 1
github.com/shulganew/shear.git/internal/config/config.go:85.11,90.3 3 1
github.com/shulganew/shear.git/internal/config/config.go:90.8,90.24 1 0
github.com/shulganew/shear.git/internal/config/config.go:90.24,96.3 4 0
github.com/shulganew/shear.git/internal/config/config.go:100.2,101.11 2 1
github.com/shulganew/shear.git/internal/config/config.go:101.11,105.3 3 1
github.com/shulganew/shear.git/internal/config/config.go:105.8,105.25 1 0
github.com/shulganew/shear.git/internal/config/config.go:105.25,109.3 3 0
github.com/shulganew/shear.git/internal/config/config.go:109.8,112.3 2 0
github.com/shulganew/shear.git/internal/config/config.go:114.2,115.16 2 1
github.com/shulganew/shear.git/internal/config/ctxvalues.go:9.60,12.2 1 0
github.com/shulganew/shear.git/internal/config/ctxvalues.go:14.39,16.2 1 0
github.com/shulganew/shear.git/internal/config/ctxvalues.go:18.37,20.2 1 0
github.com/shulganew/shear.git/internal/entities/short.go:27.90,29.16 2 0
github.com/shulganew/shear.git/internal/entities/short.go:29.16,31.3 1 0
github.com/shulganew/shear.git/internal/entities/short.go:33.2,33.62 1 0
github.com/shulganew/shear.git/internal/service/backuper.go:22.37,24.2 1 0
github.com/shulganew/shear.git/internal/service/backuper.go:27.79,32.2 3 0
github.com/shulganew/shear.git/internal/service/backuper.go:34.50,37.16 2 0
github.com/shulganew/shear.git/internal/service/backuper.go:37.16,39.3 1 0
github.com/shulganew/shear.git/internal/service/backuper.go:41.2,42.18 2 0
github.com/shulganew/shear.git/internal/service/backuper.go:42.18,44.3 1 0
github.com/shulganew/shear.git/internal/service/backuper.go:45.2,50.12 4 0
github.com/shulganew/shear.git/internal/service/backuper.go:53.74,57.18 2 0
github.com/shulganew/shear.git/internal/service/backuper.go:57.18,59.3 1 0
github.com/shulganew/shear.git/internal/service/backuper.go:60.2,64.31 4 0
github.com/shulganew/shear.git/internal/service/backuper.go:64.31,68.17 2 0
github.com/shulganew/shear.git/internal/service/backuper.go:68.17,70.4 1 0
github.com/shulganew/shear.git/internal/service/backuper.go:73.3,74.33 2 0
github.com/shulganew/shear.git/internal/service/backuper.go:76.2,78.12 3 0
github.com/shulganew/shear.git/internal/service/backuper.go:81.50,84.16 2 0
github.com/shulganew/shear.git/internal/service/backuper.go:84.16,85.25 1 0
github.com/shulganew/shear.git/internal/service/backuper.go:85.25,88.4 2 0
github.com/shulganew/shear.git/internal/service/backuper.go:90.3,91.18 2 0
github.com/shulganew/shear.git/internal/service/backuper.go:93.2,97.6 4 0
github.com/shulganew/shear.git/internal/service/backuper.go:97.6,99.47 2 0
github.com/shulganew/shear.git/internal/service/backuper.go:99.47,100.9 1 0
github.com/shulganew/shear.git/internal/service/backuper.go:101.9,101.24 1 0
github.com/shulganew/shear.git/internal/service/backuper.go:101.24,103.14 2 0
github.com/shulganew/shear.git/internal/service/backuper.go:105.3,105.33 1 0
github.com/shulganew/shear.git/internal/service/backuper.go:107.2,109.20 2 0
github.com/shulganew/shear.git/internal/service/backuper.go:112.45,115.2 1 0
github.com/shulganew/shear.git/internal/service/backuper.go:117.68,120.12 2 0
github.com/shulganew/shear.git/internal/service/backuper.go:120.12,121.7 1 0
github.com/shulganew/shear.git/internal/service/backuper.go:121.7,125.4 2 0
github.com/shulganew/shear.git/internal/service/delete.go:17.115,19.2 1 0
github.com/shulganew/shear.git/internal/service/delete.go:27.63,30.2 2 0
github.com/shulganew/shear.git/internal/service/delete.go:35.99,38.26 2 0
github.com/shulganew/shear.git/internal/service/delete.go:38.26,40.3 1 0
github.com/shulganew/shear.git/internal/service/delete.go:41.2,42.16 2 0
github.com/shulganew/shear.git/internal/service/delete.go:46.44,48.12 2 0
github.com/shulganew/shear.git/internal/service/delete.go:48.12,50.30 2 0
github.com/shulganew/shear.git/internal/service/delete.go:50.30,52.4 1 0
github.com/shulganew/shear.git/internal/service/delete.go:54.2,54.16 1 0
github.com/shulganew/shear.git/internal/service/shortener.go:40.48,42.2 1 0
github.com/shulganew/shear.git/internal/service/shortener.go:44.91,46.16 2 0
github.com/shulganew/shear.git/internal/service/shortener.go:46.16,48.3 1 0
github.com/shulganew/shear.git/internal/service/shortener.go:49.2,49.12 1 0
github.com/shulganew/shear.git/internal/service/shortener.go:52.85,54.16 2 0
github.com/shulganew/shear.git/internal/service/shortener.go:54.16,56.3 1 0
github.com/shulganew/shear.git/internal/service/shortener.go:57.2,57.12 1 0
github.com/shulganew/shear.git/internal/service/shortener.go:60.110,62.2 1 0
github.com/shulganew/shear.git/internal/service/shortener.go:64.109,66.2 1 0
github.com/shulganew/shear.git/internal/service/shortener.go:68.93,70.2 1 0
github.com/shulganew/shear.git/internal/service/shortener.go:72.82,74.32 1 0
github.com/shulganew/shear.git/internal/service/shortener.go:74.32,76.3 1 0
github.com/shulganew/shear.git/internal/service/shortener.go:80.74,84.2 1 0
github.com/shulganew/shear.git/internal/service/shortener.go:87.108,93.16 3 0
github.com/shulganew/shear.git/internal/service/shortener.go:93.16,95.3 1 0
github.com/shulganew/shear.git/internal/service/shortener.go:96.2,97.16 2 0
github.com/shulganew/shear.git/internal/service/shortener.go:97.16,99.3 1 0
github.com/shulganew/shear.git/internal/service/shortener.go:101.2,101.8 1 0
github.com/shulganew/shear.git/internal/service/shortener.go:105.32,108.35 3 0
github.com/shulganew/shear.git/internal/service/shortener.go:108.35,110.3 1 0
github.com/shulganew/shear.git/internal/service/shortener.go:111.2,111.18 1 0
github.com/shulganew/shear.git/internal/service/shortener.go:116.78,119.16 2 0
github.com/shulganew/shear.git/internal/service/shortener.go:119.16,121.3 1 0
github.com/shulganew/shear.git/internal/service/shortener.go:123.2,124.16 2 0
github.com/shulganew/shear.git/internal/service/shortener.go:124.16,126.3 1 0
github.com/shulganew/shear.git/internal/service/shortener.go:129.2,130.16 2 0
github.com/shulganew/shear.git/internal/service/shortener.go:130.16,132.3 1 0
github.com/shulganew/shear.git/internal/service/shortener.go:133.2,133.21 1 0
github.com/shulganew/shear.git/internal/service/shortener.go:137.76,140.16 2 0
github.com/shulganew/shear.git/internal/service/shortener.go:140.16,143.3 2 0
github.com/shulganew/shear.git/internal/service/shortener.go:145.2,147.16 2 0
github.com/shulganew/shear.git/internal/service/shortener.go:147.16,149.3 1 0
github.com/shulganew/shear.git/internal/service/shortener.go:151.2,154.16 3 0
github.com/shulganew/shear.git/internal/service/shortener.go:154.16,157.3 2 0
github.com/shulganew/shear.git/internal/service/shortener.go:158.2,158.31 1 0
github.com/shulganew/shear.git/internal/service/shortener.go:162.76,167.16 3 0
github.com/shulganew/shear.git/internal/service/shortener.go:167.16,170.3 2 0
github.com/shulganew/shear.git/internal/service/shortener.go:172.2,174.54 2 0
github.com/shulganew/shear.git/internal/service/shortener.go:178.82,183.16 3 0
github.com/shulganew/shear.git/internal/service/shortener.go:183.16,186.3 2 0
github.com/shulganew/shear.git/internal/service/shortener.go:188.2,189.16 2 0
github.com/shulganew/shear.git/internal/service/shortener.go:189.16,192.3 2 0
github.com/shulganew/shear.git/internal/service/shortener.go:194.2,197.8 4 0
github.com/shulganew/shear.git/internal/service/mocks/shortener_mock.gen.go:27.65,31.2 3 1
github.com/shulganew/shear.git/internal/service/mocks/shortener_mock.gen.go:34.63,36.2 1 1
github.com/shulganew/shear.git/internal/service/mocks/shortener_mock.gen.go:39.92,42.2 2 0
github.com/shulganew/shear.git/internal/service/mocks/shortener_mock.gen.go:45.98,48.2 2 0
github.com/shulganew/shear.git/internal/service/mocks/shortener_mock.gen.go:51.71,56.2 4 0
github.com/shulganew/shear.git/internal/service/mocks/shortener_mock.gen.go:59.76,62.2 2 0
github.com/shulganew/shear.git/internal/service/mocks/shortener_mock.gen.go:65.92,72.2 6 1
github.com/shulganew/shear.git/internal/service/mocks/shortener_mock.gen.go:75.86,78.2 2 1
github.com/shulganew/shear.git/internal/service/mocks/shortener_mock.gen.go:81.92,88.2 6 0
github.com/shulganew/shear.git/internal/service/mocks/shortener_mock.gen.go:91.86,94.2 2 0
github.com/shulganew/shear.git/internal/service/mocks/shortener_mock.gen.go:97.90,102.2 4 0
github.com/shulganew/shear.git/internal/service/mocks/shortener_mock.gen.go:105.88,108.2 2 0
github.com/shulganew/shear.git/internal/service/mocks/shortener_mock.gen.go:111.87,116.2 4 0
github.com/shulganew/shear.git/internal/service/mocks/shortener_mock.gen.go:119.96,122.2 2 0
github.com/shulganew/shear.git/internal/service/mocks/shortener_mock.gen.go:125.84,130.2 4 0
github.com/shulganew/shear.git/internal/service/mocks/shortener_mock.gen.go:133.83,136.2 2 0
github.com/shulganew/shear.git/internal/storage/db.go:20.62,24.2 3 0
github.com/shulganew/shear.git/internal/storage/db.go:26.78,28.16 2 0
github.com/shulganew/shear.git/internal/storage/db.go:28.16,32.72 2 0
github.com/shulganew/shear.git/internal/storage/db.go:32.72,35.54 1 0
github.com/shulganew/shear.git/internal/storage/db.go:35.54,38.35 1 0
github.com/shulganew/shear.git/internal/storage/db.go:38.35,41.6 2 0
github.com/shulganew/shear.git/internal/storage/db.go:43.5,44.53 2 0
github.com/shulganew/shear.git/internal/storage/db.go:49.3,49.27 1 0
github.com/shulganew/shear.git/internal/storage/db.go:49.27,53.4 1 0
github.com/shulganew/shear.git/internal/storage/db.go:54.3,54.13 1 0
github.com/shulganew/shear.git/internal/storage/db.go:56.2,56.12 1 0
github.com/shulganew/shear.git/internal/storage/db.go:59.108,65.16 4 0
github.com/shulganew/shear.git/internal/storage/db.go:65.16,66.27 1 0
github.com/shulganew/shear.git/internal/storage/db.go:66.27,68.4 1 0
github.com/shulganew/shear.git/internal/storage/db.go:69.3,69.13 1 0
github.com/shulganew/shear.git/internal/storage/db.go:72.2,72.44 1 0
github.com/shulganew/shear.git/internal/storage/db.go:75.107,81.16 4 0
github.com/shulganew/shear.git/internal/storage/db.go:81.16,82.27 1 0
github.com/shulganew/shear.git/internal/storage/db.go:82.27,84.4 1 0
github.com/shulganew/shear.git/internal/storage/db.go:85.3,85.13 1 0
github.com/shulganew/shear.git/internal/storage/db.go:88.2,88.43 1 0
github.com/shulganew/shear.git/internal/storage/db.go:91.62,93.16 2 0
github.com/shulganew/shear.git/internal/storage/db.go:93.16,94.13 1 0
github.com/shulganew/shear.git/internal/storage/db.go:97.2,100.18 3 0
github.com/shulganew/shear.git/internal/storage/db.go:100.18,103.17 3 0
github.com/shulganew/shear.git/internal/storage/db.go:103.17,104.14 1 0
github.com/shulganew/shear.git/internal/storage/db.go:107.3,107.33 1 0
github.com/shulganew/shear.git/internal/storage/db.go:110.2,111.16 2 0
github.com/shulganew/shear.git/internal/storage/db.go:111.16,112.13 1 0
github.com/shulganew/shear.git/internal/storage/db.go:115.2,115.15 1 0
github.com/shulganew/shear.git/internal/storage/db.go:118.81,120.16 2 0
github.com/shulganew/shear.git/internal/storage/db.go:120.16,121.13 1 0
github.com/shulganew/shear.git/internal/storage/db.go:123.2,126.18 3 0
github.com/shulganew/shear.git/internal/storage/db.go:126.18,129.17 3 0
github.com/shulganew/shear.git/internal/storage/db.go:129.17,130.14 1 0
github.com/shulganew/shear.git/internal/storage/db.go:133.3,133.33 1 0
github.com/shulganew/shear.git/internal/storage/db.go:135.2,136.16 2 0
github.com/shulganew/shear.git/internal/storage/db.go:136.16,137.13 1 0
github.com/shulganew/shear.git/internal/storage/db.go:139.2,139.15 1 0
github.com/shulganew/shear.git/internal/storage/db.go:142.76,145.16 2 0
github.com/shulganew/shear.git/internal/storage/db.go:145.16,146.13 1 0
github.com/shulganew/shear.git/internal/storage/db.go:149.2,150.16 2 0
github.com/shulganew/shear.git/internal/storage/db.go:150.16,151.13 1 0
github.com/shulganew/shear.git/internal/storage/db.go:154.2,154.31 1 0
github.com/shulganew/shear.git/internal/storage/db.go:154.31,156.17 2 0
github.com/shulganew/shear.git/internal/storage/db.go:156.17,159.73 2 0
github.com/shulganew/shear.git/internal/storage/db.go:159.73,161.61 1 0
github.com/shulganew/shear.git/internal/storage/db.go:161.61,164.6 1 0
github.com/shulganew/shear.git/internal/storage/db.go:166.4,167.14 2 0
github.com/shulganew/shear.git/internal/storage/db.go:171.2,172.16 2 0
github.com/shulganew/shear.git/internal/storage/db.go:172.16,173.13 1 0
github.com/shulganew/shear.git/internal/storage/db.go:175.2,175.12 1 0
github.com/shulganew/shear.git/internal/storage/db.go:178.83,182.24 3 0
github.com/shulganew/shear.git/internal/storage/db.go:182.24,184.3 1 0
github.com/shulganew/shear.git/internal/storage/db.go:186.2,192.16 3 0
github.com/shulganew/shear.git/internal/storage/db.go:192.16,193.13 1 0
github.com/shulganew/shear.git/internal/storage/db.go:197.67,203.16 4 0
github.com/shulganew/shear.git/internal/storage/db.go:203.16,204.13 1 0
github.com/shulganew/shear.git/internal/storage/db.go:206.2,207.18 2 0
github.com/shulganew/shear.git/internal/storage/db.go:210.75,213.16 3 0
github.com/shulganew/shear.git/internal/storage/db.go:213.16,214.13 1 0
github.com/shulganew/shear.git/internal/storage/db.go:220.70,222.16 2 0
github.com/shulganew/shear.git/internal/storage/db.go:222.16,224.3 1 0
github.com/shulganew/shear.git/internal/storage/db.go:225.2,225.8 1 0
github.com/shulganew/shear.git/internal/storage/db.go:228.50,236.2 5 0
github.com/shulganew/shear.git/internal/storage/errors.go:17.44,19.2 1 0
github.com/shulganew/shear.git/internal/storage/errors.go:21.44,23.2 1 0
github.com/shulganew/shear.git/internal/storage/errors.go:25.84,27.2 1 0
github.com/shulganew/shear.git/internal/storage/errors.go:36.46,38.2 1 0
github.com/shulganew/shear.git/internal/storage/errors.go:39.46,41.2 1 0
github.com/shulganew/shear.git/internal/storage/errors.go:43.106,45.2 1 0
github.com/shulganew/shear.git/internal/storage/memory.go:14.26,16.2 1 0
github.com/shulganew/shear.git/internal/storage/memory.go:18.85,23.2 3 0
github.com/shulganew/shear.git/internal/storage/memory.go:25.77,28.2 2 0
github.com/shulganew/shear.git/internal/storage/memory.go:30.109,31.66 1 0
github.com/shulganew/shear.git/internal/storage/memory.go:31.66,31.93 1 0
github.com/shulganew/shear.git/internal/storage/memory.go:32.2,32.14 1 0
github.com/shulganew/shear.git/internal/storage/memory.go:32.14,36.3 3 0
github.com/shulganew/shear.git/internal/storage/memory.go:37.2,37.8 1 0
github.com/shulganew/shear.git/internal/storage/memory.go:40.108,41.66 1 0
github.com/shulganew/shear.git/internal/storage/memory.go:41.66,41.95 1 0
github.com/shulganew/shear.git/internal/storage/memory.go:42.2,42.14 1 0
github.com/shulganew/shear.git/internal/storage/memory.go:42.14,46.3 3 0
github.com/shulganew/shear.git/internal/storage/memory.go:47.2,47.8 1 0
github.com/shulganew/shear.git/internal/storage/memory.go:51.63,53.2 1 0
github.com/shulganew/shear.git/internal/storage/memory.go:55.82,57.36 2 0
github.com/shulganew/shear.git/internal/storage/memory.go:57.36,59.17 2 0
github.com/shulganew/shear.git/internal/storage/memory.go:59.17,60.20 1 0
github.com/shulganew/shear.git/internal/storage/memory.go:60.20,62.5 1 0
github.com/shulganew/shear.git/internal/storage/memory.go:65.2,65.15 1 0
github.com/shulganew/shear.git/internal/storage/memory.go:68.84,69.31 1 0
github.com/shulganew/shear.git/internal/storage/memory.go:69.31,70.67 1 0
github.com/shulganew/shear.git/internal/storage/memory.go:70.67,70.121 1 0
github.com/shulganew/shear.git/internal/storage/memory.go:71.3,71.15 1 0
github.com/shulganew/shear.git/internal/storage/memory.go:71.15,73.4 1 0
github.com/shulganew/shear.git/internal/web/handlers/batch.go:21.82,24.2 1 0
github.com/shulganew/shear.git/internal/web/handlers/batch.go:26.77,29.16 2 0
github.com/shulganew/shear.git/internal/web/handlers/batch.go:29.16,31.3 1 0
github.com/shulganew/shear.git/internal/web/handlers/batch.go:33.2,34.68 2 0
github.com/shulganew/shear.git/internal/web/handlers/batch.go:34.68,38.3 3 0
github.com/shulganew/shear.git/internal/web/handlers/batch.go:40.2,42.29 3 0
github.com/shulganew/shear.git/internal/web/handlers/batch.go:42.29,45.17 2 0
github.com/shulganew/shear.git/internal/web/handlers/batch.go:45.17,47.4 1 0
github.com/shulganew/shear.git/internal/web/handlers/batch.go:49.3,56.17 5 0
github.com/shulganew/shear.git/internal/web/handlers/batch.go:56.17,58.4 1 0
github.com/shulganew/shear.git/internal/web/handlers/batch.go:59.3,60.41 2 0
github.com/shulganew/shear.git/internal/web/handlers/batch.go:64.2,68.16 3 0
github.com/shulganew/shear.git/internal/web/handlers/batch.go:68.16,69.30 1 0
github.com/shulganew/shear.git/internal/web/handlers/batch.go:69.30,77.18 6 0
github.com/shulganew/shear.git/internal/web/handlers/batch.go:77.18,79.5 1 0
github.com/shulganew/shear.git/internal/web/handlers/batch.go:82.4,85.10 4 0
github.com/shulganew/shear.git/internal/web/handlers/batch.go:89.2,90.16 2 0
github.com/shulganew/shear.git/internal/web/handlers/batch.go:90.16,92.3 1 0
github.com/shulganew/shear.git/internal/web/handlers/batch.go:94.2,99.22 4 0
github.com/shulganew/shear.git/internal/web/handlers/del.go:16.66,19.2 1 0
github.com/shulganew/shear.git/internal/web/handlers/del.go:22.77,25.27 2 0
github.com/shulganew/shear.git/internal/web/handlers/del.go:25.27,28.3 1 0
github.com/shulganew/shear.git/internal/web/handlers/del.go:30.2,33.16 3 0
github.com/shulganew/shear.git/internal/web/handlers/del.go:33.16,35.3 1 0
github.com/shulganew/shear.git/internal/web/handlers/del.go:37.2,39.16 3 0
github.com/shulganew/shear.git/internal/web/handlers/del.go:39.16,41.3 1 0
github.com/shulganew/shear.git/internal/web/handlers/del.go:44.2,51.28 4 0
github.com/shulganew/shear.git/internal/web/handlers/json.go:28.78,31.2 1 0
github.com/shulganew/shear.git/internal/web/handlers/json.go:33.75,37.67 2 0
github.com/shulganew/shear.git/internal/web/handlers/json.go:37.67,40.3 2 0
github.com/shulganew/shear.git/internal/web/handlers/json.go:42.2,43.16 2 0
github.com/shulganew/shear.git/internal/web/handlers/json.go:43.16,45.3 1 0
github.com/shulganew/shear.git/internal/web/handlers/json.go:46.2,51.16 4 0
github.com/shulganew/shear.git/internal/web/handlers/json.go:51.16,53.3 1 0
github.com/shulganew/shear.git/internal/web/handlers/json.go:56.2,61.16 3 0
github.com/shulganew/shear.git/internal/web/handlers/json.go:61.16,64.30 2 0
github.com/shulganew/shear.git/internal/web/handlers/json.go:64.30,68.18 2 0
github.com/shulganew/shear.git/internal/web/handlers/json.go:68.18,70.5 1 0
github.com/shulganew/shear.git/internal/web/handlers/json.go:73.4,75.18 3 0
github.com/shulganew/shear.git/internal/web/handlers/json.go:75.18,77.5 1 0
github.com/shulganew/shear.git/internal/web/handlers/json.go:78.4,83.10 4 0
github.com/shulganew/shear.git/internal/web/handlers/json.go:86.3,87.78 2 0
github.com/shulganew/shear.git/internal/web/handlers/json.go:90.2,93.16 3 0
github.com/shulganew/shear.git/internal/web/handlers/json.go:93.16,95.3 1 0
github.com/shulganew/shear.git/internal/web/handlers/json.go:96.2,101.20 3 0
github.com/shulganew/shear.git/internal/web/handlers/ping.go:14.30,17.2 1 0
github.com/shulganew/shear.git/internal/web/handlers/ping.go:20.65,24.56 2 0
github.com/shulganew/shear.git/internal/web/handlers/ping.go:24.56,27.3 2 0
github.com/shulganew/shear.git/internal/web/handlers/ping.go:27.8,29.3 1 0
github.com/shulganew/shear.git/internal/web/handlers/url.go:23.81,26.2 1 0
github.com/shulganew/shear.git/internal/web/handlers/url.go:29.73,39.11 5 0
github.com/shulganew/shear.git/internal/web/handlers/url.go:39.11,40.16 1 0
github.com/shulganew/shear.git/internal/web/handlers/url.go:40.16,44.4 2 0
github.com/shulganew/shear.git/internal/web/handlers/url.go:45.3,49.9 3 0
github.com/shulganew/shear.git/internal/web/handlers/url.go:52.2,52.38 1 0
github.com/shulganew/shear.git/internal/web/handlers/url.go:56.73,58.16 2 0
github.com/shulganew/shear.git/internal/web/handlers/url.go:58.16,60.3 1 0
github.com/shulganew/shear.git/internal/web/handlers/url.go:62.2,63.16 2 0
github.com/shulganew/shear.git/internal/web/handlers/url.go:63.16,65.3 1 0
github.com/shulganew/shear.git/internal/web/handlers/url.go:66.2,75.16 6 0
github.com/shulganew/shear.git/internal/web/handlers/url.go:75.16,77.3 1 0
github.com/shulganew/shear.git/internal/web/handlers/url.go:80.2,82.16 2 0
github.com/shulganew/shear.git/internal/web/handlers/url.go:82.16,84.30 2 0
github.com/shulganew/shear.git/internal/web/handlers/url.go:84.30,90.18 3 0
github.com/shulganew/shear.git/internal/web/handlers/url.go:90.18,92.5 1 0
github.com/shulganew/shear.git/internal/web/handlers/url.go:93.4,94.10 2 0
github.com/shulganew/shear.git/internal/web/handlers/url.go:97.3,98.78 2 0
github.com/shulganew/shear.git/internal/web/handlers/url.go:101.2,103.39 2 0
github.com/shulganew/shear.git/internal/web/handlers/usersurls.go:22.84,25.2 1 0
github.com/shulganew/shear.git/internal/web/handlers/usersurls.go:28.78,33.27 2 0
github.com/shulganew/shear.git/internal/web/handlers/usersurls.go:33.27,36.3 1 0
github.com/shulganew/shear.git/internal/web/handlers/usersurls.go:38.2,45.22 4 0
github.com/shulganew/shear.git/internal/web/handlers/usersurls.go:45.22,49.3 3 0
github.com/shulganew/shear.git/internal/web/handlers/usersurls.go:51.2,53.31 2 0
github.com/shulganew/shear.git/internal/web/handlers/usersurls.go:53.31,56.3 2 0
github.com/shulganew/shear.git/internal/web/handlers/usersurls.go:58.2,59.16 2 0
github.com/shulganew/shear.git/internal/web/handlers/usersurls.go:59.16,61.3 1 0
github.com/shulganew/shear.git/internal/web/handlers/usersurls.go:62.2,70.20 4 0
github.com/shulganew/shear.git/internal/web/middlewares/auth.go:13.40,14.75 1 0
github.com/shulganew/shear.git/internal/web/middlewares/auth.go:14.75,22.9 4 0
github.com/shulganew/shear.git/internal/web/middlewares/auth.go:22.9,28.35 3 0
github.com/shulganew/shear.git/internal/web/middlewares/auth.go:28.35,30.33 1 0
github.com/shulganew/shear.git/internal/web/middlewares/auth.go:30.33,32.6 1 0
github.com/shulganew/shear.git/internal/web/middlewares/auth.go:33.5,33.26 1 0
github.com/shulganew/shear.git/internal/web/middlewares/auth.go:36.9,40.18 2 0
github.com/shulganew/shear.git/internal/web/middlewares/auth.go:40.18,43.5 2 0
github.com/shulganew/shear.git/internal/web/middlewares/auth.go:46.4,47.18 2 0
github.com/shulganew/shear.git/internal/web/middlewares/auth.go:47.18,50.5 2 0
github.com/shulganew/shear.git/internal/web/middlewares/auth.go:52.4,62.20 7 0
github.com/shulganew/shear.git/internal/web/middlewares/auth.go:66.3,67.41 2 0
github.com/shulganew/shear.git/internal/web/middlewares/middlewgzip.go:19.50,21.2 1 0
github.com/shulganew/shear.git/internal/web/middlewares/middlewgzip.go:23.45,24.71 1 0
github.com/shulganew/shear.git/internal/web/middlewares/middlewgzip.go:24.71,32.65 4 0
github.com/shulganew/shear.git/internal/web/middlewares/middlewgzip.go:32.65,36.18 3 0
github.com/shulganew/shear.git/internal/web/middlewares/middlewgzip.go:36.18,40.5 3 0
github.com/shulganew/shear.git/internal/web/middlewares/middlewgzip.go:41.4,45.18 4 0
github.com/shulganew/shear.git/internal/web/middlewares/middlewgzip.go:45.18,49.5 3 0
github.com/shulganew/shear.git/internal/web/middlewares/middlewgzip.go:52.4,57.23 4 0
github.com/shulganew/shear.git/internal/web/middlewares/middlewgzip.go:61.3,61.65 1 0
github.com/shulganew/shear.git/internal/web/middlewares/middlewgzip.go:61.65,64.4 2 0
github.com/shulganew/shear.git/internal/web/middlewares/middlewgzip.go:67.3,68.17 2 0
github.com/shulganew/shear.git/internal/web/middlewares/middlewgzip.go:68.17,72.4 3 0
github.com/shulganew/shear.git/internal/web/middlewares/middlewgzip.go:73.3,84.4 5 0
github.com/shulganew/shear.git/internal/web/middlewares/middlewlog.go:24.62,29.2 4 0
github.com/shulganew/shear.git/internal/web/middlewares/middlewlog.go:31.61,34.48 3 0
github.com/shulganew/shear.git/internal/web/middlewares/middlewlog.go:34.48,36.3 1 0
github.com/shulganew/shear.git/internal/web/middlewares/middlewlog.go:45.45,46.71 1 0
github.com/shulganew/shear.git/internal/web/middlewares/middlewlog.go:46.71,76.58 9 0
github.com/shulganew/shear.git/internal/web/middlewares/middlewlog.go:76.58,78.4 1 0
github.com/shulganew/shear.git/internal/web/router/router.go:18.169,23.42 2 0
github.com/shulganew/shear.git/internal/web/router/router.go:23.42,24.72 1 0
github.com/shulganew/shear.git/internal/web/router/router.go:24.72,28.4 2 0
github.com/shulganew/shear.git/internal/web/router/router.go:31.2,31.34 1 0
github.com/shulganew/shear.git/internal/web/router/router.go:31.34,63.17 17 0
github.com/shulganew/shear.git/internal/web/router/router.go:63.17,71.4 6 0
github.com/shulganew/shear.git/internal/web/router/router.go:74.2,74.8 1 0
github.com/shulganew/shear.git/internal/web/validators/validatorurl.go:12.58,16.16 2 1
github.com/shulganew/shear.git/internal/web/validators/validatorurl.go:16.16,19.3 2 0
github.com/shulganew/shear.git/internal/web/validators/validatorurl.go:22.2,22.27 1 1
github.com/shulganew/shear.git/internal/web/validators/validatorurl.go:22.27,25.3 1 1
github.com/shulganew/shear.git/internal/web/validators/validatorurl.go:27.2,28.16 2 1
github.com/shulganew/shear.git/internal/web/validators/validatorurl.go:28.16,31.3 2 0
github.com/shulganew/shear.git/internal/web/validators/validatorurl.go:34.2,35.16 2 1
github.com/shulganew/shear.git/internal/web/validators/validatorurl.go:35.16,38.3 2 0
github.com/shulganew/shear.git/internal/web/validators/validatorurl.go:39.2,39.19 1 1
github.com/shulganew/shear.git/internal/config/config.go:41.27,73.11 17 0
github.com/shulganew/shear.git/internal/config/config.go:73.11,77.3 2 0
github.com/shulganew/shear.git/internal/config/config.go:77.8,80.3 1 0
github.com/shulganew/shear.git/internal/config/config.go:83.2,85.11 2 0
github.com/shulganew/shear.git/internal/config/config.go:85.11,90.3 3 0
github.com/shulganew/shear.git/internal/config/config.go:90.8,90.24 1 0
github.com/shulganew/shear.git/internal/config/config.go:90.24,96.3 4 0
github.com/shulganew/shear.git/internal/config/config.go:100.2,101.11 2 0
github.com/shulganew/shear.git/internal/config/config.go:101.11,105.3 3 0
github.com/shulganew/shear.git/internal/config/config.go:105.8,105.25 1 0
github.com/shulganew/shear.git/internal/config/config.go:105.25,109.3 3 0
github.com/shulganew/shear.git/internal/config/config.go:109.8,112.3 2 0
github.com/shulganew/shear.git/internal/config/config.go:114.2,115.16 2 0
github.com/shulganew/shear.git/internal/config/ctxvalues.go:9.60,12.2 1 0
github.com/shulganew/shear.git/internal/config/ctxvalues.go:14.39,16.2 1 0
github.com/shulganew/shear.git/internal/config/ctxvalues.go:18.37,20.2 1 0
github.com/shulganew/shear.git/internal/entities/short.go:27.90,29.16 2 0
github.com/shulganew/shear.git/internal/entities/short.go:29.16,31.3 1 0
github.com/shulganew/shear.git/internal/entities/short.go:33.2,33.62 1 0
github.com/shulganew/shear.git/cmd/shortener/main.go:23.13,34.15 7 0
github.com/shulganew/shear.git/cmd/shortener/main.go:34.15,36.17 2 0
github.com/shulganew/shear.git/cmd/shortener/main.go:36.17,40.4 3 0
github.com/shulganew/shear.git/cmd/shortener/main.go:41.3,41.19 1 0
github.com/shulganew/shear.git/cmd/shortener/main.go:46.2,54.107 5 0
github.com/shulganew/shear.git/cmd/shortener/main.go:54.107,56.7 2 0
github.com/shulganew/shear.git/cmd/shortener/main.go:56.7,57.11 1 0
github.com/shulganew/shear.git/cmd/shortener/main.go:58.22,61.22 3 0
github.com/shulganew/shear.git/cmd/shortener/main.go:61.22,63.6 1 0
github.com/shulganew/shear.git/cmd/shortener/main.go:64.5,64.15 1 0
github.com/shulganew/shear.git/cmd/shortener/main.go:65.31,66.43 1 0
github.com/shulganew/shear.git/cmd/shortener/main.go:72.2,72.117 1 0
github.com/shulganew/shear.git/cmd/shortener/main.go:72.117,73.13 1 0
github.com/shulganew/shear.git/internal/app/init.go:17.179,23.28 3 0
github.com/shulganew/shear.git/internal/app/init.go:23.28,26.17 2 0
github.com/shulganew/shear.git/internal/app/init.go:26.17,31.4 3 0
github.com/shulganew/shear.git/internal/app/init.go:33.3,33.41 1 0
github.com/shulganew/shear.git/internal/app/init.go:34.8,38.3 2 0
github.com/shulganew/shear.git/internal/app/init.go:40.2,43.19 2 0
github.com/shulganew/shear.git/internal/app/init.go:43.19,49.17 4 0
github.com/shulganew/shear.git/internal/app/init.go:49.17,51.4 1 0
github.com/shulganew/shear.git/internal/app/init.go:54.3,54.27 1 0
github.com/shulganew/shear.git/internal/app/init.go:58.2,62.26 3 0
github.com/shulganew/shear.git/internal/app/init.go:67.69,71.12 4 0
github.com/shulganew/shear.git/internal/app/init.go:71.12,75.3 2 0
github.com/shulganew/shear.git/internal/app/init.go:76.2,76.8 1 0
github.com/shulganew/shear.git/internal/app/init.go:79.34,81.16 2 0
github.com/shulganew/shear.git/internal/app/init.go:81.16,83.13 1 0
github.com/shulganew/shear.git/internal/app/init.go:85.2,91.14 5 0
github.com/shulganew/shear.git/internal/config/config.go:41.27,73.11 17 1
github.com/shulganew/shear.git/internal/config/config.go:73.11,77.3 2 0
github.com/shulganew/shear.git/internal/config/config.go:77.8,80.3 1 1
github.com/shulganew/shear.git/internal/config/config.go:83.2,85.11 2 1
github.com/shulganew/shear.git/internal/config/config.go:85.11,90.3 3 1
github.com/shulganew/shear.git/internal/config/config.go:90.8,90.24 1 0
github.com/shulganew/shear.git/internal/config/config.go:90.24,96.3 4 0
github.com/shulganew/shear.git/internal/config/config.go:100.2,101.11 2 1
github.com/shulganew/shear.git/internal/config/config.go:101.11,105.3 3 1
github.com/shulganew/shear.git/internal/config/config.go:105.8,105.25 1 0
github.com/shulganew/shear.git/internal/config/config.go:105.25,109.3 3 0
github.com/shulganew/shear.git/internal/config/config.go:109.8,112.3 2 0
github.com/shulganew/shear.git/internal/config/config.go:114.2,115.16 2 1
github.com/shulganew/shear.git/internal/config/ctxvalues.go:9.60,12.2 1 0
github.com/shulganew/shear.git/internal/config/ctxvalues.go:14.39,16.2 1 0
github.com/shulganew/shear.git/internal/config/ctxvalues.go:18.37,20.2 1 0
github.com/shulganew/shear.git/internal/entities/short.go:27.90,29.16 2 1
github.com/shulganew/shear.git/internal/entities/short.go:29.16,31.3 1 0
github.com/shulganew/shear.git/internal/entities/short.go:33.2,33.62 1 1
github.com/shulganew/shear.git/internal/service/backuper.go:22.37,24.2 1 0
github.com/shulganew/shear.git/internal/service/backuper.go:27.79,32.2 3 0
github.com/shulganew/shear.git/internal/service/backuper.go:34.50,37.16 2 0
github.com/shulganew/shear.git/internal/service/backuper.go:37.16,39.3 1 0
github.com/shulganew/shear.git/internal/service/backuper.go:41.2,42.18 2 0
github.com/shulganew/shear.git/internal/service/backuper.go:42.18,44.3 1 0
github.com/shulganew/shear.git/internal/service/backuper.go:45.2,50.12 4 0
github.com/shulganew/shear.git/internal/service/backuper.go:53.74,57.18 2 0
github.com/shulganew/shear.git/internal/service/backuper.go:57.18,59.3 1 0
github.com/shulganew/shear.git/internal/service/backuper.go:60.2,64.31 4 0
github.com/shulganew/shear.git/internal/service/backuper.go:64.31,68.17 2 0
github.com/shulganew/shear.git/internal/service/backuper.go:68.17,70.4 1 0
github.com/shulganew/shear.git/internal/service/backuper.go:73.3,74.33 2 0
github.com/shulganew/shear.git/internal/service/backuper.go:76.2,78.12 3 0
github.com/shulganew/shear.git/internal/service/backuper.go:81.50,84.16 2 0
github.com/shulganew/shear.git/internal/service/backuper.go:84.16,85.25 1 0
github.com/shulganew/shear.git/internal/service/backuper.go:85.25,88.4 2 0
github.com/shulganew/shear.git/internal/service/backuper.go:90.3,91.18 2 0
github.com/shulganew/shear.git/internal/service/backuper.go:93.2,97.6 4 0
github.com/shulganew/shear.git/internal/service/backuper.go:97.6,99.47 2 0
github.com/shulganew/shear.git/internal/service/backuper.go:99.47,100.9 1 0
github.com/shulganew/shear.git/internal/service/backuper.go:101.9,101.24 1 0
github.com/shulganew/shear.git/internal/service/backuper.go:101.24,103.14 2 0
github.com/shulganew/shear.git/internal/service/backuper.go:105.3,105.33 1 0
github.com/shulganew/shear.git/internal/service/backuper.go:107.2,109.20 2 0
github.com/shulganew/shear.git/internal/service/backuper.go:112.45,115.2 1 0
github.com/shulganew/shear.git/internal/service/backuper.go:117.68,120.12 2 0
github.com/shulganew/shear.git/internal/service/backuper.go:120.12,121.7 1 0
github.com/shulganew/shear.git/internal/service/backuper.go:121.7,125.4 2 0
github.com/shulganew/shear.git/internal/service/delete.go:17.115,19.2 1 0
github.com/shulganew/shear.git/internal/service/delete.go:27.63,30.2 2 0
github.com/shulganew/shear.git/internal/service/delete.go:35.99,38.26 2 0
github.com/shulganew/shear.git/internal/service/delete.go:38.26,40.3 1 0
github.com/shulganew/shear.git/internal/service/delete.go:41.2,42.16 2 0
github.com/shulganew/shear.git/internal/service/delete.go:46.44,48.12 2 0
github.com/shulganew/shear.git/internal/service/delete.go:48.12,50.30 2 0
github.com/shulganew/shear.git/internal/service/delete.go:50.30,52.4 1 0
github.com/shulganew/shear.git/internal/service/delete.go:54.2,54.16 1 0
github.com/shulganew/shear.git/internal/service/shortener.go:40.48,42.2 1 1
github.com/shulganew/shear.git/internal/service/shortener.go:44.91,46.16 2 1
github.com/shulganew/shear.git/internal/service/shortener.go:46.16,48.3 1 0
github.com/shulganew/shear.git/internal/service/shortener.go:49.2,49.12 1 1
github.com/shulganew/shear.git/internal/service/shortener.go:52.85,54.16 2 0
github.com/shulganew/shear.git/internal/service/shortener.go:54.16,56.3 1 0
github.com/shulganew/shear.git/internal/service/shortener.go:57.2,57.12 1 0
github.com/shulganew/shear.git/internal/service/shortener.go:60.110,62.2 1 1
github.com/shulganew/shear.git/internal/service/shortener.go:64.109,66.2 1 1
github.com/shulganew/shear.git/internal/service/shortener.go:68.93,70.2 1 0
github.com/shulganew/shear.git/internal/service/shortener.go:72.82,74.32 1 0
github.com/shulganew/shear.git/internal/service/shortener.go:74.32,76.3 1 0
github.com/shulganew/shear.git/internal/service/shortener.go:80.74,84.2 1 0
github.com/shulganew/shear.git/internal/service/shortener.go:87.108,93.16 3 1
github.com/shulganew/shear.git/internal/service/shortener.go:93.16,95.3 1 0
github.com/shulganew/shear.git/internal/service/shortener.go:96.2,97.16 2 1
github.com/shulganew/shear.git/internal/service/shortener.go:97.16,99.3 1 0
github.com/shulganew/shear.git/internal/service/shortener.go:101.2,101.8 1 1
github.com/shulganew/shear.git/internal/service/shortener.go:105.32,108.35 3 1
github.com/shulganew/shear.git/internal/service/shortener.go:108.35,110.3 1 1
github.com/shulganew/shear.git/internal/service/shortener.go:111.2,111.18 1 1
github.com/shulganew/shear.git/internal/service/shortener.go:116.78,119.16 2 0
github.com/shulganew/shear.git/internal/service/shortener.go:119.16,121.3 1 0
github.com/shulganew/shear.git/internal/service/shortener.go:123.2,124.16 2 0
github.com/shulganew/shear.git/internal/service/shortener.go:124.16,126.3 1 0
github.com/shulganew/shear.git/internal/service/shortener.go:129.2,130.16 2 0
github.com/shulganew/shear.git/internal/service/shortener.go:130.16,132.3 1 0
github.com/shulganew/shear.git/internal/service/shortener.go:133.2,133.21 1 0
github.com/shulganew/shear.git/internal/service/shortener.go:137.76,140.16 2 0
github.com/shulganew/shear.git/internal/service/shortener.go:140.16,143.3 2 0
github.com/shulganew/shear.git/internal/service/shortener.go:145.2,147.16 2 0
github.com/shulganew/shear.git/internal/service/shortener.go:147.16,149.3 1 0
github.com/shulganew/shear.git/internal/service/shortener.go:151.2,154.16 3 0
github.com/shulganew/shear.git/internal/service/shortener.go:154.16,157.3 2 0
github.com/shulganew/shear.git/internal/service/shortener.go:158.2,158.31 1 0
github.com/shulganew/shear.git/internal/service/shortener.go:162.76,167.16 3 0
github.com/shulganew/shear.git/internal/service/shortener.go:167.16,170.3 2 0
github.com/shulganew/shear.git/internal/service/shortener.go:172.2,174.54 2 0
github.com/shulganew/shear.git/internal/service/shortener.go:178.82,183.16 3 0
github.com/shulganew/shear.git/internal/service/shortener.go:183.16,186.3 2 0
github.com/shulganew/shear.git/internal/service/shortener.go:188.2,189.16 2 0
github.com/shulganew/shear.git/internal/service/shortener.go:189.16,192.3 2 0
github.com/shulganew/shear.git/internal/service/shortener.go:194.2,197.8 4 0
github.com/shulganew/shear.git/internal/service/mocks/shortener_mock.gen.go:27.65,31.2 3 0
github.com/shulganew/shear.git/internal/service/mocks/shortener_mock.gen.go:34.63,36.2 1 0
github.com/shulganew/shear.git/internal/service/mocks/shortener_mock.gen.go:39.92,42.2 2 0
github.com/shulganew/shear.git/internal/service/mocks/shortener_mock.gen.go:45.98,48.2 2 0
github.com/shulganew/shear.git/internal/service/mocks/shortener_mock.gen.go:51.71,56.2 4 0
github.com/shulganew/shear.git/internal/service/mocks/shortener_mock.gen.go:59.76,62.2 2 0
github.com/shulganew/shear.git/internal/service/mocks/shortener_mock.gen.go:65.92,72.2 6 0
github.com/shulganew/shear.git/internal/service/mocks/shortener_mock.gen.go:75.86,78.2 2 0
github.com/shulganew/shear.git/internal/service/mocks/shortener_mock.gen.go:81.92,88.2 6 0
github.com/shulganew/shear.git/internal/service/mocks/shortener_mock.gen.go:91.86,94.2 2 0
github.com/shulganew/shear.git/internal/service/mocks/shortener_mock.gen.go:97.90,102.2 4 0
github.com/shulganew/shear.git/internal/service/mocks/shortener_mock.gen.go:105.88,108.2 2 0
github.com/shulganew/shear.git/internal/service/mocks/shortener_mock.gen.go:111.87,116.2 4 0
github.com/shulganew/shear.git/internal/service/mocks/shortener_mock.gen.go:119.96,122.2 2 0
github.com/shulganew/shear.git/internal/service/mocks/shortener_mock.gen.go:125.84,130.2 4 0
github.com/shulganew/shear.git/internal/service/mocks/shortener_mock.gen.go:133.83,136.2 2 0
github.com/shulganew/shear.git/internal/storage/db.go:20.62,24.2 3 0
github.com/shulganew/shear.git/internal/storage/db.go:26.78,28.16 2 0
github.com/shulganew/shear.git/internal/storage/db.go:28.16,32.72 2 0
github.com/shulganew/shear.git/internal/storage/db.go:32.72,35.54 1 0
github.com/shulganew/shear.git/internal/storage/db.go:35.54,38.35 1 0
github.com/shulganew/shear.git/internal/storage/db.go:38.35,41.6 2 0
github.com/shulganew/shear.git/internal/storage/db.go:43.5,44.53 2 0
github.com/shulganew/shear.git/internal/storage/db.go:49.3,49.27 1 0
github.com/shulganew/shear.git/internal/storage/db.go:49.27,53.4 1 0
github.com/shulganew/shear.git/internal/storage/db.go:54.3,54.13 1 0
github.com/shulganew/shear.git/internal/storage/db.go:56.2,56.12 1 0
github.com/shulganew/shear.git/internal/storage/db.go:59.108,65.16 4 0
github.com/shulganew/shear.git/internal/storage/db.go:65.16,66.27 1 0
github.com/shulganew/shear.git/internal/storage/db.go:66.27,68.4 1 0
github.com/shulganew/shear.git/internal/storage/db.go:69.3,69.13 1 0
github.com/shulganew/shear.git/internal/storage/db.go:72.2,72.44 1 0
github.com/shulganew/shear.git/internal/storage/db.go:75.107,81.16 4 0
github.com/shulganew/shear.git/internal/storage/db.go:81.16,82.27 1 0
github.com/shulganew/shear.git/internal/storage/db.go:82.27,84.4 1 0
github.com/shulganew/shear.git/internal/storage/db.go:85.3,85.13 1 0
github.com/shulganew/shear.git/internal/storage/db.go:88.2,88.43 1 0
github.com/shulganew/shear.git/internal/storage/db.go:91.62,93.16 2 0
github.com/shulganew/shear.git/internal/storage/db.go:93.16,94.13 1 0
github.com/shulganew/shear.git/internal/storage/db.go:97.2,100.18 3 0
github.com/shulganew/shear.git/internal/storage/db.go:100.18,103.17 3 0
github.com/shulganew/shear.git/internal/storage/db.go:103.17,104.14 1 0
github.com/shulganew/shear.git/internal/storage/db.go:107.3,107.33 1 0
github.com/shulganew/shear.git/internal/storage/db.go:110.2,111.16 2 0
github.com/shulganew/shear.git/internal/storage/db.go:111.16,112.13 1 0
github.com/shulganew/shear.git/internal/storage/db.go:115.2,115.15 1 0
github.com/shulganew/shear.git/internal/storage/db.go:118.81,120.16 2 0
github.com/shulganew/shear.git/internal/storage/db.go:120.16,121.13 1 0
github.com/shulganew/shear.git/internal/storage/db.go:123.2,126.18 3 0
github.com/shulganew/shear.git/internal/storage/db.go:126.18,129.17 3 0
github.com/shulganew/shear.git/internal/storage/db.go:129.17,130.14 1 0
github.com/shulganew/shear.git/internal/storage/db.go:133.3,133.33 1 0
github.com/shulganew/shear.git/internal/storage/db.go:135.2,136.16 2 0
github.com/shulganew/shear.git/internal/storage/db.go:136.16,137.13 1 0
github.com/shulganew/shear.git/internal/storage/db.go:139.2,139.15 1 0
github.com/shulganew/shear.git/internal/storage/db.go:142.76,145.16 2 0
github.com/shulganew/shear.git/internal/storage/db.go:145.16,146.13 1 0
github.com/shulganew/shear.git/internal/storage/db.go:149.2,150.16 2 0
github.com/shulganew/shear.git/internal/storage/db.go:150.16,151.13 1 0
github.com/shulganew/shear.git/internal/storage/db.go:154.2,154.31 1 0
github.com/shulganew/shear.git/internal/storage/db.go:154.31,156.17 2 0
github.com/shulganew/shear.git/internal/storage/db.go:156.17,159.73 2 0
github.com/shulganew/shear.git/internal/storage/db.go:159.73,161.61 1 0
github.com/shulganew/shear.git/internal/storage/db.go:161.61,164.6 1 0
github.com/shulganew/shear.git/internal/storage/db.go:166.4,167.14 2 0
github.com/shulganew/shear.git/internal/storage/db.go:171.2,172.16 2 0
github.com/shulganew/shear.git/internal/storage/db.go:172.16,173.13 1 0
github.com/shulganew/shear.git/internal/storage/db.go:175.2,175.12 1 0
github.com/shulganew/shear.git/internal/storage/db.go:178.83,182.24 3 0
github.com/shulganew/shear.git/internal/storage/db.go:182.24,184.3 1 0
github.com/shulganew/shear.git/internal/storage/db.go:186.2,192.16 3 0
github.com/shulganew/shear.git/internal/storage/db.go:192.16,193.13 1 0
github.com/shulganew/shear.git/internal/storage/db.go:197.67,203.16 4 0
github.com/shulganew/shear.git/internal/storage/db.go:203.16,204.13 1 0
github.com/shulganew/shear.git/internal/storage/db.go:206.2,207.18 2 0
github.com/shulganew/shear.git/internal/storage/db.go:210.75,213.16 3 0
github.com/shulganew/shear.git/internal/storage/db.go:213.16,214.13 1 0
github.com/shulganew/shear.git/internal/storage/db.go:220.70,222.16 2 0
github.com/shulganew/shear.git/internal/storage/db.go:222.16,224.3 1 0
github.com/shulganew/shear.git/internal/storage/db.go:225.2,225.8 1 0
github.com/shulganew/shear.git/internal/storage/db.go:228.50,236.2 5 0
github.com/shulganew/shear.git/internal/storage/errors.go:17.44,19.2 1 0
github.com/shulganew/shear.git/internal/storage/errors.go:21.44,23.2 1 0
github.com/shulganew/shear.git/internal/storage/errors.go:25.84,27.2 1 0
github.com/shulganew/shear.git/internal/storage/errors.go:36.46,38.2 1 0
github.com/shulganew/shear.git/internal/storage/errors.go:39.46,41.2 1 0
github.com/shulganew/shear.git/internal/storage/errors.go:43.106,45.2 1 0
github.com/shulganew/shear.git/internal/storage/memory.go:14.26,16.2 1 1
github.com/shulganew/shear.git/internal/storage/memory.go:18.85,23.2 3 1
github.com/shulganew/shear.git/internal/storage/memory.go:25.77,28.2 2 0
github.com/shulganew/shear.git/internal/storage/memory.go:30.109,31.66 1 1
github.com/shulganew/shear.git/internal/storage/memory.go:31.66,31.93 1 1
github.com/shulganew/shear.git/internal/storage/memory.go:32.2,32.14 1 1
github.com/shulganew/shear.git/internal/storage/memory.go:32.14,36.3 3 1
github.com/shulganew/shear.git/internal/storage/memory.go:37.2,37.8 1 1
github.com/shulganew/shear.git/internal/storage/memory.go:40.108,41.66 1 1
github.com/shulganew/shear.git/internal/storage/memory.go:41.66,41.95 1 1
github.com/shulganew/shear.git/internal/storage/memory.go:42.2,42.14 1 1
github.com/shulganew/shear.git/internal/storage/memory.go:42.14,46.3 3 1
github.com/shulganew/shear.git/internal/storage/memory.go:47.2,47.8 1 1
github.com/shulganew/shear.git/internal/storage/memory.go:51.63,53.2 1 0
github.com/shulganew/shear.git/internal/storage/memory.go:55.82,57.36 2 0
github.com/shulganew/shear.git/internal/storage/memory.go:57.36,59.17 2 0
github.com/shulganew/shear.git/internal/storage/memory.go:59.17,60.20 1 0
github.com/shulganew/shear.git/internal/storage/memory.go:60.20,62.5 1 0
github.com/shulganew/shear.git/internal/storage/memory.go:65.2,65.15 1 0
github.com/shulganew/shear.git/internal/storage/memory.go:68.84,69.31 1 0
github.com/shulganew/shear.git/internal/storage/memory.go:69.31,70.67 1 0
github.com/shulganew/shear.git/internal/storage/memory.go:70.67,70.121 1 0
github.com/shulganew/shear.git/internal/storage/memory.go:71.3,71.15 1 0
github.com/shulganew/shear.git/internal/storage/memory.go:71.15,73.4 1 0
github.com/shulganew/shear.git/internal/web/handlers/batch.go:21.82,24.2 1 0
github.com/shulganew/shear.git/internal/web/handlers/batch.go:26.77,29.16 2 0
github.com/shulganew/shear.git/internal/web/handlers/batch.go:29.16,31.3 1 0
github.com/shulganew/shear.git/internal/web/handlers/batch.go:33.2,34.68 2 0
github.com/shulganew/shear.git/internal/web/handlers/batch.go:34.68,38.3 3 0
github.com/shulganew/shear.git/internal/web/handlers/batch.go:40.2,42.29 3 0
github.com/shulganew/shear.git/internal/web/handlers/batch.go:42.29,45.17 2 0
github.com/shulganew/shear.git/internal/web/handlers/batch.go:45.17,47.4 1 0
github.com/shulganew/shear.git/internal/web/handlers/batch.go:49.3,56.17 5 0
github.com/shulganew/shear.git/internal/web/handlers/batch.go:56.17,58.4 1 0
github.com/shulganew/shear.git/internal/web/handlers/batch.go:59.3,60.41 2 0
github.com/shulganew/shear.git/internal/web/handlers/batch.go:64.2,68.16 3 0
github.com/shulganew/shear.git/internal/web/handlers/batch.go:68.16,69.30 1 0
github.com/shulganew/shear.git/internal/web/handlers/batch.go:69.30,77.18 6 0
github.com/shulganew/shear.git/internal/web/handlers/batch.go:77.18,79.5 1 0
github.com/shulganew/shear.git/internal/web/handlers/batch.go:82.4,85.10 4 0
github.com/shulganew/shear.git/internal/web/handlers/batch.go:89.2,90.16 2 0
github.com/shulganew/shear.git/internal/web/handlers/batch.go:90.16,92.3 1 0
github.com/shulganew/shear.git/internal/web/handlers/batch.go:94.2,99.22 4 0
github.com/shulganew/shear.git/internal/web/handlers/del.go:16.66,19.2 1 0
github.com/shulganew/shear.git/internal/web/handlers/del.go:22.77,25.27 2 0
github.com/shulganew/shear.git/internal/web/handlers/del.go:25.27,28.3 1 0
github.com/shulganew/shear.git/internal/web/handlers/del.go:30.2,33.16 3 0
github.com/shulganew/shear.git/internal/web/handlers/del.go:33.16,35.3 1 0
github.com/shulganew/shear.git/internal/web/handlers/del.go:37.2,39.16 3 0
github.com/shulganew/shear.git/internal/web/handlers/del.go:39.16,41.3 1 0
github.com/shulganew/shear.git/internal/web/handlers/del.go:44.2,51.28 4 0
github.com/shulganew/shear.git/internal/web/handlers/json.go:28.78,31.2 1 0
github.com/shulganew/shear.git/internal/web/handlers/json.go:33.75,37.67 2 0
github.com/shulganew/shear.git/internal/web/handlers/json.go:37.67,40.3 2 0
github.com/shulganew/shear.git/internal/web/handlers/json.go:42.2,43.16 2 0
github.com/shulganew/shear.git/internal/web/handlers/json.go:43.16,45.3 1 0
github.com/shulganew/shear.git/internal/web/handlers/json.go:46.2,51.16 4 0
github.com/shulganew/shear.git/internal/web/handlers/json.go:51.16,53.3 1 0
github.com/shulganew/shear.git/internal/web/handlers/json.go:56.2,61.16 3 0
github.com/shulganew/shear.git/internal/web/handlers/json.go:61.16,64.30 2 0
github.com/shulganew/shear.git/internal/web/handlers/json.go:64.30,68.18 2 0
github.com/shulganew/shear.git/internal/web/handlers/json.go:68.18,70.5 1 0
github.com/shulganew/shear.git/internal/web/handlers/json.go:73.4,75.18 3 0
github.com/shulganew/shear.git/internal/web/handlers/json.go:75.18,77.5 1 0
github.com/shulganew/shear.git/internal/web/handlers/json.go:78.4,83.10 4 0
github.com/shulganew/shear.git/internal/web/handlers/json.go:86.3,87.78 2 0
github.com/shulganew/shear.git/internal/web/handlers/json.go:90.2,93.16 3 0
github.com/shulganew/shear.git/internal/web/handlers/json.go:93.16,95.3 1 0
github.com/shulganew/shear.git/internal/web/handlers/json.go:96.2,101.20 3 0
github.com/shulganew/shear.git/internal/web/handlers/ping.go:14.30,17.2 1 0
github.com/shulganew/shear.git/internal/web/handlers/ping.go:20.65,24.56 2 0
github.com/shulganew/shear.git/internal/web/handlers/ping.go:24.56,27.3 2 0
github.com/shulganew/shear.git/internal/web/handlers/ping.go:27.8,29.3 1 0
github.com/shulganew/shear.git/internal/web/handlers/url.go:23.81,26.2 1 1
github.com/shulganew/shear.git/internal/web/handlers/url.go:29.73,39.11 5 1
github.com/shulganew/shear.git/internal/web/handlers/url.go:39.11,40.16 1 1
github.com/shulganew/shear.git/internal/web/handlers/url.go:40.16,44.4 2 0
github.com/shulganew/shear.git/internal/web/handlers/url.go:45.3,49.9 3 1
github.com/shulganew/shear.git/internal/web/handlers/url.go:52.2,52.38 1 0
github.com/shulganew/shear.git/internal/web/handlers/url.go:56.73,58.16 2 1
github.com/shulganew/shear.git/internal/web/handlers/url.go:58.16,60.3 1 0
github.com/shulganew/shear.git/internal/web/handlers/url.go:62.2,63.16 2 1
github.com/shulganew/shear.git/internal/web/handlers/url.go:63.16,65.3 1 0
github.com/shulganew/shear.git/internal/web/handlers/url.go:66.2,75.16 6 1
github.com/shulganew/shear.git/internal/web/handlers/url.go:75.16,77.3 1 0
github.com/shulganew/shear.git/internal/web/handlers/url.go:80.2,82.16 2 1
github.com/shulganew/shear.git/internal/web/handlers/url.go:82.16,84.30 2 0
github.com/shulganew/shear.git/internal/web/handlers/url.go:84.30,90.18 3 0
github.com/shulganew/shear.git/internal/web/handlers/url.go:90.18,92.5 1 0
github.com/shulganew/shear.git/internal/web/handlers/url.go:93.4,94.10 2 0
github.com/shulganew/shear.git/internal/web/handlers/url.go:97.3,98.78 2 0
github.com/shulganew/shear.git/internal/web/handlers/url.go:101.2,103.39 2 1
github.com/shulganew/shear.git/internal/web/handlers/usersurls.go:22.84,25.2 1 0
github.com/shulganew/shear.git/internal/web/handlers/usersurls.go:28.78,33.27 2 0
github.com/shulganew/shear.git/internal/web/handlers/usersurls.go:33.27,36.3 1 0
github.com/shulganew/shear.git/internal/web/handlers/usersurls.go:38.2,45.22 4 0
github.com/shulganew/shear.git/internal/web/handlers/usersurls.go:45.22,49.3 3 0
github.com/shulganew/shear.git/internal/web/handlers/usersurls.go:51.2,53.31 2 0
github.com/shulganew/shear.git/internal/web/handlers/usersurls.go:53.31,56.3 2 0
github.com/shulganew/shear.git/internal/web/handlers/usersurls.go:58.2,59.16 2 0
github.com/shulganew/shear.git/internal/web/handlers/usersurls.go:59.16,61.3 1 0
github.com/shulganew/shear.git/internal/web/handlers/usersurls.go:62.2,70.20 4 0
github.com/shulganew/shear.git/internal/web/middlewares/auth.go:13.40,14.75 1 0
github.com/shulganew/shear.git/internal/web/middlewares/auth.go:14.75,22.9 4 0
github.com/shulganew/shear.git/internal/web/middlewares/auth.go:22.9,28.35 3 0
github.com/shulganew/shear.git/internal/web/middlewares/auth.go:28.35,30.33 1 0
github.com/shulganew/shear.git/internal/web/middlewares/auth.go:30.33,32.6 1 0
github.com/shulganew/shear.git/internal/web/middlewares/auth.go:33.5,33.26 1 0
github.com/shulganew/shear.git/internal/web/middlewares/auth.go:36.9,40.18 2 0
github.com/shulganew/shear.git/internal/web/middlewares/auth.go:40.18,43.5 2 0
github.com/shulganew/shear.git/internal/web/middlewares/auth.go:46.4,47.18 2 0
github.com/shulganew/shear.git/internal/web/middlewares/auth.go:47.18,50.5 2 0
github.com/shulganew/shear.git/internal/web/middlewares/auth.go:52.4,62.20 7 0
github.com/shulganew/shear.git/internal/web/middlewares/auth.go:66.3,67.41 2 0
github.com/shulganew/shear.git/internal/web/middlewares/middlewgzip.go:19.50,21.2 1 0
github.com/shulganew/shear.git/internal/web/middlewares/middlewgzip.go:23.45,24.71 1 0
github.com/shulganew/shear.git/internal/web/middlewares/middlewgzip.go:24.71,32.65 4 0
github.com/shulganew/shear.git/internal/web/middlewares/middlewgzip.go:32.65,36.18 3 0
github.com/shulganew/shear.git/internal/web/middlewares/middlewgzip.go:36.18,40.5 3 0
github.com/shulganew/shear.git/internal/web/middlewares/middlewgzip.go:41.4,45.18 4 0
github.com/shulganew/shear.git/internal/web/middlewares/middlewgzip.go:45.18,49.5 3 0
github.com/shulganew/shear.git/internal/web/middlewares/middlewgzip.go:52.4,57.23 4 0
github.com/shulganew/shear.git/internal/web/middlewares/middlewgzip.go:61.3,61.65 1 0
github.com/shulganew/shear.git/internal/web/middlewares/middlewgzip.go:61.65,64.4 2 0
github.com/shulganew/shear.git/internal/web/middlewares/middlewgzip.go:67.3,68.17 2 0
github.com/shulganew/shear.git/internal/web/middlewares/middlewgzip.go:68.17,72.4 3 0
github.com/shulganew/shear.git/internal/web/middlewares/middlewgzip.go:73.3,84.4 5 0
github.com/shulganew/shear.git/internal/web/middlewares/middlewlog.go:24.62,29.2 4 0
github.com/shulganew/shear.git/internal/web/middlewares/middlewlog.go:31.61,34.48 3 0
github.com/shulganew/shear.git/internal/web/middlewares/middlewlog.go:34.48,36.3 1 0
github.com/shulganew/shear.git/internal/web/middlewares/middlewlog.go:45.45,46.71 1 0
github.com/shulganew/shear.git/internal/web/middlewares/middlewlog.go:46.71,76.58 9 0
github.com/shulganew/shear.git/internal/web/middlewares/middlewlog.go:76.58,78.4 1 0
github.com/shulganew/shear.git/internal/web/router/router.go:18.169,23.42 2 0
github.com/shulganew/shear.git/internal/web/router/router.go:23.42,24.72 1 0
github.com/shulganew/shear.git/internal/web/router/router.go:24.72,28.4 2 0
github.com/shulganew/shear.git/internal/web/router/router.go:31.2,31.34 1 0
github.com/shulganew/shear.git/internal/web/router/router.go:31.34,63.17 17 0
github.com/shulganew/shear.git/internal/web/router/router.go:63.17,71.4 6 0
github.com/shulganew/shear.git/internal/web/router/router.go:74.2,74.8 1 0
github.com/shulganew/shear.git/internal/web/validators/validatorurl.go:12.58,16.16 2 1
github.com/shulganew/shear.git/internal/web/validators/validatorurl.go:16.16,19.3 2 0
github.com/shulganew/shear.git/internal/web/validators/validatorurl.go:22.2,22.27 1 1
github.com/shulganew/shear.git/internal/web/validators/validatorurl.go:22.27,25.3 1 1
github.com/shulganew/shear.git/internal/web/validators/validatorurl.go:27.2,28.16 2 1
github.com/shulganew/shear.git/internal/web/validators/validatorurl.go:28.16,31.3 2 0
github.com/shulganew/shear.git/internal/web/validators/validatorurl.go:34.2,35.16 2 1
github.com/shulganew/shear.git/internal/web/validators/validatorurl.go:35.16,38.3 2 0
github.com/shulganew/shear.git/internal/web/validators/validatorurl.go:39.2,39.19 1 1
github.com/shulganew/shear.git/internal/web/router/router.go:18.169,23.42 2 0
github.com/shulganew/shear.git/internal/web/router/router.go:23.42,24.72 1 0
github.com/shulganew/shear.git/internal/web/router/router.go:24.72,28.4 2 0
github.com/shulganew/shear.git/internal/web/router/router.go:31.2,31.34 1 0
github.com/shulganew/shear.git/internal/web/router/router.go:31.34,63.17 17 0
github.com/shulganew/shear.git/internal/web/router/router.go:63.17,71.4 6 0
github.com/shulganew/shear.git/internal/web/router/router.go:74.2,74.8 1 0
github.com/shulganew/shear.git/internal/web/middlewares/auth.go:13.40,14.75 1 0
github.com/shulganew/shear.git/internal/web/middlewares/auth.go:14.75,22.9 4 0
github.com/shulganew/shear.git/internal/web/middlewares/auth.go:22.9,28.35 3 0
github.com/shulganew/shear.git/internal/web/middlewares/auth.go:28.35,30.33 1 0
github.com/shulganew/shear.git/internal/web/middlewares/auth.go:30.33,32.6 1 0
github.com/shulganew/shear.git/internal/web/middlewares/auth.go:33.5,33.26 1 0
github.com/shulganew/shear.git/internal/web/middlewares/auth.go:36.9,40.18 2 0
github.com/shulganew/shear.git/internal/web/middlewares/auth.go:40.18,43.5 2 0
github.com/shulganew/shear.git/internal/web/middlewares/auth.go:46.4,47.18 2 0
github.com/shulganew/shear.git/internal/web/middlewares/auth.go:47.18,50.5 2 0
github.com/shulganew/shear.git/internal/web/middlewares/auth.go:52.4,62.20 7 0
github.com/shulganew/shear.git/internal/web/middlewares/auth.go:66.3,67.41 2 0
github.com/shulganew/shear.git/internal/web/middlewares/middlewgzip.go:19.50,21.2 1 0
github.com/shulganew/shear.git/internal/web/middlewares/middlewgzip.go:23.45,24.71 1 0
github.com/shulganew/shear.git/internal/web/middlewares/middlewgzip.go:24.71,32.65 4 0
github.com/shulganew/shear.git/internal/web/middlewares/middlewgzip.go:32.65,36.18 3 0
github.com/shulganew/shear.git/internal/web/middlewares/middlewgzip.go:36.18,40.5 3 0
github.com/shulganew/shear.git/internal/web/middlewares/middlewgzip.go:41.4,45.18 4 0
github.com/shulganew/shear.git/internal/web/middlewares/middlewgzip.go:45.18,49.5 3 0
github.com/shulganew/shear.git/internal/web/middlewares/middlewgzip.go:52.4,57.23 4 0
github.com/shulganew/shear.git/internal/web/middlewares/middlewgzip.go:61.3,61.65 1 0
github.com/shulganew/shear.git/internal/web/middlewares/middlewgzip.go:61.65,64.4 2 0
github.com/shulganew/shear.git/internal/web/middlewares/middlewgzip.go:67.3,68.17 2 0
github.com/shulganew/shear.git/internal/web/middlewares/middlewgzip.go:68.17,72.4 3 0
github.com/shulganew/shear.git/internal/web/middlewares/middlewgzip.go:73.3,84.4 5 0
github.com/shulganew/shear.git/internal/web/middlewares/middlewlog.go:24.62,29.2 4 0
github.com/shulganew/shear.git/internal/web/middlewares/middlewlog.go:31.61,34.48 3 0
github.com/shulganew/shear.git/internal/web/middlewares/middlewlog.go:34.48,36.3 1 0
github.com/shulganew/shear.git/internal/web/middlewares/middlewlog.go:45.45,46.71 1 0
github.com/shulganew/shear.git/internal/web/middlewares/middlewlog.go:46.71,76.58 9 0
github.com/shulganew/shear.git/internal/web/middlewares/middlewlog.go:76.58,78.4 1 0
github.com/shulganew/shear.git/cmd/shortener/main.go:23.13,34.15 7 0
github.com/shulganew/shear.git/cmd/shortener/main.go:34.15,36.17 2 0
github.com/shulganew/shear.git/cmd/shortener/main.go:36.17,40.4 3 0
github.com/shulganew/shear.git/cmd/shortener/main.go:41.3,41.19 1 0
github.com/shulganew/shear.git/cmd/shortener/main.go:46.2,54.107 5 0
github.com/shulganew/shear.git/cmd/shortener/main.go:54.107,56.7 2 0
github.com/shulganew/shear.git/cmd/shortener/main.go:56.7,57.11 1 0
github.com/shulganew/shear.git/cmd/shortener/main.go:58.22,61.22 3 0
github.com/shulganew/shear.git/cmd/shortener/main.go:61.22,63.6 1 0
github.com/shulganew/shear.git/cmd/shortener/main.go:64.5,64.15 1 0
github.com/shulganew/shear.git/cmd/shortener/main.go:65.31,66.43 1 0
github.com/shulganew/shear.git/cmd/shortener/main.go:72.2,72.117 1 0
github.com/shulganew/shear.git/cmd/shortener/main.go:72.117,73.13 1 0
github.com/shulganew/shear.git/internal/app/init.go:17.179,23.28 3 0
github.com/shulganew/shear.git/internal/app/init.go:23.28,26.17 2 0
github.com/shulganew/shear.git/internal/app/init.go:26.17,31.4 3 0
github.com/shulganew/shear.git/internal/app/init.go:33.3,33.41 1 0
github.com/shulganew/shear.git/internal/app/init.go:34.8,38.3 2 0
github.com/shulganew/shear.git/internal/app/init.go:40.2,43.19 2 0
github.com/shulganew/shear.git/internal/app/init.go:43.19,49.17 4 0
github.com/shulganew/shear.git/internal/app/init.go:49.17,51.4 1 0
github.com/shulganew/shear.git/internal/app/init.go:54.3,54.27 1 0
github.com/shulganew/shear.git/internal/app/init.go:58.2,62.26 3 0
github.com/shulganew/shear.git/internal/app/init.go:67.69,71.12 4 0
github.com/shulganew/shear.git/internal/app/init.go:71.12,75.3 2 0
github.com/shulganew/shear.git/internal/app/init.go:76.2,76.8 1 0
github.com/shulganew/shear.git/internal/app/init.go:79.34,81.16 2 0
github.com/shulganew/shear.git/internal/app/init.go:81.16,83.13 1 0
github.com/shulganew/shear.git/internal/app/init.go:85.2,91.14 5 0
github.com/shulganew/shear.git/internal/config/config.go:41.27,73.11 17 0
github.com/shulganew/shear.git/internal/config/config.go:73.11,77.3 2 0
github.com/shulganew/shear.git/internal/config/config.go:77.8,80.3 1 0
github.com/shulganew/shear.git/internal/config/config.go:83.2,85.11 2 0
github.com/shulganew/shear.git/internal/config/config.go:85.11,90.3 3 0
github.com/shulganew/shear.git/internal/config/config.go:90.8,90.24 1 0
github.com/shulganew/shear.git/internal/config/config.go:90.24,96.3 4 0
github.com/shulganew/shear.git/internal/config/config.go:100.2,101.11 2 0
github.com/shulganew/shear.git/internal/config/config.go:101.11,105.3 3 0
github.com/shulganew/shear.git/internal/config/config.go:105.8,105.25 1 0
github.com/shulganew/shear.git/internal/config/config.go:105.25,109.3 3 0
github.com/shulganew/shear.git/internal/config/config.go:109.8,112.3 2 0
github.com/shulganew/shear.git/internal/config/config.go:114.2,115.16 2 0
github.com/shulganew/shear.git/internal/config/ctxvalues.go:9.60,12.2 1 0
github.com/shulganew/shear.git/internal/config/ctxvalues.go:14.39,16.2 1 0
github.com/shulganew/shear.git/internal/config/ctxvalues.go:18.37,20.2 1 0
github.com/shulganew/shear.git/internal/entities/short.go:27.90,29.16 2 1
github.com/shulganew/shear.git/internal/entities/short.go:29.16,31.3 1 0
github.com/shulganew/shear.git/internal/entities/short.go:33.2,33.62 1 1
github.com/shulganew/shear.git/internal/service/backuper.go:22.37,24.2 1 0
github.com/shulganew/shear.git/internal/service/backuper.go:27.79,32.2 3 0
github.com/shulganew/shear.git/internal/service/backuper.go:34.50,37.16 2 0
github.com/shulganew/shear.git/internal/service/backuper.go:37.16,39.3 1 0
github.com/shulganew/shear.git/internal/service/backuper.go:41.2,42.18 2 0
github.com/shulganew/shear.git/internal/service/backuper.go:42.18,44.3 1 0
github.com/shulganew/shear.git/internal/service/backuper.go:45.2,50.12 4 0
github.com/shulganew/shear.git/internal/service/backuper.go:53.74,57.18 2 0
github.com/shulganew/shear.git/internal/service/backuper.go:57.18,59.3 1 0
github.com/shulganew/shear.git/internal/service/backuper.go:60.2,64.31 4 0
github.com/shulganew/shear.git/internal/service/backuper.go:64.31,68.17 2 0
github.com/shulganew/shear.git/internal/service/backuper.go:68.17,70.4 1 0
github.com/shulganew/shear.git/internal/service/backuper.go:73.3,74.33 2 0
github.com/shulganew/shear.git/internal/service/backuper.go:76.2,78.12 3 0
github.com/shulganew/shear.git/internal/service/backuper.go:81.50,84.16 2 0
github.com/shulganew/shear.git/internal/service/backuper.go:84.16,85.25 1 0
github.com/shulganew/shear.git/internal/service/backuper.go:85.25,88.4 2 0
github.com/shulganew/shear.git/internal/service/backuper.go:90.3,91.18 2 0
github.com/shulganew/shear.git/internal/service/backuper.go:93.2,97.6 4 0
github.com/shulganew/shear.git/internal/service/backuper.go:97.6,99.47 2 0
github.com/shulganew/shear.git/internal/service/backuper.go:99.47,100.9 1 0
github.com/shulganew/shear.git/internal/service/backuper.go:101.9,101.24 1 0
github.com/shulganew/shear.git/internal/service/backuper.go:101.24,103.14 2 0
github.com/shulganew/shear.git/internal/service/backuper.go:105.3,105.33 1 0
github.com/shulganew/shear.git/internal/service/backuper.go:107.2,109.20 2 0
github.com/shulganew/shear.git/internal/service/backuper.go:112.45,115.2 1 0
github.com/shulganew/shear.git/internal/service/backuper.go:117.68,120.12 2 0
github.com/shulganew/shear.git/internal/service/backuper.go:120.12,121.7 1 0
github.com/shulganew/shear.git/internal/service/backuper.go:121.7,125.4 2 0
github.com/shulganew/shear.git/internal/service/delete.go:17.115,19.2 1 0
github.com/shulganew/shear.git/internal/service/delete.go:27.63,30.2 2 0
github.com/shulganew/shear.git/internal/service/delete.go:35.99,38.26 2 0
github.com/shulganew/shear.git/internal/service/delete.go:38.26,40.3 1 0
github.com/shulganew/shear.git/internal/service/delete.go:41.2,42.16 2 0
github.com/shulganew/shear.git/internal/service/delete.go:46.44,48.12 2 0
github.com/shulganew/shear.git/internal/service/delete.go:48.12,50.30 2 0
github.com/shulganew/shear.git/internal/service/delete.go:50.30,52.4 1 0
github.com/shulganew/shear.git/internal/service/delete.go:54.2,54.16 1 0
github.com/shulganew/shear.git/internal/service/shortener.go:40.48,42.2 1 0
github.com/shulganew/shear.git/internal/service/shortener.go:44.91,46.16 2 0
github.com/shulganew/shear.git/internal/service/shortener.go:46.16,48.3 1 0
github.com/shulganew/shear.git/internal/service/shortener.go:49.2,49.12 1 0
github.com/shulganew/shear.git/internal/service/shortener.go:52.85,54.16 2 0
github.com/shulganew/shear.git/internal/service/shortener.go:54.16,56.3 1 0
github.com/shulganew/shear.git/internal/service/shortener.go:57.2,57.12 1 0
github.com/shulganew/shear.git/internal/service/shortener.go:60.110,62.2 1 0
github.com/shulganew/shear.git/internal/service/shortener.go:64.109,66.2 1 0
github.com/shulganew/shear.git/internal/service/shortener.go:68.93,70.2 1 0
github.com/shulganew/shear.git/internal/service/shortener.go:72.82,74.32 1 0
github.com/shulganew/shear.git/internal/service/shortener.go:74.32,76.3 1 0
github.com/shulganew/shear.git/internal/service/shortener.go:80.74,84.2 1 0
github.com/shulganew/shear.git/internal/service/shortener.go:87.108,93.16 3 0
github.com/shulganew/shear.git/internal/service/shortener.go:93.16,95.3 1 0
github.com/shulganew/shear.git/internal/service/shortener.go:96.2,97.16 2 0
github.com/shulganew/shear.git/internal/service/shortener.go:97.16,99.3 1 0
github.com/shulganew/shear.git/internal/service/shortener.go:101.2,101.8 1 0
github.com/shulganew/shear.git/internal/service/shortener.go:105.32,108.35 3 1
github.com/shulganew/shear.git/internal/service/shortener.go:108.35,110.3 1 1
github.com/shulganew/shear.git/internal/service/shortener.go:111.2,111.18 1 1
github.com/shulganew/shear.git/internal/service/shortener.go:116.78,119.16 2 0
github.com/shulganew/shear.git/internal/service/shortener.go:119.16,121.3 1 0
github.com/shulganew/shear.git/internal/service/shortener.go:123.2,124.16 2 0
github.com/shulganew/shear.git/internal/service/shortener.go:124.16,126.3 1 0
github.com/shulganew/shear.git/internal/service/shortener.go:129.2,130.16 2 0
github.com/shulganew/shear.git/internal/service/shortener.go:130.16,132.3 1 0
github.com/shulganew/shear.git/internal/service/shortener.go:133.2,133.21 1 0
github.com/shulganew/shear.git/internal/service/shortener.go:137.76,140.16 2 0
github.com/shulganew/shear.git/internal/service/shortener.go:140.16,143.3 2 0
github.com/shulganew/shear.git/internal/service/shortener.go:145.2,147.16 2 0
github.com/shulganew/shear.git/internal/service/shortener.go:147.16,149.3 1 0
github.com/shulganew/shear.git/internal/service/shortener.go:151.2,154.16 3 0
github.com/shulganew/shear.git/internal/service/shortener.go:154.16,157.3 2 0
github.com/shulganew/shear.git/internal/service/shortener.go:158.2,158.31 1 0
github.com/shulganew/shear.git/internal/service/shortener.go:162.76,167.16 3 0
github.com/shulganew/shear.git/internal/service/shortener.go:167.16,170.3 2 0
github.com/shulganew/shear.git/internal/service/shortener.go:172.2,174.54 2 0
github.com/shulganew/shear.git/internal/service/shortener.go:178.82,183.16 3 0
github.com/shulganew/shear.git/internal/service/shortener.go:183.16,186.3 2 0
github.com/shulganew/shear.git/internal/service/shortener.go:188.2,189.16 2 0
github.com/shulganew/shear.git/internal/service/shortener.go:189.16,192.3 2 0
github.com/shulganew/shear.git/internal/service/shortener.go:194.2,197.8 4 0
github.com/shulganew/shear.git/internal/service/mocks/shortener_mock.gen.go:27.65,31.2 3 0
github.com/shulganew/shear.git/internal/service/mocks/shortener_mock.gen.go:34.63,36.2 1 0
github.com/shulganew/shear.git/internal/service/mocks/shortener_mock.gen.go:39.92,42.2 2 0
github.com/shulganew/shear.git/internal/service/mocks/shortener_mock.gen.go:45.98,48.2 2 0
github.com/shulganew/shear.git/internal/service/mocks/shortener_mock.gen.go:51.71,56.2 4 0
github.com/shulganew/shear.git/internal/service/mocks/shortener_mock.gen.go:59.76,62.2 2 0
github.com/shulganew/shear.git/internal/service/mocks/shortener_mock.gen.go:65.92,72.2 6 0
github.com/shulganew/shear.git/internal/service/mocks/shortener_mock.gen.go:75.86,78.2 2 0
github.com/shulganew/shear.git/internal/service/mocks/shortener_mock.gen.go:81.92,88.2 6 0
github.com/shulganew/shear.git/internal/service/mocks/shortener_mock.gen.go:91.86,94.2 2 0
github.com/shulganew/shear.git/internal/service/mocks/shortener_mock.gen.go:97.90,102.2 4 0
github.com/shulganew/shear.git/internal/service/mocks/shortener_mock.gen.go:105.88,108.2 2 0
github.com/shulganew/shear.git/internal/service/mocks/shortener_mock.gen.go:111.87,116.2 4 0
github.com/shulganew/shear.git/internal/service/mocks/shortener_mock.gen.go:119.96,122.2 2 0
github.com/shulganew/shear.git/internal/service/mocks/shortener_mock.gen.go:125.84,130.2 4 0
github.com/shulganew/shear.git/internal/service/mocks/shortener_mock.gen.go:133.83,136.2 2 0
github.com/shulganew/shear.git/internal/storage/db.go:20.62,24.2 3 0
github.com/shulganew/shear.git/internal/storage/db.go:26.78,28.16 2 0
github.com/shulganew/shear.git/internal/storage/db.go:28.16,32.72 2 0
github.com/shulganew/shear.git/internal/storage/db.go:32.72,35.54 1 0
github.com/shulganew/shear.git/internal/storage/db.go:35.54,38.35 1 0
github.com/shulganew/shear.git/internal/storage/db.go:38.35,41.6 2 0
github.com/shulganew/shear.git/internal/storage/db.go:43.5,44.53 2 0
github.com/shulganew/shear.git/internal/storage/db.go:49.3,49.27 1 0
github.com/shulganew/shear.git/internal/storage/db.go:49.27,53.4 1 0
github.com/shulganew/shear.git/internal/storage/db.go:54.3,54.13 1 0
github.com/shulganew/shear.git/internal/storage/db.go:56.2,56.12 1 0
github.com/shulganew/shear.git/internal/storage/db.go:59.108,65.16 4 0
github.com/shulganew/shear.git/internal/storage/db.go:65.16,66.27 1 0
github.com/shulganew/shear.git/internal/storage/db.go:66.27,68.4 1 0
github.com/shulganew/shear.git/internal/storage/db.go:69.3,69.13 1 0
github.com/shulganew/shear.git/internal/storage/db.go:72.2,72.44 1 0
github.com/shulganew/shear.git/internal/storage/db.go:75.107,81.16 4 0
github.com/shulganew/shear.git/internal/storage/db.go:81.16,82.27 1 0
github.com/shulganew/shear.git/internal/storage/db.go:82.27,84.4 1 0
github.com/shulganew/shear.git/internal/storage/db.go:85.3,85.13 1 0
github.com/shulganew/shear.git/internal/storage/db.go:88.2,88.43 1 0
github.com/shulganew/shear.git/internal/storage/db.go:91.62,93.16 2 0
github.com/shulganew/shear.git/internal/storage/db.go:93.16,94.13 1 0
github.com/shulganew/shear.git/internal/storage/db.go:97.2,100.18 3 0
github.com/shulganew/shear.git/internal/storage/db.go:100.18,103.17 3 0
github.com/shulganew/shear.git/internal/storage/db.go:103.17,104.14 1 0
github.com/shulganew/shear.git/internal/storage/db.go:107.3,107.33 1 0
github.com/shulganew/shear.git/internal/storage/db.go:110.2,111.16 2 0
github.com/shulganew/shear.git/internal/storage/db.go:111.16,112.13 1 0
github.com/shulganew/shear.git/internal/storage/db.go:115.2,115.15 1 0
github.com/shulganew/shear.git/internal/storage/db.go:118.81,120.16 2 0
github.com/shulganew/shear.git/internal/storage/db.go:120.16,121.13 1 0
github.com/shulganew/shear.git/internal/storage/db.go:123.2,126.18 3 0
github.com/shulganew/shear.git/internal/storage/db.go:126.18,129.17 3 0
github.com/shulganew/shear.git/internal/storage/db.go:129.17,130.14 1 0
github.com/shulganew/shear.git/internal/storage/db.go:133.3,133.33 1 0
github.com/shulganew/shear.git/internal/storage/db.go:135.2,136.16 2 0
github.com/shulganew/shear.git/internal/storage/db.go:136.16,137.13 1 0
github.com/shulganew/shear.git/internal/storage/db.go:139.2,139.15 1 0
github.com/shulganew/shear.git/internal/storage/db.go:142.76,145.16 2 0
github.com/shulganew/shear.git/internal/storage/db.go:145.16,146.13 1 0
github.com/shulganew/shear.git/internal/storage/db.go:149.2,150.16 2 0
github.com/shulganew/shear.git/internal/storage/db.go:150.16,151.13 1 0
github.com/shulganew/shear.git/internal/storage/db.go:154.2,154.31 1 0
github.com/shulganew/shear.git/internal/storage/db.go:154.31,156.17 2 0
github.com/shulganew/shear.git/internal/storage/db.go:156.17,159.73 2 0
github.com/shulganew/shear.git/internal/storage/db.go:159.73,161.61 1 0
github.com/shulganew/shear.git/internal/storage/db.go:161.61,164.6 1 0
github.com/shulganew/shear.git/internal/storage/db.go:166.4,167.14 2 0
github.com/shulganew/shear.git/internal/storage/db.go:171.2,172.16 2 0
github.com/shulganew/shear.git/internal/storage/db.go:172.16,173.13 1 0
github.com/shulganew/shear.git/internal/storage/db.go:175.2,175.12 1 0
github.com/shulganew/shear.git/internal/storage/db.go:178.83,182.24 3 0
github.com/shulganew/shear.git/internal/storage/db.go:182.24,184.3 1 0
github.com/shulganew/shear.git/internal/storage/db.go:186.2,192.16 3 0
github.com/shulganew/shear.git/internal/storage/db.go:192.16,193.13 1 0
github.com/shulganew/shear.git/internal/storage/db.go:197.67,203.16 4 0
github.com/shulganew/shear.git/internal/storage/db.go:203.16,204.13 1 0
github.com/shulganew/shear.git/internal/storage/db.go:206.2,207.18 2 0
github.com/shulganew/shear.git/internal/storage/db.go:210.75,213.16 3 0
github.com/shulganew/shear.git/internal/storage/db.go:213.16,214.13 1 0
github.com/shulganew/shear.git/internal/storage/db.go:220.70,222.16 2 0
github.com/shulganew/shear.git/internal/storage/db.go:222.16,224.3 1 0
github.com/shulganew/shear.git/internal/storage/db.go:225.2,225.8 1 0
github.com/shulganew/shear.git/internal/storage/db.go:228.50,236.2 5 0
github.com/shulganew/shear.git/internal/storage/errors.go:17.44,19.2 1 1
github.com/shulganew/shear.git/internal/storage/errors.go:21.44,23.2 1 1
github.com/shulganew/shear.git/internal/storage/errors.go:25.84,27.2 1 1
github.com/shulganew/shear.git/internal/storage/errors.go:36.46,38.2 1 1
github.com/shulganew/shear.git/internal/storage/errors.go:39.46,41.2 1 1
github.com/shulganew/shear.git/internal/storage/errors.go:43.106,45.2 1 1
github.com/shulganew/shear.git/internal/storage/memory.go:14.26,16.2 1 1
github.com/shulganew/shear.git/internal/storage/memory.go:18.85,23.2 3 1
github.com/shulganew/shear.git/internal/storage/memory.go:25.77,28.2 2 0
github.com/shulganew/shear.git/internal/storage/memory.go:30.109,31.66 1 0
github.com/shulganew/shear.git/internal/storage/memory.go:31.66,31.93 1 0
github.com/shulganew/shear.git/internal/storage/memory.go:32.2,32.14 1 0
github.com/shulganew/shear.git/internal/storage/memory.go:32.14,36.3 3 0
github.com/shulganew/shear.git/internal/storage/memory.go:37.2,37.8 1 0
github.com/shulganew/shear.git/internal/storage/memory.go:40.108,41.66 1 0
github.com/shulganew/shear.git/internal/storage/memory.go:41.66,41.95 1 0
github.com/shulganew/shear.git/internal/storage/memory.go:42.2,42.14 1 0
github.com/shulganew/shear.git/internal/storage/memory.go:42.14,46.3 3 0
github.com/shulganew/shear.git/internal/storage/memory.go:47.2,47.8 1 0
github.com/shulganew/shear.git/internal/storage/memory.go:51.63,53.2 1 1
github.com/shulganew/shear.git/internal/storage/memory.go:55.82,57.36 2 1
github.com/shulganew/shear.git/internal/storage/memory.go:57.36,59.17 2 1
github.com/shulganew/shear.git/internal/storage/memory.go:59.17,60.20 1 1
github.com/shulganew/shear.git/internal/storage/memory.go:60.20,62.5 1 1
github.com/shulganew/shear.git/internal/storage/memory.go:65.2,65.15 1 1
github.com/shulganew/shear.git/internal/storage/memory.go:68.84,69.31 1 1
[...]
github.com/shulganew/shear.git/internal/service/shortener.go:111.2,111.18 1 1
github.com/shulganew/shear.git/internal/service/shortener.go:116.78,119.16 2 1
github.com/shulganew/shear.git/internal/service/shortener.go:119.16,121.3 1 0
github.com/shulganew/shear.git/internal/service/shortener.go:123.2,124.16 2 1
github.com/shulganew/shear.git/internal/service/shortener.go:124.16,126.3 1 1
github.com/shulganew/shear.git/internal/service/shortener.go:129.2,130.16 2 0
github.com/shulganew/shear.git/internal/service/shortener.go:130.16,132.3 1 0
github.com/shulganew/shear.git/internal/service/shortener.go:133.2,133.21 1 0
github.com/shulganew/shear.git/internal/service/shortener.go:137.76,140.16 2 1
github.com/shulganew/shear.git/internal/service/shortener.go:140.16,143.3 2 0
github.com/shulganew/shear.git/internal/service/shortener.go:145.2,147.16 2 1
github.com/shulganew/shear.git/internal/service/shortener.go:147.16,149.3 1 1
github.com/shulganew/shear.git/internal/service/shortener.go:151.2,154.16 3 0
github.com/shulganew/shear.git/internal/service/shortener.go:154.16,157.3 2 0
github.com/shulganew/shear.git/internal/service/shortener.go:158.2,158.31 1 0
github.com/shulganew/shear.git/internal/service/shortener.go:162.76,167.16 3 1
github.com/shulganew/shear.git/internal/service/shortener.go:167.16,170.3 2 0
github.com/shulganew/shear.git/internal/service/shortener.go:172.2,174.54 2 1
github.com/shulganew/shear.git/internal/service/shortener.go:178.82,183.16 3 1
github.com/shulganew/shear.git/internal/service/shortener.go:183.16,186.3 2 0
github.com/shulganew/shear.git/internal/service/shortener.go:188.2,189.16 2 1
github.com/shulganew/shear.git/internal/service/shortener.go:189.16,192.3 2 0
github.com/shulganew/shear.git/internal/service/shortener.go:194.2,197.8 4 1
github.com/shulganew/shear.git/internal/service/mocks/shortener_mock.gen.go:27.65,31.2 3 1
github.com/shulganew/shear.git/internal/service/mocks/shortener_mock.gen.go:34.63,36.2 1 1
github.com/shulganew/shear.git/internal/service/mocks/shortener_mock.gen.go:39.92,42.2 2 0
github.com/shulganew/shear.git/internal/service/mocks/shortener_mock.gen.go:45.98,48.2 2 0
github.com/shulganew/shear.git/internal/service/mocks/shortener_mock.gen.go:51.71,56.2 4 0
github.com/shulganew/shear.git/internal/service/mocks/shortener_mock.gen.go:59.76,62.2 2 0
github.com/shulganew/shear.git/internal/service/mocks/shortener_mock.gen.go:65.92,72.2 6 0
github.com/shulganew/shear.git/internal/service/mocks/shortener_mock.gen.go:75.86,78.2 2 0
github.com/shulganew/shear.git/internal/service/mocks/shortener_mock.gen.go:81.92,88.2 6 1
github.com/shulganew/shear.git/internal/service/mocks/shortener_mock.gen.go:91.86,94.2 2 1
github.com/shulganew/shear.git/internal/service/mocks/shortener_mock.gen.go:97.90,102.2 4 0
github.com/shulganew/shear.git/internal/service/mocks/shortener_mock.gen.go:105.88,108.2 2 0
github.com/shulganew/shear.git/internal/service/mocks/shortener_mock.gen.go:111.87,116.2 4 0
github.com/shulganew/shear.git/internal/service/mocks/shortener_mock.gen.go:119.96,122.2 2 0
github.com/shulganew/shear.git/internal/service/mocks/shortener_mock.gen.go:125.84,130.2 4 0
github.com/shulganew/shear.git/internal/service/mocks/shortener_mock.gen.go:133.83,136.2 2 0
github.com/shulganew/shear.git/internal/storage/db.go:20.62,24.2 3 0
github.com/shulganew/shear.git/internal/storage/db.go:26.78,28.16 2 0
github.com/shulganew/shear.git/internal/storage/db.go:28.16,32.72 2 0
github.com/shulganew/shear.git/internal/storage/db.go:32.72,35.54 1 0
github.com/shulganew/shear.git/internal/storage/db.go:35.54,38.35 1 0
github.com/shulganew/shear.git/internal/storage/db.go:38.35,41.6 2 0
github.com/shulganew/shear.git/internal/storage/db.go:43.5,44.53 2 0
github.com/shulganew/shear.git/internal/storage/db.go:49.3,49.27 1 0
github.com/shulganew/shear.git/internal/storage/db.go:49.27,53.4 1 0
github.com/shulganew/shear.git/internal/storage/db.go:54.3,54.13 1 0
github.com/shulganew/shear.git/internal/storage/db.go:56.2,56.12 1 0
github.com/shulganew/shear.git/internal/storage/db.go:59.108,65.16 4 0
github.com/shulganew/shear.git/internal/storage/db.go:65.16,66.27 1 0
github.com/shulganew/shear.git/internal/storage/db.go:66.27,68.4 1 0
github.com/shulganew/shear.git/internal/storage/db.go:69.3,69.13 1 0
github.com/shulganew/shear.git/internal/storage/db.go:72.2,72.44 1 0
github.com/shulganew/shear.git/internal/storage/db.go:75.107,81.16 4 0
github.com/shulganew/shear.git/internal/storage/db.go:81.16,82.27 1 0
github.com/shulganew/shear.git/internal/storage/db.go:82.27,84.4 1 0
github.com/shulganew/shear.git/internal/storage/db.go:85.3,85.13 1 0
github.com/shulganew/shear.git/internal/storage/db.go:88.2,88.43 1 0
github.com/shulganew/shear.git/internal/storage/db.go:91.62,93.16 2 0
github.com/shulganew/shear.git/internal/storage/db.go:93.16,94.13 1 0
github.com/shulganew/shear.git/internal/storage/db.go:97.2,100.18 3 0
github.com/shulganew/shear.git/internal/storage/db.go:100.18,103.17 3 0
github.com/shulganew/shear.git/internal/storage/db.go:103.17,104.14 1 0
github.com/shulganew/shear.git/internal/storage/db.go:107.3,107.33 1 0
github.com/shulganew/shear.git/internal/storage/db.go:110.2,111.16 2 0
github.com/shulganew/shear.git/internal/storage/db.go:111.16,112.13 1 0
github.com/shulganew/shear.git/internal/storage/db.go:115.2,115.15 1 0
github.com/shulganew/shear.git/internal/storage/db.go:118.81,120.16 2 0
github.com/shulganew/shear.git/internal/storage/db.go:120.16,121.13 1 0
github.com/shulganew/shear.git/internal/storage/db.go:123.2,126.18 3 0
github.com/shulganew/shear.git/internal/storage/db.go:126.18,129.17 3 0
github.com/shulganew/shear.git/internal/storage/db.go:129.17,130.14 1 0
github.com/shulganew/shear.git/internal/storage/db.go:133.3,133.33 1 0
github.com/shulganew/shear.git/internal/storage/db.go:135.2,136.16 2 0
github.com/shulganew/shear.git/internal/storage/db.go:136.16,137.13 1 0
github.com/shulganew/shear.git/internal/storage/db.go:139.2,139.15 1 0
github.com/shulganew/shear.git/internal/storage/db.go:142.76,145.16 2 0
github.com/shulganew/shear.git/internal/storage/db.go:145.16,146.13 1 0
github.com/shulganew/shear.git/internal/storage/db.go:149.2,150.16 2 0
github.com/shulganew/shear.git/internal/storage/db.go:150.16,151.13 1 0
github.com/shulganew/shear.git/internal/storage/db.go:154.2,154.31 1 0
github.com/shulganew/shear.git/internal/storage/db.go:154.31,156.17 2 0
github.com/shulganew/shear.git/internal/storage/db.go:156.17,159.73 2 0
github.com/shulganew/shear.git/internal/storage/db.go:159.73,161.61 1 0
github.com/shulganew/shear.git/internal/storage/db.go:161.61,164.6 1 0
github.com/shulganew/shear.git/internal/storage/db.go:166.4,167.14 2 0
github.com/shulganew/shear.git/internal/storage/db.go:171.2,172.16 2 0
github.com/shulganew/shear.git/internal/storage/db.go:172.16,173.13 1 0
github.com/shulganew/shear.git/internal/storage/db.go:175.2,175.12 1 0
github.com/shulganew/shear.git/internal/storage/db.go:178.83,182.24 3 0
github.com/shulganew/shear.git/internal/storage/db.go:182.24,184.3 1 0
github.com/shulganew/shear.git/internal/storage/db.go:186.2,192.16 3 0
github.com/shulganew/shear.git/internal/storage/db.go:192.16,193.13 1 0
github.com/shulganew/shear.git/internal/storage/db.go:197.67,203.16 4 0
github.com/shulganew/shear.git/internal/storage/db.go:203.16,204.13 1 0
github.com/shulganew/shear.git/internal/storage/db.go:206.2,207.18 2 0
github.com/shulganew/shear.git/internal/storage/db.go:210.75,213.16 3 0
github.com/shulganew/shear.git/internal/storage/db.go:213.16,214.13 1 0
github.com/shulganew/shear.git/internal/storage/db.go:220.70,222.16 2 0
github.com/shulganew/shear.git/internal/storage/db.go:222.16,224.3 1 0
github.com/shulganew/shear.git/internal/storage/db.go:225.2,225.8 1 0
github.com/shulganew/shear.git/internal/storage/db.go:228.50,236.2 5 0
github.com/shulganew/shear.git/internal/storage/errors.go:17.44,19.2 1 0
github.com/shulganew/shear.git/internal/storage/errors.go:21.44,23.2 1 0
github.com/shulganew/shear.git/internal/storage/errors.go:25.84,27.2 1 0
github.com/shulganew/shear.git/internal/storage/errors.go:36.46,38.2 1 0
github.com/shulganew/shear.git/internal/storage/errors.go:39.46,41.2 1 0
github.com/shulganew/shear.git/internal/storage/errors.go:43.106,45.2 1 0
github.com/shulganew/shear.git/internal/storage/memory.go:14.26,16.2 1 1
github.com/shulganew/shear.git/internal/storage/memory.go:18.85,23.2 3 1
github.com/shulganew/shear.git/internal/storage/memory.go:25.77,28.2 2 1
github.com/shulganew/shear.git/internal/storage/memory.go:30.109,31.66 1 1
github.com/shulganew/shear.git/internal/storage/memory.go:31.66,31.93 1 1
github.com/shulganew/shear.git/internal/storage/memory.go:32.2,32.14 1 1
github.com/shulganew/shear.git/internal/storage/memory.go:32.14,36.3 3 1
github.com/shulganew/shear.git/internal/storage/memory.go:37.2,37.8 1 1
github.com/shulganew/shear.git/internal/storage/memory.go:40.108,41.66 1 0
github.com/shulganew/shear.git/internal/storage/memory.go:41.66,41.95 1 0
github.com/shulganew/shear.git/internal/storage/memory.go:42.2,42.14 1 0
github.com/shulganew/shear.git/internal/storage/memory.go:42.14,46.3 3 0
github.com/shulganew/shear.git/internal/storage/memory.go:47.2,47.8 1 0
github.com/shulganew/shear.git/internal/storage/memory.go:51.63,53.2 1 0
github.com/shulganew/shear.git/internal/storage/memory.go:55.82,57.36 2 1
github.com/shulganew/shear.git/internal/storage/memory.go:57.36,59.17 2 1
github.com/shulganew/shear.git/internal/storage/memory.go:59.17,60.20 1 1
github.com/shulganew/shear.git/internal/storage/memory.go:60.20,62.5 1 1
github.com/shulganew/shear.git/internal/storage/memory.go:65.2,65.15 1 1
github.com/shulganew/shear.git/internal/storage/memory.go:68.84,69.31 1 0
github.com/shulganew/shear.git/internal/storage/memory.go:69.31,70.67 1 0
github.com/shulganew/shear.git/internal/storage/memory.go:70.67,70.121 1 0
github.com/shulganew/shear.git/internal/storage/memory.go:71.3,71.15 1 0
github.com/shulganew/shear.git/internal/storage/memory.go:71.15,73.4 1 0
github.com/shulganew/shear.git/internal/web/handlers/batch.go:21.82,24.2 1 1
github.com/shulganew/shear.git/internal/web/handlers/batch.go:26.77,29.16 2 1
github.com/shulganew/shear.git/internal/web/handlers/batch.go:29.16,31.3 1 0
github.com/shulganew/shear.git/internal/web/handlers/batch.go:33.2,34.68 2 1
github.com/shulganew/shear.git/internal/web/handlers/batch.go:34.68,38.3 3 0
github.com/shulganew/shear.git/internal/web/handlers/batch.go:40.2,42.29 3 1
github.com/shulganew/shear.git/internal/web/handlers/batch.go:42.29,45.17 2 1
github.com/shulganew/shear.git/internal/web/handlers/batch.go:45.17,47.4 1 0
github.com/shulganew/shear.git/internal/web/handlers/batch.go:49.3,56.17 5 1
github.com/shulganew/shear.git/internal/web/handlers/batch.go:56.17,58.4 1 0
github.com/shulganew/shear.git/internal/web/handlers/batch.go:59.3,60.41 2 1
github.com/shulganew/shear.git/internal/web/handlers/batch.go:64.2,68.16 3 1
github.com/shulganew/shear.git/internal/web/handlers/batch.go:68.16,69.30 1 0
github.com/shulganew/shear.git/internal/web/handlers/batch.go:69.30,77.18 6 0
github.com/shulganew/shear.git/internal/web/handlers/batch.go:77.18,79.5 1 0
github.com/shulganew/shear.git/internal/web/handlers/batch.go:82.4,85.10 4 0
github.com/shulganew/shear.git/internal/web/handlers/batch.go:89.2,90.16 2 1
github.com/shulganew/shear.git/internal/web/handlers/batch.go:90.16,92.3 1 0
github.com/shulganew/shear.git/internal/web/handlers/batch.go:94.2,99.22 4 1
github.com/shulganew/shear.git/internal/web/handlers/del.go:16.66,19.2 1 1
github.com/shulganew/shear.git/internal/web/handlers/del.go:22.77,25.27 2 1
github.com/shulganew/shear.git/internal/web/handlers/del.go:25.27,28.3 1 0
github.com/shulganew/shear.git/internal/web/handlers/del.go:30.2,33.16 3 1
github.com/shulganew/shear.git/internal/web/handlers/del.go:33.16,35.3 1 0
github.com/shulganew/shear.git/internal/web/handlers/del.go:37.2,39.16 3 1
github.com/shulganew/shear.git/internal/web/handlers/del.go:39.16,41.3 1 0
github.com/shulganew/shear.git/internal/web/handlers/del.go:44.2,51.28 4 1
github.com/shulganew/shear.git/internal/web/handlers/json.go:28.78,31.2 1 1
github.com/shulganew/shear.git/internal/web/handlers/json.go:33.75,37.67 2 1
github.com/shulganew/shear.git/internal/web/handlers/json.go:37.67,40.3 2 0
github.com/shulganew/shear.git/internal/web/handlers/json.go:42.2,43.16 2 1
github.com/shulganew/shear.git/internal/web/handlers/json.go:43.16,45.3 1 0
github.com/shulganew/shear.git/internal/web/handlers/json.go:46.2,51.16 4 1
github.com/shulganew/shear.git/internal/web/handlers/json.go:51.16,53.3 1 0
github.com/shulganew/shear.git/internal/web/handlers/json.go:56.2,61.16 3 1
github.com/shulganew/shear.git/internal/web/handlers/json.go:61.16,64.30 2 0
github.com/shulganew/shear.git/internal/web/handlers/json.go:64.30,68.18 2 0
github.com/shulganew/shear.git/internal/web/handlers/json.go:68.18,70.5 1 0
github.com/shulganew/shear.git/internal/web/handlers/json.go:73.4,75.18 3 0
github.com/shulganew/shear.git/internal/web/handlers/json.go:75.18,77.5 1 0
github.com/shulganew/shear.git/internal/web/handlers/json.go:78.4,83.10 4 0
github.com/shulganew/shear.git/internal/web/handlers/json.go:86.3,87.78 2 0
github.com/shulganew/shear.git/internal/web/handlers/json.go:90.2,93.16 3 1
github.com/shulganew/shear.git/internal/web/handlers/json.go:93.16,95.3 1 0
github.com/shulganew/shear.git/internal/web/handlers/json.go:96.2,101.20 3 1
github.com/shulganew/shear.git/internal/web/handlers/ping.go:14.30,17.2 1 0
github.com/shulganew/shear.git/internal/web/handlers/ping.go:20.65,24.56 2 0
github.com/shulganew/shear.git/internal/web/handlers/ping.go:24.56,27.3 2 0
github.com/shulganew/shear.git/internal/web/handlers/ping.go:27.8,29.3 1 0
github.com/shulganew/shear.git/internal/web/handlers/url.go:23.81,26.2 1 1
github.com/shulganew/shear.git/internal/web/handlers/url.go:29.73,39.11 5 1
github.com/shulganew/shear.git/internal/web/handlers/url.go:39.11,40.16 1 1
github.com/shulganew/shear.git/internal/web/handlers/url.go:40.16,44.4 2 1
github.com/shulganew/shear.git/internal/web/handlers/url.go:45.3,49.9 3 1
github.com/shulganew/shear.git/internal/web/handlers/url.go:52.2,52.38 1 0
github.com/shulganew/shear.git/internal/web/handlers/url.go:56.73,58.16 2 0
github.com/shulganew/shear.git/internal/web/handlers/url.go:58.16,60.3 1 0
github.com/shulganew/shear.git/internal/web/handlers/url.go:62.2,63.16 2 0
github.com/shulganew/shear.git/internal/web/handlers/url.go:63.16,65.3 1 0
github.com/shulganew/shear.git/internal/web/handlers/url.go:66.2,75.16 6 0
github.com/shulganew/shear.git/internal/web/handlers/url.go:75.16,77.3 1 0
github.com/shulganew/shear.git/internal/web/handlers/url.go:80.2,82.16 2 0
github.com/shulganew/shear.git/internal/web/handlers/url.go:82.16,84.30 2 0
github.com/shulganew/shear.git/internal/web/handlers/url.go:84.30,90.18 3 0
github.com/shulganew/shear.git/internal/web/handlers/url.go:90.18,92.5 1 0
github.com/shulganew/shear.git/internal/web/handlers/url.go:93.4,94.10 2 0
github.com/shulganew/shear.git/internal/web/handlers/url.go:97.3,98.78 2 0
github.com/shulganew/shear.git/internal/web/handlers/url.go:101.2,103.39 2 0
github.com/shulganew/shear.git/internal/web/handlers/usersurls.go:22.84,25.2 1 1
github.com/shulganew/shear.git/internal/web/handlers/usersurls.go:28.78,33.27 2 1
github.com/shulganew/shear.git/internal/web/handlers/usersurls.go:33.27,36.3 1 0
github.com/shulganew/shear.git/internal/web/handlers/usersurls.go:38.2,45.22 4 1
github.com/shulganew/shear.git/internal/web/handlers/usersurls.go:45.22,49.3 3 0
github.com/shulganew/shear.git/internal/web/handlers/usersurls.go:51.2,53.31 2 1
github.com/shulganew/shear.git/internal/web/handlers/usersurls.go:53.31,56.3 2 1
github.com/shulganew/shear.git/internal/web/handlers/usersurls.go:58.2,59.16 2 1
github.com/shulganew/shear.git/internal/web/handlers/usersurls.go:59.16,61.3 1 0
github.com/shulganew/shear.git/internal/web/handlers/usersurls.go:62.2,70.20 4 1
github.com/shulganew/shear.git/internal/web/middlewares/auth.go:13.40,14.75 1 1
github.com/shulganew/shear.git/internal/web/middlewares/auth.go:14.75,22.9 4 1
github.com/shulganew/shear.git/internal/web/middlewares/auth.go:22.9,28.35 3 0
github.com/shulganew/shear.git/internal/web/middlewares/auth.go:28.35,30.33 1 0
github.com/shulganew/shear.git/internal/web/middlewares/auth.go:30.33,32.6 1 0
github.com/shulganew/shear.git/internal/web/middlewares/auth.go:33.5,33.26 1 0
github.com/shulganew/shear.git/internal/web/middlewares/auth.go:36.9,40.18 2 1
github.com/shulganew/shear.git/internal/web/middlewares/auth.go:40.18,43.5 2 0
github.com/shulganew/shear.git/internal/web/middlewares/auth.go:46.4,47.18 2 1
github.com/shulganew/shear.git/internal/web/middlewares/auth.go:47.18,50.5 2 0
github.com/shulganew/shear.git/internal/web/middlewares/auth.go:52.4,62.20 7 1
github.com/shulganew/shear.git/internal/web/middlewares/auth.go:66.3,67.41 2 1
github.com/shulganew/shear.git/internal/web/middlewares/middlewgzip.go:19.50,21.2 1 0
github.com/shulganew/shear.git/internal/web/middlewares/middlewgzip.go:23.45,24.71 1 0
github.com/shulganew/shear.git/internal/web/middlewares/middlewgzip.go:24.71,32.65 4 0
github.com/shulganew/shear.git/internal/web/middlewares/middlewgzip.go:32.65,36.18 3 0
github.com/shulganew/shear.git/internal/web/middlewares/middlewgzip.go:36.18,40.5 3 0
github.com/shulganew/shear.git/internal/web/middlewares/middlewgzip.go:41.4,45.18 4 0
github.com/shulganew/shear.git/internal/web/middlewares/middlewgzip.go:45.18,49.5 3 0
github.com/shulganew/shear.git/internal/web/middlewares/middlewgzip.go:52.4,57.23 4 0
github.com/shulganew/shear.git/internal/web/middlewares/middlewgzip.go:61.3,61.65 1 0
github.com/shulganew/shear.git/internal/web/middlewares/middlewgzip.go:61.65,64.4 2 0
github.com/shulganew/shear.git/internal/web/middlewares/middlewgzip.go:67.3,68.17 2 0
github.com/shulganew/shear.git/internal/web/middlewares/middlewgzip.go:68.17,72.4 3 0
github.com/shulganew/shear.git/internal/web/middlewares/middlewgzip.go:73.3,84.4 5 0
github.com/shulganew/shear.git/internal/web/middlewares/middlewlog.go:24.62,29.2 4 0
github.com/shulganew/shear.git/internal/web/middlewares/middlewlog.go:31.61,34.48 3 0
github.com/shulganew/shear.git/internal/web/middlewares/middlewlog.go:34.48,36.3 1 0
github.com/shulganew/shear.git/internal/web/middlewares/middlewlog.go:45.45,46.71 1 0
github.com/shulganew/shear.git/internal/web/middlewares/middlewlog.go:46.71,76.58 9 0
github.com/shulganew/shear.git/internal/web/middlewares/middlewlog.go:76.58,78.4 1 0
github.com/shulganew/shear.git/internal/web/router/router.go:18.169,23.42 2 0
github.com/shulganew/shear.git/internal/web/router/router.go:23.42,24.72 1 0
github.com/shulganew/shear.git/internal/web/router/router.go:24.72,28.4 2 0
github.com/shulganew/shear.git/internal/web/router/router.go:31.2,31.34 1 0
github.com/shulganew/shear.git/internal/web/router/router.go:31.34,63.17 17 0
github.com/shulganew/shear.git/internal/web/router/router.go:63.17,71.4 6 0
github.com/shulganew/shear.git/internal/web/router/router.go:74.2,74.8 1 0
github.com/shulganew/shear.git/internal/web/validators/validatorurl.go:12.58,16.16 2 0
github.com/shulganew/shear.git/internal/web/validators/validatorurl.go:16.16,19.3 2 0
github.com/shulganew/shear.git/internal/web/validators/validatorurl.go:22.2,22.27 1 0
github.com/shulganew/shear.git/internal/web/validators/validatorurl.go:22.27,25.3 1 0
github.com/shulganew/shear.git/internal/web/validators/validatorurl.go:27.2,28.16 2 0
github.com/shulganew/shear.git/internal/web/validators/validatorurl.go:28.16,31.3 2 0
github.com/shulganew/shear.git/internal/web/validators/validatorurl.go:34.2,35.16 2 0
github.com/shulganew/shear.git/internal/web/validators/validatorurl.go:35.16,38.3 2 0
github.com/shulganew/shear.git/internal/web/validators/validatorurl.go:39.2,39.19 1 0
